<!DOCTYPE html>
<html>
  <head>
    <meta charset="utf-8"/>
    <title id="head-title">report.html</title>
      <link href="assets\style.css" rel="stylesheet" type="text/css"/>
  </head>
  <body>
    <h1 id="title">report.html</h1>
    <p>Report generated on 19-Nov-2025 at 11:48:07 by <a href="https://pypi.python.org/pypi/pytest-html">pytest-html</a>
        v4.1.1</p>
    <div id="environment-header">
      <h2>Environment</h2>
    </div>
    <table id="environment"></table>
    <!-- TEMPLATES -->
      <template id="template_environment_row">
      <tr>
        <td></td>
        <td></td>
      </tr>
    </template>
    <template id="template_results-table__body--empty">
      <tbody class="results-table-row">
        <tr id="not-found-message">
          <td colspan="4">No results found. Check the filters.</th>
        </tr>
    </template>
    <template id="template_results-table__tbody">
      <tbody class="results-table-row">
        <tr class="collapsible">
        </tr>
        <tr class="extras-row">
          <td class="extra" colspan="4">
            <div class="extraHTML"></div>
            <div class="media">
              <div class="media-container">
                  <div class="media-container__nav--left"><</div>
                  <div class="media-container__viewport">
                    <img src="" />
                    <video controls>
                      <source src="" type="video/mp4">
                    </video>
                  </div>
                  <div class="media-container__nav--right">></div>
                </div>
                <div class="media__name"></div>
                <div class="media__counter"></div>
            </div>
            <div class="logwrapper">
              <div class="logexpander"></div>
              <div class="log"></div>
            </div>
          </td>
        </tr>
      </tbody>
    </template>
    <!-- END TEMPLATES -->
    <div class="summary">
      <div class="summary__data">
        <h2>Summary</h2>
        <div class="additional-summary prefix">
        </div>
        <p class="run-count">19 tests took 298 ms.</p>
        <p class="filter">(Un)check the boxes to filter the results.</p>
        <div class="summary__reload">
          <div class="summary__reload__button hidden" onclick="location.reload()">
            <div>There are still tests running. <br />Reload this page to get the latest results!</div>
          </div>
        </div>
        <div class="summary__spacer"></div>
        <div class="controls">
          <div class="filters">
            <input checked="true" class="filter" name="filter_checkbox" type="checkbox" data-test-result="failed" />
            <span class="failed">1 Failed,</span>
            <input checked="true" class="filter" name="filter_checkbox" type="checkbox" data-test-result="passed" />
            <span class="passed">18 Passed,</span>
            <input checked="true" class="filter" name="filter_checkbox" type="checkbox" data-test-result="skipped" disabled/>
            <span class="skipped">0 Skipped,</span>
            <input checked="true" class="filter" name="filter_checkbox" type="checkbox" data-test-result="xfailed" disabled/>
            <span class="xfailed">0 Expected failures,</span>
            <input checked="true" class="filter" name="filter_checkbox" type="checkbox" data-test-result="xpassed" disabled/>
            <span class="xpassed">0 Unexpected passes,</span>
            <input checked="true" class="filter" name="filter_checkbox" type="checkbox" data-test-result="error" disabled/>
            <span class="error">0 Errors,</span>
            <input checked="true" class="filter" name="filter_checkbox" type="checkbox" data-test-result="rerun" disabled/>
            <span class="rerun">0 Reruns</span>
          </div>
          <div class="collapse">
            <button id="show_all_details">Show all details</button>&nbsp;/&nbsp;<button id="hide_all_details">Hide all details</button>
          </div>
        </div>
      </div>
      <div class="additional-summary summary">
      </div>
      <div class="additional-summary postfix">
      </div>
    </div>
    <table id="results-table">
      <thead id="results-table-head">
        <tr>
          <th class="sortable" data-column-type="result">Result</th>
          <th class="sortable" data-column-type="testId">Test</th>
          <th class="sortable" data-column-type="duration">Duration</th>
          <th>Links</th>
        </tr>
      </thead>
    </table>
  </body>
  <footer>
    <div id="data-container" data-jsonblob="{&#34;environment&#34;: {&#34;Python&#34;: &#34;3.12.4&#34;, &#34;Platform&#34;: &#34;Windows-11-10.0.26100-SP0&#34;, &#34;Packages&#34;: {&#34;pytest&#34;: &#34;8.3.5&#34;, &#34;pluggy&#34;: &#34;1.6.0&#34;}, &#34;Plugins&#34;: {&#34;cov&#34;: &#34;6.1.1&#34;, &#34;html&#34;: &#34;4.1.1&#34;, &#34;metadata&#34;: &#34;3.1.1&#34;}}, &#34;tests&#34;: {&#34;tests/test_keywords.py::Test_Keywords::test_BITPIX&#34;: [{&#34;extras&#34;: [], &#34;result&#34;: &#34;Passed&#34;, &#34;testId&#34;: &#34;tests/test_keywords.py::Test_Keywords::test_BITPIX&#34;, &#34;duration&#34;: &#34;31 ms&#34;, &#34;resultsTableRow&#34;: [&#34;&lt;td class=\&#34;col-result\&#34;&gt;Passed&lt;/td&gt;&#34;, &#34;&lt;td class=\&#34;col-testId\&#34;&gt;tests/test_keywords.py::Test_Keywords::test_BITPIX&lt;/td&gt;&#34;, &#34;&lt;td class=\&#34;col-duration\&#34;&gt;31 ms&lt;/td&gt;&#34;, &#34;&lt;td class=\&#34;col-links\&#34;&gt;&lt;/td&gt;&#34;], &#34;log&#34;: &#34;No log output captured.&#34;}], &#34;tests/test_keywords.py::Test_Keywords::test_BSCALE&#34;: [{&#34;extras&#34;: [], &#34;result&#34;: &#34;Passed&#34;, &#34;testId&#34;: &#34;tests/test_keywords.py::Test_Keywords::test_BSCALE&#34;, &#34;duration&#34;: &#34;2 ms&#34;, &#34;resultsTableRow&#34;: [&#34;&lt;td class=\&#34;col-result\&#34;&gt;Passed&lt;/td&gt;&#34;, &#34;&lt;td class=\&#34;col-testId\&#34;&gt;tests/test_keywords.py::Test_Keywords::test_BSCALE&lt;/td&gt;&#34;, &#34;&lt;td class=\&#34;col-duration\&#34;&gt;2 ms&lt;/td&gt;&#34;, &#34;&lt;td class=\&#34;col-links\&#34;&gt;&lt;/td&gt;&#34;], &#34;log&#34;: &#34;No log output captured.&#34;}], &#34;tests/test_keywords.py::Test_Keywords::test_BZERO&#34;: [{&#34;extras&#34;: [], &#34;result&#34;: &#34;Passed&#34;, &#34;testId&#34;: &#34;tests/test_keywords.py::Test_Keywords::test_BZERO&#34;, &#34;duration&#34;: &#34;1 ms&#34;, &#34;resultsTableRow&#34;: [&#34;&lt;td class=\&#34;col-result\&#34;&gt;Passed&lt;/td&gt;&#34;, &#34;&lt;td class=\&#34;col-testId\&#34;&gt;tests/test_keywords.py::Test_Keywords::test_BZERO&lt;/td&gt;&#34;, &#34;&lt;td class=\&#34;col-duration\&#34;&gt;1 ms&lt;/td&gt;&#34;, &#34;&lt;td class=\&#34;col-links\&#34;&gt;&lt;/td&gt;&#34;], &#34;log&#34;: &#34;No log output captured.&#34;}], &#34;tests/test_keywords.py::Test_Keywords::test_NAXIS&#34;: [{&#34;extras&#34;: [], &#34;result&#34;: &#34;Passed&#34;, &#34;testId&#34;: &#34;tests/test_keywords.py::Test_Keywords::test_NAXIS&#34;, &#34;duration&#34;: &#34;1 ms&#34;, &#34;resultsTableRow&#34;: [&#34;&lt;td class=\&#34;col-result\&#34;&gt;Passed&lt;/td&gt;&#34;, &#34;&lt;td class=\&#34;col-testId\&#34;&gt;tests/test_keywords.py::Test_Keywords::test_NAXIS&lt;/td&gt;&#34;, &#34;&lt;td class=\&#34;col-duration\&#34;&gt;1 ms&lt;/td&gt;&#34;, &#34;&lt;td class=\&#34;col-links\&#34;&gt;&lt;/td&gt;&#34;], &#34;log&#34;: &#34;No log output captured.&#34;}], &#34;tests/test_keywords.py::Test_Keywords::test_WPPOS&#34;: [{&#34;extras&#34;: [], &#34;result&#34;: &#34;Passed&#34;, &#34;testId&#34;: &#34;tests/test_keywords.py::Test_Keywords::test_WPPOS&#34;, &#34;duration&#34;: &#34;2 ms&#34;, &#34;resultsTableRow&#34;: [&#34;&lt;td class=\&#34;col-result\&#34;&gt;Passed&lt;/td&gt;&#34;, &#34;&lt;td class=\&#34;col-testId\&#34;&gt;tests/test_keywords.py::Test_Keywords::test_WPPOS&lt;/td&gt;&#34;, &#34;&lt;td class=\&#34;col-duration\&#34;&gt;2 ms&lt;/td&gt;&#34;, &#34;&lt;td class=\&#34;col-links\&#34;&gt;&lt;/td&gt;&#34;], &#34;log&#34;: &#34;No log output captured.&#34;}], &#34;tests/test_keywords.py::Test_Keywords::test_ccd_gain&#34;: [{&#34;extras&#34;: [], &#34;result&#34;: &#34;Passed&#34;, &#34;testId&#34;: &#34;tests/test_keywords.py::Test_Keywords::test_ccd_gain&#34;, &#34;duration&#34;: &#34;13 ms&#34;, &#34;resultsTableRow&#34;: [&#34;&lt;td class=\&#34;col-result\&#34;&gt;Passed&lt;/td&gt;&#34;, &#34;&lt;td class=\&#34;col-testId\&#34;&gt;tests/test_keywords.py::Test_Keywords::test_ccd_gain&lt;/td&gt;&#34;, &#34;&lt;td class=\&#34;col-duration\&#34;&gt;13 ms&lt;/td&gt;&#34;, &#34;&lt;td class=\&#34;col-links\&#34;&gt;&lt;/td&gt;&#34;], &#34;log&#34;: &#34;No log output captured.&#34;}], &#34;tests/test_keywords.py::Test_Keywords::test_comment_kw&#34;: [{&#34;extras&#34;: [], &#34;result&#34;: &#34;Passed&#34;, &#34;testId&#34;: &#34;tests/test_keywords.py::Test_Keywords::test_comment_kw&#34;, &#34;duration&#34;: &#34;1 ms&#34;, &#34;resultsTableRow&#34;: [&#34;&lt;td class=\&#34;col-result\&#34;&gt;Passed&lt;/td&gt;&#34;, &#34;&lt;td class=\&#34;col-testId\&#34;&gt;tests/test_keywords.py::Test_Keywords::test_comment_kw&lt;/td&gt;&#34;, &#34;&lt;td class=\&#34;col-duration\&#34;&gt;1 ms&lt;/td&gt;&#34;, &#34;&lt;td class=\&#34;col-links\&#34;&gt;&lt;/td&gt;&#34;], &#34;log&#34;: &#34;No log output captured.&#34;}], &#34;tests/test_keywords.py::Test_Keywords::test_empty_observer_kw&#34;: [{&#34;extras&#34;: [], &#34;result&#34;: &#34;Passed&#34;, &#34;testId&#34;: &#34;tests/test_keywords.py::Test_Keywords::test_empty_observer_kw&#34;, &#34;duration&#34;: &#34;1 ms&#34;, &#34;resultsTableRow&#34;: [&#34;&lt;td class=\&#34;col-result\&#34;&gt;Passed&lt;/td&gt;&#34;, &#34;&lt;td class=\&#34;col-testId\&#34;&gt;tests/test_keywords.py::Test_Keywords::test_empty_observer_kw&lt;/td&gt;&#34;, &#34;&lt;td class=\&#34;col-duration\&#34;&gt;1 ms&lt;/td&gt;&#34;, &#34;&lt;td class=\&#34;col-links\&#34;&gt;&lt;/td&gt;&#34;], &#34;log&#34;: &#34;No log output captured.&#34;}], &#34;tests/test_keywords.py::Test_Keywords::test_equinox&#34;: [{&#34;extras&#34;: [], &#34;result&#34;: &#34;Passed&#34;, &#34;testId&#34;: &#34;tests/test_keywords.py::Test_Keywords::test_equinox&#34;, &#34;duration&#34;: &#34;2 ms&#34;, &#34;resultsTableRow&#34;: [&#34;&lt;td class=\&#34;col-result\&#34;&gt;Passed&lt;/td&gt;&#34;, &#34;&lt;td class=\&#34;col-testId\&#34;&gt;tests/test_keywords.py::Test_Keywords::test_equinox&lt;/td&gt;&#34;, &#34;&lt;td class=\&#34;col-duration\&#34;&gt;2 ms&lt;/td&gt;&#34;, &#34;&lt;td class=\&#34;col-links\&#34;&gt;&lt;/td&gt;&#34;], &#34;log&#34;: &#34;No log output captured.&#34;}], &#34;tests/test_keywords.py::Test_Keywords::test_keywords_types&#34;: [{&#34;extras&#34;: [], &#34;result&#34;: &#34;Passed&#34;, &#34;testId&#34;: &#34;tests/test_keywords.py::Test_Keywords::test_keywords_types&#34;, &#34;duration&#34;: &#34;143 ms&#34;, &#34;resultsTableRow&#34;: [&#34;&lt;td class=\&#34;col-result\&#34;&gt;Passed&lt;/td&gt;&#34;, &#34;&lt;td class=\&#34;col-testId\&#34;&gt;tests/test_keywords.py::Test_Keywords::test_keywords_types&lt;/td&gt;&#34;, &#34;&lt;td class=\&#34;col-duration\&#34;&gt;143 ms&lt;/td&gt;&#34;, &#34;&lt;td class=\&#34;col-links\&#34;&gt;&lt;/td&gt;&#34;], &#34;log&#34;: &#34;------------------------------ Captured log call -------------------------------\n2025-11-19 11:48:07 [ERROR] Test: test_keywords_types, filename: 20240428_s4c2_000014_dflat.fits, KeyError(&amp;quot;Keyword &amp;#x27;WPSELPO&amp;#x27; not found.&amp;quot;)\n2025-11-19 11:48:07 [ERROR] Test: test_keywords_types, filename: 20240428_s4c2_000014_dflat.fits, KeyError(&amp;quot;Keyword &amp;#x27;WPANG&amp;#x27; not found.&amp;quot;)\n2025-11-19 11:48:07 [ERROR] Test: test_keywords_types, filename: 20240428_s4c2_000014_dflat.fits, KeyError(&amp;quot;Keyword &amp;#x27;CALWANG&amp;#x27; not found.&amp;quot;)\n2025-11-19 11:48:07 [ERROR] Test: test_keywords_types, filename: 20240428_s4c2_000014_dflat.fits, KeyError(&amp;quot;Keyword &amp;#x27;ANALANG&amp;#x27; not found.&amp;quot;)\n2025-11-19 11:48:07 [ERROR] Test: test_keywords_types, filename: 20240428_s4c2_000014_dflat.fits, KeyError(&amp;quot;Keyword &amp;#x27;ACQERROR&amp;#x27; not found.&amp;quot;)\n2025-11-19 11:48:07 [ERROR] Test: test_keywords_types, filename: 20240428_s4c2_000015_dflat.fits, KeyError(&amp;quot;Keyword &amp;#x27;WPSELPO&amp;#x27; not found.&amp;quot;)\n2025-11-19 11:48:07 [ERROR] Test: test_keywords_types, filename: 20240428_s4c2_000015_dflat.fits, KeyError(&amp;quot;Keyword &amp;#x27;WPANG&amp;#x27; not found.&amp;quot;)\n2025-11-19 11:48:07 [ERROR] Test: test_keywords_types, filename: 20240428_s4c2_000015_dflat.fits, KeyError(&amp;quot;Keyword &amp;#x27;CALWANG&amp;#x27; not found.&amp;quot;)\n2025-11-19 11:48:07 [ERROR] Test: test_keywords_types, filename: 20240428_s4c2_000015_dflat.fits, KeyError(&amp;quot;Keyword &amp;#x27;ANALANG&amp;#x27; not found.&amp;quot;)\n2025-11-19 11:48:07 [ERROR] Test: test_keywords_types, filename: 20240428_s4c2_000015_dflat.fits, KeyError(&amp;quot;Keyword &amp;#x27;ACQERROR&amp;#x27; not found.&amp;quot;)\n2025-11-19 11:48:07 [ERROR] Test: test_keywords_types, filename: 20240428_s4c2_000016_dflat.fits, KeyError(&amp;quot;Keyword &amp;#x27;WPSELPO&amp;#x27; not found.&amp;quot;)\n2025-11-19 11:48:07 [ERROR] Test: test_keywords_types, filename: 20240428_s4c2_000016_dflat.fits, KeyError(&amp;quot;Keyword &amp;#x27;WPANG&amp;#x27; not found.&amp;quot;)\n2025-11-19 11:48:07 [ERROR] Test: test_keywords_types, filename: 20240428_s4c2_000016_dflat.fits, KeyError(&amp;quot;Keyword &amp;#x27;CALWANG&amp;#x27; not found.&amp;quot;)\n2025-11-19 11:48:07 [ERROR] Test: test_keywords_types, filename: 20240428_s4c2_000016_dflat.fits, KeyError(&amp;quot;Keyword &amp;#x27;ANALANG&amp;#x27; not found.&amp;quot;)\n2025-11-19 11:48:07 [ERROR] Test: test_keywords_types, filename: 20240428_s4c2_000016_dflat.fits, KeyError(&amp;quot;Keyword &amp;#x27;ACQERROR&amp;#x27; not found.&amp;quot;)\n2025-11-19 11:48:07 [ERROR] Test: test_keywords_types, filename: 20240428_s4c2_000017_dflat.fits, KeyError(&amp;quot;Keyword &amp;#x27;WPSELPO&amp;#x27; not found.&amp;quot;)\n2025-11-19 11:48:07 [ERROR] Test: test_keywords_types, filename: 20240428_s4c2_000017_dflat.fits, KeyError(&amp;quot;Keyword &amp;#x27;WPANG&amp;#x27; not found.&amp;quot;)\n2025-11-19 11:48:07 [ERROR] Test: test_keywords_types, filename: 20240428_s4c2_000017_dflat.fits, KeyError(&amp;quot;Keyword &amp;#x27;CALWANG&amp;#x27; not found.&amp;quot;)\n2025-11-19 11:48:07 [ERROR] Test: test_keywords_types, filename: 20240428_s4c2_000017_dflat.fits, KeyError(&amp;quot;Keyword &amp;#x27;ANALANG&amp;#x27; not found.&amp;quot;)\n2025-11-19 11:48:07 [ERROR] Test: test_keywords_types, filename: 20240428_s4c2_000017_dflat.fits, KeyError(&amp;quot;Keyword &amp;#x27;ACQERROR&amp;#x27; not found.&amp;quot;)\n2025-11-19 11:48:07 [ERROR] Test: test_keywords_types, filename: 20240428_s4c2_000018_dflat.fits, KeyError(&amp;quot;Keyword &amp;#x27;WPSELPO&amp;#x27; not found.&amp;quot;)\n2025-11-19 11:48:07 [ERROR] Test: test_keywords_types, filename: 20240428_s4c2_000018_dflat.fits, KeyError(&amp;quot;Keyword &amp;#x27;WPANG&amp;#x27; not found.&amp;quot;)\n2025-11-19 11:48:07 [ERROR] Test: test_keywords_types, filename: 20240428_s4c2_000018_dflat.fits, KeyError(&amp;quot;Keyword &amp;#x27;CALWANG&amp;#x27; not found.&amp;quot;)\n2025-11-19 11:48:07 [ERROR] Test: test_keywords_types, filename: 20240428_s4c2_000018_dflat.fits, KeyError(&amp;quot;Keyword &amp;#x27;ANALANG&amp;#x27; not found.&amp;quot;)\n2025-11-19 11:48:07 [ERROR] Test: test_keywords_types, filename: 20240428_s4c2_000018_dflat.fits, KeyError(&amp;quot;Keyword &amp;#x27;ACQERROR&amp;#x27; not found.&amp;quot;)\n2025-11-19 11:48:07 [ERROR] Test: test_keywords_types, filename: 20240428_s4c2_000654_zero.fits, KeyError(&amp;quot;Keyword &amp;#x27;WPSELPO&amp;#x27; not found.&amp;quot;)\n2025-11-19 11:48:07 [ERROR] Test: test_keywords_types, filename: 20240428_s4c2_000654_zero.fits, keyword WPPOS is not an instance of &amp;lt;class &amp;#x27;int&amp;#x27;&amp;gt;: an &amp;lt;class &amp;#x27;str&amp;#x27;&amp;gt; was found.\n2025-11-19 11:48:07 [ERROR] Test: test_keywords_types, filename: 20240428_s4c2_000654_zero.fits, KeyError(&amp;quot;Keyword &amp;#x27;WPANG&amp;#x27; not found.&amp;quot;)\n2025-11-19 11:48:07 [ERROR] Test: test_keywords_types, filename: 20240428_s4c2_000654_zero.fits, KeyError(&amp;quot;Keyword &amp;#x27;CALWANG&amp;#x27; not found.&amp;quot;)\n2025-11-19 11:48:07 [ERROR] Test: test_keywords_types, filename: 20240428_s4c2_000654_zero.fits, KeyError(&amp;quot;Keyword &amp;#x27;ANALANG&amp;#x27; not found.&amp;quot;)\n2025-11-19 11:48:07 [ERROR] Test: test_keywords_types, filename: 20240428_s4c2_000654_zero.fits, KeyError(&amp;quot;Keyword &amp;#x27;ACQERROR&amp;#x27; not found.&amp;quot;)\n2025-11-19 11:48:07 [ERROR] Test: test_keywords_types, filename: 20240428_s4c2_000655_zero.fits, KeyError(&amp;quot;Keyword &amp;#x27;WPSELPO&amp;#x27; not found.&amp;quot;)\n2025-11-19 11:48:07 [ERROR] Test: test_keywords_types, filename: 20240428_s4c2_000655_zero.fits, keyword WPPOS is not an instance of &amp;lt;class &amp;#x27;int&amp;#x27;&amp;gt;: an &amp;lt;class &amp;#x27;str&amp;#x27;&amp;gt; was found.\n2025-11-19 11:48:07 [ERROR] Test: test_keywords_types, filename: 20240428_s4c2_000655_zero.fits, KeyError(&amp;quot;Keyword &amp;#x27;WPANG&amp;#x27; not found.&amp;quot;)\n2025-11-19 11:48:07 [ERROR] Test: test_keywords_types, filename: 20240428_s4c2_000655_zero.fits, KeyError(&amp;quot;Keyword &amp;#x27;CALWANG&amp;#x27; not found.&amp;quot;)\n2025-11-19 11:48:07 [ERROR] Test: test_keywords_types, filename: 20240428_s4c2_000655_zero.fits, KeyError(&amp;quot;Keyword &amp;#x27;ANALANG&amp;#x27; not found.&amp;quot;)\n2025-11-19 11:48:07 [ERROR] Test: test_keywords_types, filename: 20240428_s4c2_000655_zero.fits, KeyError(&amp;quot;Keyword &amp;#x27;ACQERROR&amp;#x27; not found.&amp;quot;)\n2025-11-19 11:48:07 [ERROR] Test: test_keywords_types, filename: 20240428_s4c2_000656_zero.fits, KeyError(&amp;quot;Keyword &amp;#x27;WPSELPO&amp;#x27; not found.&amp;quot;)\n2025-11-19 11:48:07 [ERROR] Test: test_keywords_types, filename: 20240428_s4c2_000656_zero.fits, keyword WPPOS is not an instance of &amp;lt;class &amp;#x27;int&amp;#x27;&amp;gt;: an &amp;lt;class &amp;#x27;str&amp;#x27;&amp;gt; was found.\n2025-11-19 11:48:07 [ERROR] Test: test_keywords_types, filename: 20240428_s4c2_000656_zero.fits, KeyError(&amp;quot;Keyword &amp;#x27;WPANG&amp;#x27; not found.&amp;quot;)\n2025-11-19 11:48:07 [ERROR] Test: test_keywords_types, filename: 20240428_s4c2_000656_zero.fits, KeyError(&amp;quot;Keyword &amp;#x27;CALWANG&amp;#x27; not found.&amp;quot;)\n2025-11-19 11:48:07 [ERROR] Test: test_keywords_types, filename: 20240428_s4c2_000656_zero.fits, KeyError(&amp;quot;Keyword &amp;#x27;ANALANG&amp;#x27; not found.&amp;quot;)\n2025-11-19 11:48:07 [ERROR] Test: test_keywords_types, filename: 20240428_s4c2_000656_zero.fits, KeyError(&amp;quot;Keyword &amp;#x27;ACQERROR&amp;#x27; not found.&amp;quot;)\n2025-11-19 11:48:07 [ERROR] Test: test_keywords_types, filename: 20240428_s4c2_000657_zero.fits, KeyError(&amp;quot;Keyword &amp;#x27;WPSELPO&amp;#x27; not found.&amp;quot;)\n2025-11-19 11:48:07 [ERROR] Test: test_keywords_types, filename: 20240428_s4c2_000657_zero.fits, keyword WPPOS is not an instance of &amp;lt;class &amp;#x27;int&amp;#x27;&amp;gt;: an &amp;lt;class &amp;#x27;str&amp;#x27;&amp;gt; was found.\n2025-11-19 11:48:07 [ERROR] Test: test_keywords_types, filename: 20240428_s4c2_000657_zero.fits, KeyError(&amp;quot;Keyword &amp;#x27;WPANG&amp;#x27; not found.&amp;quot;)\n2025-11-19 11:48:07 [ERROR] Test: test_keywords_types, filename: 20240428_s4c2_000657_zero.fits, KeyError(&amp;quot;Keyword &amp;#x27;CALWANG&amp;#x27; not found.&amp;quot;)\n2025-11-19 11:48:07 [ERROR] Test: test_keywords_types, filename: 20240428_s4c2_000657_zero.fits, KeyError(&amp;quot;Keyword &amp;#x27;ANALANG&amp;#x27; not found.&amp;quot;)\n2025-11-19 11:48:07 [ERROR] Test: test_keywords_types, filename: 20240428_s4c2_000657_zero.fits, KeyError(&amp;quot;Keyword &amp;#x27;ACQERROR&amp;#x27; not found.&amp;quot;)\n2025-11-19 11:48:07 [ERROR] Test: test_keywords_types, filename: 20240428_s4c2_000658_zero.fits, KeyError(&amp;quot;Keyword &amp;#x27;WPSELPO&amp;#x27; not found.&amp;quot;)\n2025-11-19 11:48:07 [ERROR] Test: test_keywords_types, filename: 20240428_s4c2_000658_zero.fits, keyword WPPOS is not an instance of &amp;lt;class &amp;#x27;int&amp;#x27;&amp;gt;: an &amp;lt;class &amp;#x27;str&amp;#x27;&amp;gt; was found.\n2025-11-19 11:48:07 [ERROR] Test: test_keywords_types, filename: 20240428_s4c2_000658_zero.fits, KeyError(&amp;quot;Keyword &amp;#x27;WPANG&amp;#x27; not found.&amp;quot;)\n2025-11-19 11:48:07 [ERROR] Test: test_keywords_types, filename: 20240428_s4c2_000658_zero.fits, KeyError(&amp;quot;Keyword &amp;#x27;CALWANG&amp;#x27; not found.&amp;quot;)\n2025-11-19 11:48:07 [ERROR] Test: test_keywords_types, filename: 20240428_s4c2_000658_zero.fits, KeyError(&amp;quot;Keyword &amp;#x27;ANALANG&amp;#x27; not found.&amp;quot;)\n2025-11-19 11:48:07 [ERROR] Test: test_keywords_types, filename: 20240428_s4c2_000658_zero.fits, KeyError(&amp;quot;Keyword &amp;#x27;ACQERROR&amp;#x27; not found.&amp;quot;)\n2025-11-19 11:48:07 [ERROR] Test: test_keywords_types, filename: 20240428_s4c2_001379_dc2fast.fits, keyword BSCALE is not an instance of &amp;lt;class &amp;#x27;int&amp;#x27;&amp;gt;: an &amp;lt;class &amp;#x27;float&amp;#x27;&amp;gt; was found.\n2025-11-19 11:48:07 [ERROR] Test: test_keywords_types, filename: 20240428_s4c2_001379_dc2fast.fits, keyword BZERO is not an instance of &amp;lt;class &amp;#x27;int&amp;#x27;&amp;gt;: an &amp;lt;class &amp;#x27;float&amp;#x27;&amp;gt; was found.\n2025-11-19 11:48:07 [ERROR] Test: test_keywords_types, filename: 20240428_s4c2_001379_dc2fast.fits, KeyError(&amp;quot;Keyword &amp;#x27;WPSELPO&amp;#x27; not found.&amp;quot;)\n2025-11-19 11:48:07 [ERROR] Test: test_keywords_types, filename: 20240428_s4c2_001379_dc2fast.fits, KeyError(&amp;quot;Keyword &amp;#x27;WPANG&amp;#x27; not found.&amp;quot;)\n2025-11-19 11:48:07 [ERROR] Test: test_keywords_types, filename: 20240428_s4c2_001379_dc2fast.fits, KeyError(&amp;quot;Keyword &amp;#x27;CALWANG&amp;#x27; not found.&amp;quot;)\n2025-11-19 11:48:07 [ERROR] Test: test_keywords_types, filename: 20240428_s4c2_001379_dc2fast.fits, KeyError(&amp;quot;Keyword &amp;#x27;ANALANG&amp;#x27; not found.&amp;quot;)\n2025-11-19 11:48:07 [ERROR] Test: test_keywords_types, filename: 20240428_s4c2_001379_dc2fast.fits, KeyError(&amp;quot;Keyword &amp;#x27;ACQERROR&amp;#x27; not found.&amp;quot;)\n2025-11-19 11:48:07 [ERROR] Test: test_keywords_types, filename: 20240428_s4c2_001380_dc2fast.fits, keyword BSCALE is not an instance of &amp;lt;class &amp;#x27;int&amp;#x27;&amp;gt;: an &amp;lt;class &amp;#x27;float&amp;#x27;&amp;gt; was found.\n2025-11-19 11:48:07 [ERROR] Test: test_keywords_types, filename: 20240428_s4c2_001380_dc2fast.fits, keyword BZERO is not an instance of &amp;lt;class &amp;#x27;int&amp;#x27;&amp;gt;: an &amp;lt;class &amp;#x27;float&amp;#x27;&amp;gt; was found.\n2025-11-19 11:48:07 [ERROR] Test: test_keywords_types, filename: 20240428_s4c2_001380_dc2fast.fits, KeyError(&amp;quot;Keyword &amp;#x27;WPSELPO&amp;#x27; not found.&amp;quot;)\n2025-11-19 11:48:07 [ERROR] Test: test_keywords_types, filename: 20240428_s4c2_001380_dc2fast.fits, KeyError(&amp;quot;Keyword &amp;#x27;WPANG&amp;#x27; not found.&amp;quot;)\n2025-11-19 11:48:07 [ERROR] Test: test_keywords_types, filename: 20240428_s4c2_001380_dc2fast.fits, KeyError(&amp;quot;Keyword &amp;#x27;CALWANG&amp;#x27; not found.&amp;quot;)\n2025-11-19 11:48:07 [ERROR] Test: test_keywords_types, filename: 20240428_s4c2_001380_dc2fast.fits, KeyError(&amp;quot;Keyword &amp;#x27;ANALANG&amp;#x27; not found.&amp;quot;)\n2025-11-19 11:48:07 [ERROR] Test: test_keywords_types, filename: 20240428_s4c2_001380_dc2fast.fits, KeyError(&amp;quot;Keyword &amp;#x27;ACQERROR&amp;#x27; not found.&amp;quot;)\n2025-11-19 11:48:07 [ERROR] Test: test_keywords_types, filename: 20240428_s4c2_001381_dc2fast.fits, keyword BSCALE is not an instance of &amp;lt;class &amp;#x27;int&amp;#x27;&amp;gt;: an &amp;lt;class &amp;#x27;float&amp;#x27;&amp;gt; was found.\n2025-11-19 11:48:07 [ERROR] Test: test_keywords_types, filename: 20240428_s4c2_001381_dc2fast.fits, keyword BZERO is not an instance of &amp;lt;class &amp;#x27;int&amp;#x27;&amp;gt;: an &amp;lt;class &amp;#x27;float&amp;#x27;&amp;gt; was found.\n2025-11-19 11:48:07 [ERROR] Test: test_keywords_types, filename: 20240428_s4c2_001381_dc2fast.fits, KeyError(&amp;quot;Keyword &amp;#x27;WPSELPO&amp;#x27; not found.&amp;quot;)\n2025-11-19 11:48:07 [ERROR] Test: test_keywords_types, filename: 20240428_s4c2_001381_dc2fast.fits, KeyError(&amp;quot;Keyword &amp;#x27;WPANG&amp;#x27; not found.&amp;quot;)\n2025-11-19 11:48:07 [ERROR] Test: test_keywords_types, filename: 20240428_s4c2_001381_dc2fast.fits, KeyError(&amp;quot;Keyword &amp;#x27;CALWANG&amp;#x27; not found.&amp;quot;)\n2025-11-19 11:48:07 [ERROR] Test: test_keywords_types, filename: 20240428_s4c2_001381_dc2fast.fits, KeyError(&amp;quot;Keyword &amp;#x27;ANALANG&amp;#x27; not found.&amp;quot;)\n2025-11-19 11:48:07 [ERROR] Test: test_keywords_types, filename: 20240428_s4c2_001381_dc2fast.fits, KeyError(&amp;quot;Keyword &amp;#x27;ACQERROR&amp;#x27; not found.&amp;quot;)\n2025-11-19 11:48:07 [ERROR] Test: test_keywords_types, filename: 20240428_s4c2_001382_dc2fast.fits, keyword BSCALE is not an instance of &amp;lt;class &amp;#x27;int&amp;#x27;&amp;gt;: an &amp;lt;class &amp;#x27;float&amp;#x27;&amp;gt; was found.\n2025-11-19 11:48:07 [ERROR] Test: test_keywords_types, filename: 20240428_s4c2_001382_dc2fast.fits, keyword BZERO is not an instance of &amp;lt;class &amp;#x27;int&amp;#x27;&amp;gt;: an &amp;lt;class &amp;#x27;float&amp;#x27;&amp;gt; was found.\n2025-11-19 11:48:07 [ERROR] Test: test_keywords_types, filename: 20240428_s4c2_001382_dc2fast.fits, KeyError(&amp;quot;Keyword &amp;#x27;WPSELPO&amp;#x27; not found.&amp;quot;)\n2025-11-19 11:48:07 [ERROR] Test: test_keywords_types, filename: 20240428_s4c2_001382_dc2fast.fits, KeyError(&amp;quot;Keyword &amp;#x27;WPANG&amp;#x27; not found.&amp;quot;)\n2025-11-19 11:48:07 [ERROR] Test: test_keywords_types, filename: 20240428_s4c2_001382_dc2fast.fits, KeyError(&amp;quot;Keyword &amp;#x27;CALWANG&amp;#x27; not found.&amp;quot;)\n2025-11-19 11:48:07 [ERROR] Test: test_keywords_types, filename: 20240428_s4c2_001382_dc2fast.fits, KeyError(&amp;quot;Keyword &amp;#x27;ANALANG&amp;#x27; not found.&amp;quot;)\n2025-11-19 11:48:07 [ERROR] Test: test_keywords_types, filename: 20240428_s4c2_001382_dc2fast.fits, KeyError(&amp;quot;Keyword &amp;#x27;ACQERROR&amp;#x27; not found.&amp;quot;)\n2025-11-19 11:48:07 [ERROR] Test: test_keywords_types, filename: 20240428_s4c2_001383_dc2fast.fits, keyword BSCALE is not an instance of &amp;lt;class &amp;#x27;int&amp;#x27;&amp;gt;: an &amp;lt;class &amp;#x27;float&amp;#x27;&amp;gt; was found.\n2025-11-19 11:48:07 [ERROR] Test: test_keywords_types, filename: 20240428_s4c2_001383_dc2fast.fits, keyword BZERO is not an instance of &amp;lt;class &amp;#x27;int&amp;#x27;&amp;gt;: an &amp;lt;class &amp;#x27;float&amp;#x27;&amp;gt; was found.\n2025-11-19 11:48:07 [ERROR] Test: test_keywords_types, filename: 20240428_s4c2_001383_dc2fast.fits, KeyError(&amp;quot;Keyword &amp;#x27;WPSELPO&amp;#x27; not found.&amp;quot;)\n2025-11-19 11:48:07 [ERROR] Test: test_keywords_types, filename: 20240428_s4c2_001383_dc2fast.fits, KeyError(&amp;quot;Keyword &amp;#x27;WPANG&amp;#x27; not found.&amp;quot;)\n2025-11-19 11:48:07 [ERROR] Test: test_keywords_types, filename: 20240428_s4c2_001383_dc2fast.fits, KeyError(&amp;quot;Keyword &amp;#x27;CALWANG&amp;#x27; not found.&amp;quot;)\n2025-11-19 11:48:07 [ERROR] Test: test_keywords_types, filename: 20240428_s4c2_001383_dc2fast.fits, KeyError(&amp;quot;Keyword &amp;#x27;ANALANG&amp;#x27; not found.&amp;quot;)\n2025-11-19 11:48:07 [ERROR] Test: test_keywords_types, filename: 20240428_s4c2_001383_dc2fast.fits, KeyError(&amp;quot;Keyword &amp;#x27;ACQERROR&amp;#x27; not found.&amp;quot;)\n2025-11-19 11:48:07 [ERROR] Test: test_keywords_types, filename: 20240428_s4c2_001387_dc2slow.fits, keyword BSCALE is not an instance of &amp;lt;class &amp;#x27;int&amp;#x27;&amp;gt;: an &amp;lt;class &amp;#x27;float&amp;#x27;&amp;gt; was found.\n2025-11-19 11:48:07 [ERROR] Test: test_keywords_types, filename: 20240428_s4c2_001387_dc2slow.fits, keyword BZERO is not an instance of &amp;lt;class &amp;#x27;int&amp;#x27;&amp;gt;: an &amp;lt;class &amp;#x27;float&amp;#x27;&amp;gt; was found.\n2025-11-19 11:48:07 [ERROR] Test: test_keywords_types, filename: 20240428_s4c2_001387_dc2slow.fits, KeyError(&amp;quot;Keyword &amp;#x27;WPSELPO&amp;#x27; not found.&amp;quot;)\n2025-11-19 11:48:07 [ERROR] Test: test_keywords_types, filename: 20240428_s4c2_001387_dc2slow.fits, KeyError(&amp;quot;Keyword &amp;#x27;WPANG&amp;#x27; not found.&amp;quot;)\n2025-11-19 11:48:07 [ERROR] Test: test_keywords_types, filename: 20240428_s4c2_001387_dc2slow.fits, KeyError(&amp;quot;Keyword &amp;#x27;CALWANG&amp;#x27; not found.&amp;quot;)\n2025-11-19 11:48:07 [ERROR] Test: test_keywords_types, filename: 20240428_s4c2_001387_dc2slow.fits, KeyError(&amp;quot;Keyword &amp;#x27;ANALANG&amp;#x27; not found.&amp;quot;)\n2025-11-19 11:48:07 [ERROR] Test: test_keywords_types, filename: 20240428_s4c2_001387_dc2slow.fits, KeyError(&amp;quot;Keyword &amp;#x27;ACQERROR&amp;#x27; not found.&amp;quot;)\n2025-11-19 11:48:07 [ERROR] Test: test_keywords_types, filename: 20240428_s4c2_001388_dc2slow.fits, keyword BSCALE is not an instance of &amp;lt;class &amp;#x27;int&amp;#x27;&amp;gt;: an &amp;lt;class &amp;#x27;float&amp;#x27;&amp;gt; was found.\n2025-11-19 11:48:07 [ERROR] Test: test_keywords_types, filename: 20240428_s4c2_001388_dc2slow.fits, keyword BZERO is not an instance of &amp;lt;class &amp;#x27;int&amp;#x27;&amp;gt;: an &amp;lt;class &amp;#x27;float&amp;#x27;&amp;gt; was found.\n2025-11-19 11:48:07 [ERROR] Test: test_keywords_types, filename: 20240428_s4c2_001388_dc2slow.fits, KeyError(&amp;quot;Keyword &amp;#x27;WPSELPO&amp;#x27; not found.&amp;quot;)\n2025-11-19 11:48:07 [ERROR] Test: test_keywords_types, filename: 20240428_s4c2_001388_dc2slow.fits, KeyError(&amp;quot;Keyword &amp;#x27;WPANG&amp;#x27; not found.&amp;quot;)\n2025-11-19 11:48:07 [ERROR] Test: test_keywords_types, filename: 20240428_s4c2_001388_dc2slow.fits, KeyError(&amp;quot;Keyword &amp;#x27;CALWANG&amp;#x27; not found.&amp;quot;)\n2025-11-19 11:48:07 [ERROR] Test: test_keywords_types, filename: 20240428_s4c2_001388_dc2slow.fits, KeyError(&amp;quot;Keyword &amp;#x27;ANALANG&amp;#x27; not found.&amp;quot;)\n2025-11-19 11:48:07 [ERROR] Test: test_keywords_types, filename: 20240428_s4c2_001388_dc2slow.fits, KeyError(&amp;quot;Keyword &amp;#x27;ACQERROR&amp;#x27; not found.&amp;quot;)\n2025-11-19 11:48:07 [ERROR] Test: test_keywords_types, filename: 20240428_s4c2_001389_dc2slow.fits, keyword BSCALE is not an instance of &amp;lt;class &amp;#x27;int&amp;#x27;&amp;gt;: an &amp;lt;class &amp;#x27;float&amp;#x27;&amp;gt; was found.\n2025-11-19 11:48:07 [ERROR] Test: test_keywords_types, filename: 20240428_s4c2_001389_dc2slow.fits, keyword BZERO is not an instance of &amp;lt;class &amp;#x27;int&amp;#x27;&amp;gt;: an &amp;lt;class &amp;#x27;float&amp;#x27;&amp;gt; was found.\n2025-11-19 11:48:07 [ERROR] Test: test_keywords_types, filename: 20240428_s4c2_001389_dc2slow.fits, KeyError(&amp;quot;Keyword &amp;#x27;WPSELPO&amp;#x27; not found.&amp;quot;)\n2025-11-19 11:48:07 [ERROR] Test: test_keywords_types, filename: 20240428_s4c2_001389_dc2slow.fits, KeyError(&amp;quot;Keyword &amp;#x27;WPANG&amp;#x27; not found.&amp;quot;)\n2025-11-19 11:48:07 [ERROR] Test: test_keywords_types, filename: 20240428_s4c2_001389_dc2slow.fits, KeyError(&amp;quot;Keyword &amp;#x27;CALWANG&amp;#x27; not found.&amp;quot;)\n2025-11-19 11:48:07 [ERROR] Test: test_keywords_types, filename: 20240428_s4c2_001389_dc2slow.fits, KeyError(&amp;quot;Keyword &amp;#x27;ANALANG&amp;#x27; not found.&amp;quot;)\n2025-11-19 11:48:07 [ERROR] Test: test_keywords_types, filename: 20240428_s4c2_001389_dc2slow.fits, KeyError(&amp;quot;Keyword &amp;#x27;ACQERROR&amp;#x27; not found.&amp;quot;)\n2025-11-19 11:48:07 [ERROR] Test: test_keywords_types, filename: 20240428_s4c2_001390_dc2slow.fits, keyword BSCALE is not an instance of &amp;lt;class &amp;#x27;int&amp;#x27;&amp;gt;: an &amp;lt;class &amp;#x27;float&amp;#x27;&amp;gt; was found.\n2025-11-19 11:48:07 [ERROR] Test: test_keywords_types, filename: 20240428_s4c2_001390_dc2slow.fits, keyword BZERO is not an instance of &amp;lt;class &amp;#x27;int&amp;#x27;&amp;gt;: an &amp;lt;class &amp;#x27;float&amp;#x27;&amp;gt; was found.\n2025-11-19 11:48:07 [ERROR] Test: test_keywords_types, filename: 20240428_s4c2_001390_dc2slow.fits, KeyError(&amp;quot;Keyword &amp;#x27;WPSELPO&amp;#x27; not found.&amp;quot;)\n2025-11-19 11:48:07 [ERROR] Test: test_keywords_types, filename: 20240428_s4c2_001390_dc2slow.fits, KeyError(&amp;quot;Keyword &amp;#x27;WPANG&amp;#x27; not found.&amp;quot;)\n2025-11-19 11:48:07 [ERROR] Test: test_keywords_types, filename: 20240428_s4c2_001390_dc2slow.fits, KeyError(&amp;quot;Keyword &amp;#x27;CALWANG&amp;#x27; not found.&amp;quot;)\n2025-11-19 11:48:07 [ERROR] Test: test_keywords_types, filename: 20240428_s4c2_001390_dc2slow.fits, KeyError(&amp;quot;Keyword &amp;#x27;ANALANG&amp;#x27; not found.&amp;quot;)\n2025-11-19 11:48:07 [ERROR] Test: test_keywords_types, filename: 20240428_s4c2_001390_dc2slow.fits, KeyError(&amp;quot;Keyword &amp;#x27;ACQERROR&amp;#x27; not found.&amp;quot;)\n2025-11-19 11:48:07 [ERROR] Test: test_keywords_types, filename: 20240428_s4c2_001391_dc2slow.fits, keyword BSCALE is not an instance of &amp;lt;class &amp;#x27;int&amp;#x27;&amp;gt;: an &amp;lt;class &amp;#x27;float&amp;#x27;&amp;gt; was found.\n2025-11-19 11:48:07 [ERROR] Test: test_keywords_types, filename: 20240428_s4c2_001391_dc2slow.fits, keyword BZERO is not an instance of &amp;lt;class &amp;#x27;int&amp;#x27;&amp;gt;: an &amp;lt;class &amp;#x27;float&amp;#x27;&amp;gt; was found.\n2025-11-19 11:48:07 [ERROR] Test: test_keywords_types, filename: 20240428_s4c2_001391_dc2slow.fits, KeyError(&amp;quot;Keyword &amp;#x27;WPSELPO&amp;#x27; not found.&amp;quot;)\n2025-11-19 11:48:07 [ERROR] Test: test_keywords_types, filename: 20240428_s4c2_001391_dc2slow.fits, KeyError(&amp;quot;Keyword &amp;#x27;WPANG&amp;#x27; not found.&amp;quot;)\n2025-11-19 11:48:07 [ERROR] Test: test_keywords_types, filename: 20240428_s4c2_001391_dc2slow.fits, KeyError(&amp;quot;Keyword &amp;#x27;CALWANG&amp;#x27; not found.&amp;quot;)\n2025-11-19 11:48:07 [ERROR] Test: test_keywords_types, filename: 20240428_s4c2_001391_dc2slow.fits, KeyError(&amp;quot;Keyword &amp;#x27;ANALANG&amp;#x27; not found.&amp;quot;)\n2025-11-19 11:48:07 [ERROR] Test: test_keywords_types, filename: 20240428_s4c2_001391_dc2slow.fits, KeyError(&amp;quot;Keyword &amp;#x27;ACQERROR&amp;#x27; not found.&amp;quot;)\n2025-11-19 11:48:07 [ERROR] Test: test_keywords_types, filename: 20240428_s4c2_001411_dc4fast.fits, keyword BSCALE is not an instance of &amp;lt;class &amp;#x27;int&amp;#x27;&amp;gt;: an &amp;lt;class &amp;#x27;float&amp;#x27;&amp;gt; was found.\n2025-11-19 11:48:07 [ERROR] Test: test_keywords_types, filename: 20240428_s4c2_001411_dc4fast.fits, keyword BZERO is not an instance of &amp;lt;class &amp;#x27;int&amp;#x27;&amp;gt;: an &amp;lt;class &amp;#x27;float&amp;#x27;&amp;gt; was found.\n2025-11-19 11:48:07 [ERROR] Test: test_keywords_types, filename: 20240428_s4c2_001411_dc4fast.fits, KeyError(&amp;quot;Keyword &amp;#x27;WPSELPO&amp;#x27; not found.&amp;quot;)\n2025-11-19 11:48:07 [ERROR] Test: test_keywords_types, filename: 20240428_s4c2_001411_dc4fast.fits, KeyError(&amp;quot;Keyword &amp;#x27;WPANG&amp;#x27; not found.&amp;quot;)\n2025-11-19 11:48:07 [ERROR] Test: test_keywords_types, filename: 20240428_s4c2_001411_dc4fast.fits, KeyError(&amp;quot;Keyword &amp;#x27;CALWANG&amp;#x27; not found.&amp;quot;)\n2025-11-19 11:48:07 [ERROR] Test: test_keywords_types, filename: 20240428_s4c2_001411_dc4fast.fits, KeyError(&amp;quot;Keyword &amp;#x27;ANALANG&amp;#x27; not found.&amp;quot;)\n2025-11-19 11:48:07 [ERROR] Test: test_keywords_types, filename: 20240428_s4c2_001411_dc4fast.fits, KeyError(&amp;quot;Keyword &amp;#x27;ACQERROR&amp;#x27; not found.&amp;quot;)\n2025-11-19 11:48:07 [ERROR] Test: test_keywords_types, filename: 20240428_s4c2_001412_dc4fast.fits, keyword BSCALE is not an instance of &amp;lt;class &amp;#x27;int&amp;#x27;&amp;gt;: an &amp;lt;class &amp;#x27;float&amp;#x27;&amp;gt; was found.\n2025-11-19 11:48:07 [ERROR] Test: test_keywords_types, filename: 20240428_s4c2_001412_dc4fast.fits, keyword BZERO is not an instance of &amp;lt;class &amp;#x27;int&amp;#x27;&amp;gt;: an &amp;lt;class &amp;#x27;float&amp;#x27;&amp;gt; was found.\n2025-11-19 11:48:07 [ERROR] Test: test_keywords_types, filename: 20240428_s4c2_001412_dc4fast.fits, KeyError(&amp;quot;Keyword &amp;#x27;WPSELPO&amp;#x27; not found.&amp;quot;)\n2025-11-19 11:48:07 [ERROR] Test: test_keywords_types, filename: 20240428_s4c2_001412_dc4fast.fits, KeyError(&amp;quot;Keyword &amp;#x27;WPANG&amp;#x27; not found.&amp;quot;)\n2025-11-19 11:48:07 [ERROR] Test: test_keywords_types, filename: 20240428_s4c2_001412_dc4fast.fits, KeyError(&amp;quot;Keyword &amp;#x27;CALWANG&amp;#x27; not found.&amp;quot;)\n2025-11-19 11:48:07 [ERROR] Test: test_keywords_types, filename: 20240428_s4c2_001412_dc4fast.fits, KeyError(&amp;quot;Keyword &amp;#x27;ANALANG&amp;#x27; not found.&amp;quot;)\n2025-11-19 11:48:07 [ERROR] Test: test_keywords_types, filename: 20240428_s4c2_001412_dc4fast.fits, KeyError(&amp;quot;Keyword &amp;#x27;ACQERROR&amp;#x27; not found.&amp;quot;)\n2025-11-19 11:48:07 [ERROR] Test: test_keywords_types, filename: 20240428_s4c2_001413_dc4fast.fits, keyword BSCALE is not an instance of &amp;lt;class &amp;#x27;int&amp;#x27;&amp;gt;: an &amp;lt;class &amp;#x27;float&amp;#x27;&amp;gt; was found.\n2025-11-19 11:48:07 [ERROR] Test: test_keywords_types, filename: 20240428_s4c2_001413_dc4fast.fits, keyword BZERO is not an instance of &amp;lt;class &amp;#x27;int&amp;#x27;&amp;gt;: an &amp;lt;class &amp;#x27;float&amp;#x27;&amp;gt; was found.\n2025-11-19 11:48:07 [ERROR] Test: test_keywords_types, filename: 20240428_s4c2_001413_dc4fast.fits, KeyError(&amp;quot;Keyword &amp;#x27;WPSELPO&amp;#x27; not found.&amp;quot;)\n2025-11-19 11:48:07 [ERROR] Test: test_keywords_types, filename: 20240428_s4c2_001413_dc4fast.fits, keyword WPPOS is not an instance of &amp;lt;class &amp;#x27;int&amp;#x27;&amp;gt;: an &amp;lt;class &amp;#x27;str&amp;#x27;&amp;gt; was found.\n2025-11-19 11:48:07 [ERROR] Test: test_keywords_types, filename: 20240428_s4c2_001413_dc4fast.fits, KeyError(&amp;quot;Keyword &amp;#x27;WPANG&amp;#x27; not found.&amp;quot;)\n2025-11-19 11:48:07 [ERROR] Test: test_keywords_types, filename: 20240428_s4c2_001413_dc4fast.fits, KeyError(&amp;quot;Keyword &amp;#x27;CALWANG&amp;#x27; not found.&amp;quot;)\n2025-11-19 11:48:07 [ERROR] Test: test_keywords_types, filename: 20240428_s4c2_001413_dc4fast.fits, KeyError(&amp;quot;Keyword &amp;#x27;ANALANG&amp;#x27; not found.&amp;quot;)\n2025-11-19 11:48:07 [ERROR] Test: test_keywords_types, filename: 20240428_s4c2_001413_dc4fast.fits, KeyError(&amp;quot;Keyword &amp;#x27;ACQERROR&amp;#x27; not found.&amp;quot;)\n2025-11-19 11:48:07 [ERROR] Test: test_keywords_types, filename: 20240428_s4c2_001414_dc4fast.fits, keyword BSCALE is not an instance of &amp;lt;class &amp;#x27;int&amp;#x27;&amp;gt;: an &amp;lt;class &amp;#x27;float&amp;#x27;&amp;gt; was found.\n2025-11-19 11:48:07 [ERROR] Test: test_keywords_types, filename: 20240428_s4c2_001414_dc4fast.fits, keyword BZERO is not an instance of &amp;lt;class &amp;#x27;int&amp;#x27;&amp;gt;: an &amp;lt;class &amp;#x27;float&amp;#x27;&amp;gt; was found.\n2025-11-19 11:48:07 [ERROR] Test: test_keywords_types, filename: 20240428_s4c2_001414_dc4fast.fits, KeyError(&amp;quot;Keyword &amp;#x27;WPSELPO&amp;#x27; not found.&amp;quot;)\n2025-11-19 11:48:07 [ERROR] Test: test_keywords_types, filename: 20240428_s4c2_001414_dc4fast.fits, KeyError(&amp;quot;Keyword &amp;#x27;WPANG&amp;#x27; not found.&amp;quot;)\n2025-11-19 11:48:07 [ERROR] Test: test_keywords_types, filename: 20240428_s4c2_001414_dc4fast.fits, KeyError(&amp;quot;Keyword &amp;#x27;CALWANG&amp;#x27; not found.&amp;quot;)\n2025-11-19 11:48:07 [ERROR] Test: test_keywords_types, filename: 20240428_s4c2_001414_dc4fast.fits, KeyError(&amp;quot;Keyword &amp;#x27;ANALANG&amp;#x27; not found.&amp;quot;)\n2025-11-19 11:48:07 [ERROR] Test: test_keywords_types, filename: 20240428_s4c2_001414_dc4fast.fits, KeyError(&amp;quot;Keyword &amp;#x27;ACQERROR&amp;#x27; not found.&amp;quot;)\n2025-11-19 11:48:07 [ERROR] Test: test_keywords_types, filename: 20240428_s4c2_001415_dc4fast.fits, keyword BSCALE is not an instance of &amp;lt;class &amp;#x27;int&amp;#x27;&amp;gt;: an &amp;lt;class &amp;#x27;float&amp;#x27;&amp;gt; was found.\n2025-11-19 11:48:07 [ERROR] Test: test_keywords_types, filename: 20240428_s4c2_001415_dc4fast.fits, keyword BZERO is not an instance of &amp;lt;class &amp;#x27;int&amp;#x27;&amp;gt;: an &amp;lt;class &amp;#x27;float&amp;#x27;&amp;gt; was found.\n2025-11-19 11:48:07 [ERROR] Test: test_keywords_types, filename: 20240428_s4c2_001415_dc4fast.fits, KeyError(&amp;quot;Keyword &amp;#x27;WPSELPO&amp;#x27; not found.&amp;quot;)\n2025-11-19 11:48:07 [ERROR] Test: test_keywords_types, filename: 20240428_s4c2_001415_dc4fast.fits, KeyError(&amp;quot;Keyword &amp;#x27;WPANG&amp;#x27; not found.&amp;quot;)\n2025-11-19 11:48:07 [ERROR] Test: test_keywords_types, filename: 20240428_s4c2_001415_dc4fast.fits, KeyError(&amp;quot;Keyword &amp;#x27;CALWANG&amp;#x27; not found.&amp;quot;)\n2025-11-19 11:48:07 [ERROR] Test: test_keywords_types, filename: 20240428_s4c2_001415_dc4fast.fits, KeyError(&amp;quot;Keyword &amp;#x27;ANALANG&amp;#x27; not found.&amp;quot;)\n2025-11-19 11:48:07 [ERROR] Test: test_keywords_types, filename: 20240428_s4c2_001415_dc4fast.fits, KeyError(&amp;quot;Keyword &amp;#x27;ACQERROR&amp;#x27; not found.&amp;quot;)\n\n&#34;}], &#34;tests/test_keywords.py::Test_Keywords::test_kw_comments&#34;: [{&#34;extras&#34;: [], &#34;result&#34;: &#34;Passed&#34;, &#34;testId&#34;: &#34;tests/test_keywords.py::Test_Keywords::test_kw_comments&#34;, &#34;duration&#34;: &#34;14 ms&#34;, &#34;resultsTableRow&#34;: [&#34;&lt;td class=\&#34;col-result\&#34;&gt;Passed&lt;/td&gt;&#34;, &#34;&lt;td class=\&#34;col-testId\&#34;&gt;tests/test_keywords.py::Test_Keywords::test_kw_comments&lt;/td&gt;&#34;, &#34;&lt;td class=\&#34;col-duration\&#34;&gt;14 ms&lt;/td&gt;&#34;, &#34;&lt;td class=\&#34;col-links\&#34;&gt;&lt;/td&gt;&#34;], &#34;log&#34;: &#34;------------------------------ Captured log call -------------------------------\n2025-11-19 11:48:07 [ERROR] Test: test_kw_comments, filename: 20240428_s4c2_000014_dflat.fits, diff: {&amp;#x27;&amp;#x27;, &amp;#x27;TCS in real (T) or simulated (F) mode&amp;#x27;, &amp;#x27;Waveplate index position from 1 to 16, 0 if non&amp;#x27;, &amp;#x27;Sequence index in the cycle&amp;#x27;, &amp;#x27;ACS in real (T) or simulated (F) mode&amp;#x27;, &amp;#x27;Waveplate selector position (mm)&amp;#x27;, &amp;#x27;Guiding focuser in real (T) or simulated (F) mo&amp;#x27;, &amp;#x27;Declination: +- DD:MM:SS&amp;#x27;, &amp;#x27;Number of rows&amp;#x27;, &amp;#x27;Guiding focuser: real (T) or simulated (F)&amp;#x27;, &amp;#x27;DEC of guider field&amp;#x27;, &amp;#x27;CCD present mode: ROI, binning, temp&amp;#x27;, &amp;#x27;Guiding mirror in real (T) or simulated (F) mod&amp;#x27;, &amp;#x27;Calibration wheel position angle (deg)&amp;#x27;, &amp;#x27;Waveplate idx position from 1 to 16, 0 if none&amp;#x27;, &amp;#x27;Analyzer: real (T) or simulated (F)&amp;#x27;, &amp;#x27;Analyzer in real (T) or simulated (F) mode&amp;#x27;, &amp;#x27;Guiding mirror: real (T) or simulated (F)&amp;#x27;, &amp;#x27;Right ascension: HH:MM:SS&amp;#x27;, &amp;#x27;Calibration wheel: real (T) or simulated (F)&amp;#x27;, &amp;#x27;TCS: real (T) or simulated (F)&amp;#x27;, &amp;#x27;Right ascension: HH:MM:SS.ss&amp;#x27;, &amp;#x27;Waveplate rotator: real (T) or simulated (F)&amp;#x27;, &amp;#x27;Calibration wheel in real (T) or simulated (F)&amp;#x27;, &amp;#x27;Acquisition error - see comments&amp;#x27;, &amp;#x27;Selector of the waveplate in real (T) or simula&amp;#x27;, &amp;#x27;ACS: real (T) or simulated (F)&amp;#x27;, &amp;#x27;Number of columns&amp;#x27;, &amp;#x27;Declination: DD:MM:SS.ss&amp;#x27;, &amp;#x27;Synchronization across channels at start of acq&amp;#x27;, &amp;#x27;Analyzer position angle (deg)&amp;#x27;, &amp;#x27;Waveplate selector: real (T) or simulated (F)&amp;#x27;, &amp;#x27;Rotator of the waveplate in real (T) or simulat&amp;#x27;, &amp;#x27;Sequence index in cycle&amp;#x27;, &amp;#x27;Zero point in scaling equation&amp;#x27;, &amp;#x27;TCS UT date (isot)&amp;#x27;, &amp;#x27;RA of guider field&amp;#x27;, &amp;#x27;Linear factor in scaling equation&amp;#x27;, &amp;#x27;Observer(s)&amp;#x27;, &amp;#x27;Synchronism of the start of the acquisition in&amp;#x27;, &amp;#x27;Name(s) of observer(s)&amp;#x27;, &amp;#x27;Waveplate position angle (deg)&amp;#x27;, &amp;#x27;TCS local date (isot)&amp;#x27;}\n2025-11-19 11:48:07 [ERROR] Test: test_kw_comments, filename: 20240428_s4c2_000015_dflat.fits, diff: {&amp;#x27;&amp;#x27;, &amp;#x27;TCS in real (T) or simulated (F) mode&amp;#x27;, &amp;#x27;Waveplate index position from 1 to 16, 0 if non&amp;#x27;, &amp;#x27;Sequence index in the cycle&amp;#x27;, &amp;#x27;ACS in real (T) or simulated (F) mode&amp;#x27;, &amp;#x27;Waveplate selector position (mm)&amp;#x27;, &amp;#x27;Guiding focuser in real (T) or simulated (F) mo&amp;#x27;, &amp;#x27;Declination: +- DD:MM:SS&amp;#x27;, &amp;#x27;Number of rows&amp;#x27;, &amp;#x27;Guiding focuser: real (T) or simulated (F)&amp;#x27;, &amp;#x27;DEC of guider field&amp;#x27;, &amp;#x27;CCD present mode: ROI, binning, temp&amp;#x27;, &amp;#x27;Guiding mirror in real (T) or simulated (F) mod&amp;#x27;, &amp;#x27;Calibration wheel position angle (deg)&amp;#x27;, &amp;#x27;Waveplate idx position from 1 to 16, 0 if none&amp;#x27;, &amp;#x27;Analyzer: real (T) or simulated (F)&amp;#x27;, &amp;#x27;Analyzer in real (T) or simulated (F) mode&amp;#x27;, &amp;#x27;Guiding mirror: real (T) or simulated (F)&amp;#x27;, &amp;#x27;Right ascension: HH:MM:SS&amp;#x27;, &amp;#x27;Calibration wheel: real (T) or simulated (F)&amp;#x27;, &amp;#x27;TCS: real (T) or simulated (F)&amp;#x27;, &amp;#x27;Right ascension: HH:MM:SS.ss&amp;#x27;, &amp;#x27;Waveplate rotator: real (T) or simulated (F)&amp;#x27;, &amp;#x27;Calibration wheel in real (T) or simulated (F)&amp;#x27;, &amp;#x27;Acquisition error - see comments&amp;#x27;, &amp;#x27;Selector of the waveplate in real (T) or simula&amp;#x27;, &amp;#x27;ACS: real (T) or simulated (F)&amp;#x27;, &amp;#x27;Number of columns&amp;#x27;, &amp;#x27;Declination: DD:MM:SS.ss&amp;#x27;, &amp;#x27;Synchronization across channels at start of acq&amp;#x27;, &amp;#x27;Analyzer position angle (deg)&amp;#x27;, &amp;#x27;Waveplate selector: real (T) or simulated (F)&amp;#x27;, &amp;#x27;Rotator of the waveplate in real (T) or simulat&amp;#x27;, &amp;#x27;Sequence index in cycle&amp;#x27;, &amp;#x27;Zero point in scaling equation&amp;#x27;, &amp;#x27;TCS UT date (isot)&amp;#x27;, &amp;#x27;RA of guider field&amp;#x27;, &amp;#x27;Linear factor in scaling equation&amp;#x27;, &amp;#x27;Observer(s)&amp;#x27;, &amp;#x27;Synchronism of the start of the acquisition in&amp;#x27;, &amp;#x27;Name(s) of observer(s)&amp;#x27;, &amp;#x27;Waveplate position angle (deg)&amp;#x27;, &amp;#x27;TCS local date (isot)&amp;#x27;}\n2025-11-19 11:48:07 [ERROR] Test: test_kw_comments, filename: 20240428_s4c2_000016_dflat.fits, diff: {&amp;#x27;&amp;#x27;, &amp;#x27;TCS in real (T) or simulated (F) mode&amp;#x27;, &amp;#x27;Waveplate index position from 1 to 16, 0 if non&amp;#x27;, &amp;#x27;Sequence index in the cycle&amp;#x27;, &amp;#x27;ACS in real (T) or simulated (F) mode&amp;#x27;, &amp;#x27;Waveplate selector position (mm)&amp;#x27;, &amp;#x27;Guiding focuser in real (T) or simulated (F) mo&amp;#x27;, &amp;#x27;Declination: +- DD:MM:SS&amp;#x27;, &amp;#x27;Number of rows&amp;#x27;, &amp;#x27;Guiding focuser: real (T) or simulated (F)&amp;#x27;, &amp;#x27;DEC of guider field&amp;#x27;, &amp;#x27;CCD present mode: ROI, binning, temp&amp;#x27;, &amp;#x27;Guiding mirror in real (T) or simulated (F) mod&amp;#x27;, &amp;#x27;Calibration wheel position angle (deg)&amp;#x27;, &amp;#x27;Waveplate idx position from 1 to 16, 0 if none&amp;#x27;, &amp;#x27;Analyzer: real (T) or simulated (F)&amp;#x27;, &amp;#x27;Analyzer in real (T) or simulated (F) mode&amp;#x27;, &amp;#x27;Guiding mirror: real (T) or simulated (F)&amp;#x27;, &amp;#x27;Right ascension: HH:MM:SS&amp;#x27;, &amp;#x27;Calibration wheel: real (T) or simulated (F)&amp;#x27;, &amp;#x27;TCS: real (T) or simulated (F)&amp;#x27;, &amp;#x27;Right ascension: HH:MM:SS.ss&amp;#x27;, &amp;#x27;Waveplate rotator: real (T) or simulated (F)&amp;#x27;, &amp;#x27;Calibration wheel in real (T) or simulated (F)&amp;#x27;, &amp;#x27;Acquisition error - see comments&amp;#x27;, &amp;#x27;Selector of the waveplate in real (T) or simula&amp;#x27;, &amp;#x27;ACS: real (T) or simulated (F)&amp;#x27;, &amp;#x27;Number of columns&amp;#x27;, &amp;#x27;Declination: DD:MM:SS.ss&amp;#x27;, &amp;#x27;Synchronization across channels at start of acq&amp;#x27;, &amp;#x27;Analyzer position angle (deg)&amp;#x27;, &amp;#x27;Waveplate selector: real (T) or simulated (F)&amp;#x27;, &amp;#x27;Rotator of the waveplate in real (T) or simulat&amp;#x27;, &amp;#x27;Sequence index in cycle&amp;#x27;, &amp;#x27;Zero point in scaling equation&amp;#x27;, &amp;#x27;TCS UT date (isot)&amp;#x27;, &amp;#x27;RA of guider field&amp;#x27;, &amp;#x27;Linear factor in scaling equation&amp;#x27;, &amp;#x27;Observer(s)&amp;#x27;, &amp;#x27;Synchronism of the start of the acquisition in&amp;#x27;, &amp;#x27;Name(s) of observer(s)&amp;#x27;, &amp;#x27;Waveplate position angle (deg)&amp;#x27;, &amp;#x27;TCS local date (isot)&amp;#x27;}\n2025-11-19 11:48:07 [ERROR] Test: test_kw_comments, filename: 20240428_s4c2_000017_dflat.fits, diff: {&amp;#x27;&amp;#x27;, &amp;#x27;TCS in real (T) or simulated (F) mode&amp;#x27;, &amp;#x27;Waveplate index position from 1 to 16, 0 if non&amp;#x27;, &amp;#x27;Sequence index in the cycle&amp;#x27;, &amp;#x27;ACS in real (T) or simulated (F) mode&amp;#x27;, &amp;#x27;Waveplate selector position (mm)&amp;#x27;, &amp;#x27;Guiding focuser in real (T) or simulated (F) mo&amp;#x27;, &amp;#x27;Declination: +- DD:MM:SS&amp;#x27;, &amp;#x27;Number of rows&amp;#x27;, &amp;#x27;Guiding focuser: real (T) or simulated (F)&amp;#x27;, &amp;#x27;DEC of guider field&amp;#x27;, &amp;#x27;CCD present mode: ROI, binning, temp&amp;#x27;, &amp;#x27;Guiding mirror in real (T) or simulated (F) mod&amp;#x27;, &amp;#x27;Calibration wheel position angle (deg)&amp;#x27;, &amp;#x27;Waveplate idx position from 1 to 16, 0 if none&amp;#x27;, &amp;#x27;Analyzer: real (T) or simulated (F)&amp;#x27;, &amp;#x27;Analyzer in real (T) or simulated (F) mode&amp;#x27;, &amp;#x27;Guiding mirror: real (T) or simulated (F)&amp;#x27;, &amp;#x27;Right ascension: HH:MM:SS&amp;#x27;, &amp;#x27;Calibration wheel: real (T) or simulated (F)&amp;#x27;, &amp;#x27;TCS: real (T) or simulated (F)&amp;#x27;, &amp;#x27;Right ascension: HH:MM:SS.ss&amp;#x27;, &amp;#x27;Waveplate rotator: real (T) or simulated (F)&amp;#x27;, &amp;#x27;Calibration wheel in real (T) or simulated (F)&amp;#x27;, &amp;#x27;Acquisition error - see comments&amp;#x27;, &amp;#x27;Selector of the waveplate in real (T) or simula&amp;#x27;, &amp;#x27;ACS: real (T) or simulated (F)&amp;#x27;, &amp;#x27;Number of columns&amp;#x27;, &amp;#x27;Declination: DD:MM:SS.ss&amp;#x27;, &amp;#x27;Synchronization across channels at start of acq&amp;#x27;, &amp;#x27;Analyzer position angle (deg)&amp;#x27;, &amp;#x27;Waveplate selector: real (T) or simulated (F)&amp;#x27;, &amp;#x27;Rotator of the waveplate in real (T) or simulat&amp;#x27;, &amp;#x27;Sequence index in cycle&amp;#x27;, &amp;#x27;Zero point in scaling equation&amp;#x27;, &amp;#x27;TCS UT date (isot)&amp;#x27;, &amp;#x27;RA of guider field&amp;#x27;, &amp;#x27;Linear factor in scaling equation&amp;#x27;, &amp;#x27;Observer(s)&amp;#x27;, &amp;#x27;Synchronism of the start of the acquisition in&amp;#x27;, &amp;#x27;Name(s) of observer(s)&amp;#x27;, &amp;#x27;Waveplate position angle (deg)&amp;#x27;, &amp;#x27;TCS local date (isot)&amp;#x27;}\n2025-11-19 11:48:07 [ERROR] Test: test_kw_comments, filename: 20240428_s4c2_000018_dflat.fits, diff: {&amp;#x27;&amp;#x27;, &amp;#x27;TCS in real (T) or simulated (F) mode&amp;#x27;, &amp;#x27;Waveplate index position from 1 to 16, 0 if non&amp;#x27;, &amp;#x27;Sequence index in the cycle&amp;#x27;, &amp;#x27;ACS in real (T) or simulated (F) mode&amp;#x27;, &amp;#x27;Waveplate selector position (mm)&amp;#x27;, &amp;#x27;Guiding focuser in real (T) or simulated (F) mo&amp;#x27;, &amp;#x27;Declination: +- DD:MM:SS&amp;#x27;, &amp;#x27;Number of rows&amp;#x27;, &amp;#x27;Guiding focuser: real (T) or simulated (F)&amp;#x27;, &amp;#x27;DEC of guider field&amp;#x27;, &amp;#x27;CCD present mode: ROI, binning, temp&amp;#x27;, &amp;#x27;Guiding mirror in real (T) or simulated (F) mod&amp;#x27;, &amp;#x27;Calibration wheel position angle (deg)&amp;#x27;, &amp;#x27;Waveplate idx position from 1 to 16, 0 if none&amp;#x27;, &amp;#x27;Analyzer: real (T) or simulated (F)&amp;#x27;, &amp;#x27;Analyzer in real (T) or simulated (F) mode&amp;#x27;, &amp;#x27;Guiding mirror: real (T) or simulated (F)&amp;#x27;, &amp;#x27;Right ascension: HH:MM:SS&amp;#x27;, &amp;#x27;Calibration wheel: real (T) or simulated (F)&amp;#x27;, &amp;#x27;TCS: real (T) or simulated (F)&amp;#x27;, &amp;#x27;Right ascension: HH:MM:SS.ss&amp;#x27;, &amp;#x27;Waveplate rotator: real (T) or simulated (F)&amp;#x27;, &amp;#x27;Calibration wheel in real (T) or simulated (F)&amp;#x27;, &amp;#x27;Acquisition error - see comments&amp;#x27;, &amp;#x27;Selector of the waveplate in real (T) or simula&amp;#x27;, &amp;#x27;ACS: real (T) or simulated (F)&amp;#x27;, &amp;#x27;Number of columns&amp;#x27;, &amp;#x27;Declination: DD:MM:SS.ss&amp;#x27;, &amp;#x27;Synchronization across channels at start of acq&amp;#x27;, &amp;#x27;Analyzer position angle (deg)&amp;#x27;, &amp;#x27;Waveplate selector: real (T) or simulated (F)&amp;#x27;, &amp;#x27;Rotator of the waveplate in real (T) or simulat&amp;#x27;, &amp;#x27;Sequence index in cycle&amp;#x27;, &amp;#x27;Zero point in scaling equation&amp;#x27;, &amp;#x27;TCS UT date (isot)&amp;#x27;, &amp;#x27;RA of guider field&amp;#x27;, &amp;#x27;Linear factor in scaling equation&amp;#x27;, &amp;#x27;Observer(s)&amp;#x27;, &amp;#x27;Synchronism of the start of the acquisition in&amp;#x27;, &amp;#x27;Name(s) of observer(s)&amp;#x27;, &amp;#x27;Waveplate position angle (deg)&amp;#x27;, &amp;#x27;TCS local date (isot)&amp;#x27;}\n2025-11-19 11:48:07 [ERROR] Test: test_kw_comments, filename: 20240428_s4c2_000654_zero.fits, diff: {&amp;#x27;&amp;#x27;, &amp;#x27;TCS in real (T) or simulated (F) mode&amp;#x27;, &amp;#x27;Waveplate index position from 1 to 16, 0 if non&amp;#x27;, &amp;#x27;Sequence index in the cycle&amp;#x27;, &amp;#x27;ACS in real (T) or simulated (F) mode&amp;#x27;, &amp;#x27;Waveplate selector position (mm)&amp;#x27;, &amp;#x27;Guiding focuser in real (T) or simulated (F) mo&amp;#x27;, &amp;#x27;Declination: +- DD:MM:SS&amp;#x27;, &amp;#x27;Number of rows&amp;#x27;, &amp;#x27;Guiding focuser: real (T) or simulated (F)&amp;#x27;, &amp;#x27;DEC of guider field&amp;#x27;, &amp;#x27;CCD present mode: ROI, binning, temp&amp;#x27;, &amp;#x27;Guiding mirror in real (T) or simulated (F) mod&amp;#x27;, &amp;#x27;Calibration wheel position angle (deg)&amp;#x27;, &amp;#x27;Waveplate idx position from 1 to 16, 0 if none&amp;#x27;, &amp;#x27;Analyzer: real (T) or simulated (F)&amp;#x27;, &amp;#x27;Analyzer in real (T) or simulated (F) mode&amp;#x27;, &amp;#x27;Guiding mirror: real (T) or simulated (F)&amp;#x27;, &amp;#x27;Right ascension: HH:MM:SS&amp;#x27;, &amp;#x27;Calibration wheel: real (T) or simulated (F)&amp;#x27;, &amp;#x27;TCS: real (T) or simulated (F)&amp;#x27;, &amp;#x27;Right ascension: HH:MM:SS.ss&amp;#x27;, &amp;#x27;Waveplate rotator: real (T) or simulated (F)&amp;#x27;, &amp;#x27;Calibration wheel in real (T) or simulated (F)&amp;#x27;, &amp;#x27;Acquisition error - see comments&amp;#x27;, &amp;#x27;Selector of the waveplate in real (T) or simula&amp;#x27;, &amp;#x27;ACS: real (T) or simulated (F)&amp;#x27;, &amp;#x27;Number of columns&amp;#x27;, &amp;#x27;Declination: DD:MM:SS.ss&amp;#x27;, &amp;#x27;Synchronization across channels at start of acq&amp;#x27;, &amp;#x27;Analyzer position angle (deg)&amp;#x27;, &amp;#x27;Waveplate selector: real (T) or simulated (F)&amp;#x27;, &amp;#x27;Rotator of the waveplate in real (T) or simulat&amp;#x27;, &amp;#x27;Sequence index in cycle&amp;#x27;, &amp;#x27;Zero point in scaling equation&amp;#x27;, &amp;#x27;TCS UT date (isot)&amp;#x27;, &amp;#x27;RA of guider field&amp;#x27;, &amp;#x27;Linear factor in scaling equation&amp;#x27;, &amp;#x27;Observer(s)&amp;#x27;, &amp;#x27;Synchronism of the start of the acquisition in&amp;#x27;, &amp;#x27;Name(s) of observer(s)&amp;#x27;, &amp;#x27;Waveplate position angle (deg)&amp;#x27;, &amp;#x27;TCS local date (isot)&amp;#x27;}\n2025-11-19 11:48:07 [ERROR] Test: test_kw_comments, filename: 20240428_s4c2_000655_zero.fits, diff: {&amp;#x27;&amp;#x27;, &amp;#x27;TCS in real (T) or simulated (F) mode&amp;#x27;, &amp;#x27;Waveplate index position from 1 to 16, 0 if non&amp;#x27;, &amp;#x27;Sequence index in the cycle&amp;#x27;, &amp;#x27;ACS in real (T) or simulated (F) mode&amp;#x27;, &amp;#x27;Waveplate selector position (mm)&amp;#x27;, &amp;#x27;Guiding focuser in real (T) or simulated (F) mo&amp;#x27;, &amp;#x27;Declination: +- DD:MM:SS&amp;#x27;, &amp;#x27;Number of rows&amp;#x27;, &amp;#x27;Guiding focuser: real (T) or simulated (F)&amp;#x27;, &amp;#x27;DEC of guider field&amp;#x27;, &amp;#x27;CCD present mode: ROI, binning, temp&amp;#x27;, &amp;#x27;Guiding mirror in real (T) or simulated (F) mod&amp;#x27;, &amp;#x27;Calibration wheel position angle (deg)&amp;#x27;, &amp;#x27;Waveplate idx position from 1 to 16, 0 if none&amp;#x27;, &amp;#x27;Analyzer: real (T) or simulated (F)&amp;#x27;, &amp;#x27;Analyzer in real (T) or simulated (F) mode&amp;#x27;, &amp;#x27;Guiding mirror: real (T) or simulated (F)&amp;#x27;, &amp;#x27;Right ascension: HH:MM:SS&amp;#x27;, &amp;#x27;Calibration wheel: real (T) or simulated (F)&amp;#x27;, &amp;#x27;TCS: real (T) or simulated (F)&amp;#x27;, &amp;#x27;Right ascension: HH:MM:SS.ss&amp;#x27;, &amp;#x27;Waveplate rotator: real (T) or simulated (F)&amp;#x27;, &amp;#x27;Calibration wheel in real (T) or simulated (F)&amp;#x27;, &amp;#x27;Acquisition error - see comments&amp;#x27;, &amp;#x27;Selector of the waveplate in real (T) or simula&amp;#x27;, &amp;#x27;ACS: real (T) or simulated (F)&amp;#x27;, &amp;#x27;Number of columns&amp;#x27;, &amp;#x27;Declination: DD:MM:SS.ss&amp;#x27;, &amp;#x27;Synchronization across channels at start of acq&amp;#x27;, &amp;#x27;Analyzer position angle (deg)&amp;#x27;, &amp;#x27;Waveplate selector: real (T) or simulated (F)&amp;#x27;, &amp;#x27;Rotator of the waveplate in real (T) or simulat&amp;#x27;, &amp;#x27;Sequence index in cycle&amp;#x27;, &amp;#x27;Zero point in scaling equation&amp;#x27;, &amp;#x27;TCS UT date (isot)&amp;#x27;, &amp;#x27;RA of guider field&amp;#x27;, &amp;#x27;Linear factor in scaling equation&amp;#x27;, &amp;#x27;Observer(s)&amp;#x27;, &amp;#x27;Synchronism of the start of the acquisition in&amp;#x27;, &amp;#x27;Name(s) of observer(s)&amp;#x27;, &amp;#x27;Waveplate position angle (deg)&amp;#x27;, &amp;#x27;TCS local date (isot)&amp;#x27;}\n2025-11-19 11:48:07 [ERROR] Test: test_kw_comments, filename: 20240428_s4c2_000656_zero.fits, diff: {&amp;#x27;&amp;#x27;, &amp;#x27;TCS in real (T) or simulated (F) mode&amp;#x27;, &amp;#x27;Waveplate index position from 1 to 16, 0 if non&amp;#x27;, &amp;#x27;Sequence index in the cycle&amp;#x27;, &amp;#x27;ACS in real (T) or simulated (F) mode&amp;#x27;, &amp;#x27;Waveplate selector position (mm)&amp;#x27;, &amp;#x27;Guiding focuser in real (T) or simulated (F) mo&amp;#x27;, &amp;#x27;Declination: +- DD:MM:SS&amp;#x27;, &amp;#x27;Number of rows&amp;#x27;, &amp;#x27;Guiding focuser: real (T) or simulated (F)&amp;#x27;, &amp;#x27;DEC of guider field&amp;#x27;, &amp;#x27;CCD present mode: ROI, binning, temp&amp;#x27;, &amp;#x27;Guiding mirror in real (T) or simulated (F) mod&amp;#x27;, &amp;#x27;Calibration wheel position angle (deg)&amp;#x27;, &amp;#x27;Waveplate idx position from 1 to 16, 0 if none&amp;#x27;, &amp;#x27;Analyzer: real (T) or simulated (F)&amp;#x27;, &amp;#x27;Analyzer in real (T) or simulated (F) mode&amp;#x27;, &amp;#x27;Guiding mirror: real (T) or simulated (F)&amp;#x27;, &amp;#x27;Right ascension: HH:MM:SS&amp;#x27;, &amp;#x27;Calibration wheel: real (T) or simulated (F)&amp;#x27;, &amp;#x27;TCS: real (T) or simulated (F)&amp;#x27;, &amp;#x27;Right ascension: HH:MM:SS.ss&amp;#x27;, &amp;#x27;Waveplate rotator: real (T) or simulated (F)&amp;#x27;, &amp;#x27;Calibration wheel in real (T) or simulated (F)&amp;#x27;, &amp;#x27;Acquisition error - see comments&amp;#x27;, &amp;#x27;Selector of the waveplate in real (T) or simula&amp;#x27;, &amp;#x27;ACS: real (T) or simulated (F)&amp;#x27;, &amp;#x27;Number of columns&amp;#x27;, &amp;#x27;Declination: DD:MM:SS.ss&amp;#x27;, &amp;#x27;Synchronization across channels at start of acq&amp;#x27;, &amp;#x27;Analyzer position angle (deg)&amp;#x27;, &amp;#x27;Waveplate selector: real (T) or simulated (F)&amp;#x27;, &amp;#x27;Rotator of the waveplate in real (T) or simulat&amp;#x27;, &amp;#x27;Sequence index in cycle&amp;#x27;, &amp;#x27;Zero point in scaling equation&amp;#x27;, &amp;#x27;TCS UT date (isot)&amp;#x27;, &amp;#x27;RA of guider field&amp;#x27;, &amp;#x27;Linear factor in scaling equation&amp;#x27;, &amp;#x27;Observer(s)&amp;#x27;, &amp;#x27;Synchronism of the start of the acquisition in&amp;#x27;, &amp;#x27;Name(s) of observer(s)&amp;#x27;, &amp;#x27;Waveplate position angle (deg)&amp;#x27;, &amp;#x27;TCS local date (isot)&amp;#x27;}\n2025-11-19 11:48:07 [ERROR] Test: test_kw_comments, filename: 20240428_s4c2_000657_zero.fits, diff: {&amp;#x27;&amp;#x27;, &amp;#x27;TCS in real (T) or simulated (F) mode&amp;#x27;, &amp;#x27;Waveplate index position from 1 to 16, 0 if non&amp;#x27;, &amp;#x27;Sequence index in the cycle&amp;#x27;, &amp;#x27;ACS in real (T) or simulated (F) mode&amp;#x27;, &amp;#x27;Waveplate selector position (mm)&amp;#x27;, &amp;#x27;Guiding focuser in real (T) or simulated (F) mo&amp;#x27;, &amp;#x27;Declination: +- DD:MM:SS&amp;#x27;, &amp;#x27;Number of rows&amp;#x27;, &amp;#x27;Guiding focuser: real (T) or simulated (F)&amp;#x27;, &amp;#x27;DEC of guider field&amp;#x27;, &amp;#x27;CCD present mode: ROI, binning, temp&amp;#x27;, &amp;#x27;Guiding mirror in real (T) or simulated (F) mod&amp;#x27;, &amp;#x27;Calibration wheel position angle (deg)&amp;#x27;, &amp;#x27;Waveplate idx position from 1 to 16, 0 if none&amp;#x27;, &amp;#x27;Analyzer: real (T) or simulated (F)&amp;#x27;, &amp;#x27;Analyzer in real (T) or simulated (F) mode&amp;#x27;, &amp;#x27;Guiding mirror: real (T) or simulated (F)&amp;#x27;, &amp;#x27;Right ascension: HH:MM:SS&amp;#x27;, &amp;#x27;Calibration wheel: real (T) or simulated (F)&amp;#x27;, &amp;#x27;TCS: real (T) or simulated (F)&amp;#x27;, &amp;#x27;Right ascension: HH:MM:SS.ss&amp;#x27;, &amp;#x27;Waveplate rotator: real (T) or simulated (F)&amp;#x27;, &amp;#x27;Calibration wheel in real (T) or simulated (F)&amp;#x27;, &amp;#x27;Acquisition error - see comments&amp;#x27;, &amp;#x27;Selector of the waveplate in real (T) or simula&amp;#x27;, &amp;#x27;ACS: real (T) or simulated (F)&amp;#x27;, &amp;#x27;Number of columns&amp;#x27;, &amp;#x27;Declination: DD:MM:SS.ss&amp;#x27;, &amp;#x27;Synchronization across channels at start of acq&amp;#x27;, &amp;#x27;Analyzer position angle (deg)&amp;#x27;, &amp;#x27;Waveplate selector: real (T) or simulated (F)&amp;#x27;, &amp;#x27;Rotator of the waveplate in real (T) or simulat&amp;#x27;, &amp;#x27;Sequence index in cycle&amp;#x27;, &amp;#x27;Zero point in scaling equation&amp;#x27;, &amp;#x27;TCS UT date (isot)&amp;#x27;, &amp;#x27;RA of guider field&amp;#x27;, &amp;#x27;Linear factor in scaling equation&amp;#x27;, &amp;#x27;Observer(s)&amp;#x27;, &amp;#x27;Synchronism of the start of the acquisition in&amp;#x27;, &amp;#x27;Name(s) of observer(s)&amp;#x27;, &amp;#x27;Waveplate position angle (deg)&amp;#x27;, &amp;#x27;TCS local date (isot)&amp;#x27;}\n2025-11-19 11:48:07 [ERROR] Test: test_kw_comments, filename: 20240428_s4c2_000658_zero.fits, diff: {&amp;#x27;&amp;#x27;, &amp;#x27;TCS in real (T) or simulated (F) mode&amp;#x27;, &amp;#x27;Waveplate index position from 1 to 16, 0 if non&amp;#x27;, &amp;#x27;Sequence index in the cycle&amp;#x27;, &amp;#x27;ACS in real (T) or simulated (F) mode&amp;#x27;, &amp;#x27;Waveplate selector position (mm)&amp;#x27;, &amp;#x27;Guiding focuser in real (T) or simulated (F) mo&amp;#x27;, &amp;#x27;Declination: +- DD:MM:SS&amp;#x27;, &amp;#x27;Number of rows&amp;#x27;, &amp;#x27;Guiding focuser: real (T) or simulated (F)&amp;#x27;, &amp;#x27;DEC of guider field&amp;#x27;, &amp;#x27;CCD present mode: ROI, binning, temp&amp;#x27;, &amp;#x27;Guiding mirror in real (T) or simulated (F) mod&amp;#x27;, &amp;#x27;Calibration wheel position angle (deg)&amp;#x27;, &amp;#x27;Waveplate idx position from 1 to 16, 0 if none&amp;#x27;, &amp;#x27;Analyzer: real (T) or simulated (F)&amp;#x27;, &amp;#x27;Analyzer in real (T) or simulated (F) mode&amp;#x27;, &amp;#x27;Guiding mirror: real (T) or simulated (F)&amp;#x27;, &amp;#x27;Right ascension: HH:MM:SS&amp;#x27;, &amp;#x27;Calibration wheel: real (T) or simulated (F)&amp;#x27;, &amp;#x27;TCS: real (T) or simulated (F)&amp;#x27;, &amp;#x27;Right ascension: HH:MM:SS.ss&amp;#x27;, &amp;#x27;Waveplate rotator: real (T) or simulated (F)&amp;#x27;, &amp;#x27;Calibration wheel in real (T) or simulated (F)&amp;#x27;, &amp;#x27;Acquisition error - see comments&amp;#x27;, &amp;#x27;Selector of the waveplate in real (T) or simula&amp;#x27;, &amp;#x27;ACS: real (T) or simulated (F)&amp;#x27;, &amp;#x27;Number of columns&amp;#x27;, &amp;#x27;Declination: DD:MM:SS.ss&amp;#x27;, &amp;#x27;Synchronization across channels at start of acq&amp;#x27;, &amp;#x27;Analyzer position angle (deg)&amp;#x27;, &amp;#x27;Waveplate selector: real (T) or simulated (F)&amp;#x27;, &amp;#x27;Rotator of the waveplate in real (T) or simulat&amp;#x27;, &amp;#x27;Sequence index in cycle&amp;#x27;, &amp;#x27;Zero point in scaling equation&amp;#x27;, &amp;#x27;TCS UT date (isot)&amp;#x27;, &amp;#x27;RA of guider field&amp;#x27;, &amp;#x27;Linear factor in scaling equation&amp;#x27;, &amp;#x27;Observer(s)&amp;#x27;, &amp;#x27;Synchronism of the start of the acquisition in&amp;#x27;, &amp;#x27;Name(s) of observer(s)&amp;#x27;, &amp;#x27;Waveplate position angle (deg)&amp;#x27;, &amp;#x27;TCS local date (isot)&amp;#x27;}\n2025-11-19 11:48:07 [ERROR] Test: test_kw_comments, filename: 20240428_s4c2_001379_dc2fast.fits, diff: {&amp;#x27;&amp;#x27;, &amp;#x27;Fits standard&amp;#x27;, &amp;#x27;TCS in real (T) or simulated (F) mode&amp;#x27;, &amp;#x27;number of array dimensions&amp;#x27;, &amp;#x27;Waveplate index position from 1 to 16, 0 if non&amp;#x27;, &amp;#x27;Sequence index in the cycle&amp;#x27;, &amp;#x27;ACS in real (T) or simulated (F) mode&amp;#x27;, &amp;#x27;Waveplate selector position (mm)&amp;#x27;, &amp;#x27;Time of last modification&amp;#x27;, &amp;#x27;Guiding focuser in real (T) or simulated (F) mo&amp;#x27;, &amp;#x27;Declination: +- DD:MM:SS&amp;#x27;, &amp;#x27;array data type&amp;#x27;, &amp;#x27;Number of rows&amp;#x27;, &amp;#x27;Bits per pixel&amp;#x27;, &amp;#x27;Guiding focuser: real (T) or simulated (F)&amp;#x27;, &amp;#x27;DEC of guider field&amp;#x27;, &amp;#x27;REAL = TAPE*BSCALE + BZERO&amp;#x27;, &amp;#x27;CCD present mode: ROI, binning, temp&amp;#x27;, &amp;#x27;Guiding mirror in real (T) or simulated (F) mod&amp;#x27;, &amp;#x27;Calibration wheel position angle (deg)&amp;#x27;, &amp;#x27;Waveplate idx position from 1 to 16, 0 if none&amp;#x27;, &amp;#x27;Analyzer: real (T) or simulated (F)&amp;#x27;, &amp;#x27;Axis length&amp;#x27;, &amp;#x27;Analyzer in real (T) or simulated (F) mode&amp;#x27;, &amp;#x27;Guiding mirror: real (T) or simulated (F)&amp;#x27;, &amp;#x27;Right ascension: HH:MM:SS&amp;#x27;, &amp;#x27;Calibration wheel: real (T) or simulated (F)&amp;#x27;, &amp;#x27;TCS: real (T) or simulated (F)&amp;#x27;, &amp;#x27;Right ascension: HH:MM:SS.ss&amp;#x27;, &amp;#x27;Waveplate rotator: real (T) or simulated (F)&amp;#x27;, &amp;#x27;Calibration wheel in real (T) or simulated (F)&amp;#x27;, &amp;#x27;Acquisition error - see comments&amp;#x27;, &amp;#x27;Selector of the waveplate in real (T) or simula&amp;#x27;, &amp;#x27;ACS: real (T) or simulated (F)&amp;#x27;, &amp;#x27;Number of columns&amp;#x27;, &amp;#x27;Date FITS file was generated&amp;#x27;, &amp;#x27;Number of axes&amp;#x27;, &amp;#x27;Declination: DD:MM:SS.ss&amp;#x27;, &amp;#x27;Synchronization across channels at start of acq&amp;#x27;, &amp;#x27;Analyzer position angle (deg)&amp;#x27;, &amp;#x27;Waveplate selector: real (T) or simulated (F)&amp;#x27;, &amp;#x27;Rotator of the waveplate in real (T) or simulat&amp;#x27;, &amp;#x27;Sequence index in cycle&amp;#x27;, &amp;#x27;Zero point in scaling equation&amp;#x27;, &amp;#x27;File may contain extensions&amp;#x27;, &amp;#x27;Name(s) of&amp;#x27;, &amp;#x27;TCS UT date (isot)&amp;#x27;, &amp;#x27;FITS file originator&amp;#x27;, &amp;#x27;RA of guider field&amp;#x27;, &amp;#x27;Linear factor in scaling equation&amp;#x27;, &amp;#x27;Observer(s)&amp;#x27;, &amp;#x27;Synchronism of the start of the acquisition in&amp;#x27;, &amp;#x27;conforms to FITS standard&amp;#x27;, &amp;#x27;Waveplate position angle (deg)&amp;#x27;, &amp;#x27;TCS local date (isot)&amp;#x27;}\n2025-11-19 11:48:07 [ERROR] Test: test_kw_comments, filename: 20240428_s4c2_001380_dc2fast.fits, diff: {&amp;#x27;&amp;#x27;, &amp;#x27;Fits standard&amp;#x27;, &amp;#x27;TCS in real (T) or simulated (F) mode&amp;#x27;, &amp;#x27;number of array dimensions&amp;#x27;, &amp;#x27;Waveplate index position from 1 to 16, 0 if non&amp;#x27;, &amp;#x27;Sequence index in the cycle&amp;#x27;, &amp;#x27;ACS in real (T) or simulated (F) mode&amp;#x27;, &amp;#x27;Waveplate selector position (mm)&amp;#x27;, &amp;#x27;Time of last modification&amp;#x27;, &amp;#x27;Guiding focuser in real (T) or simulated (F) mo&amp;#x27;, &amp;#x27;Declination: +- DD:MM:SS&amp;#x27;, &amp;#x27;array data type&amp;#x27;, &amp;#x27;Number of rows&amp;#x27;, &amp;#x27;Bits per pixel&amp;#x27;, &amp;#x27;Guiding focuser: real (T) or simulated (F)&amp;#x27;, &amp;#x27;DEC of guider field&amp;#x27;, &amp;#x27;REAL = TAPE*BSCALE + BZERO&amp;#x27;, &amp;#x27;CCD present mode: ROI, binning, temp&amp;#x27;, &amp;#x27;Guiding mirror in real (T) or simulated (F) mod&amp;#x27;, &amp;#x27;Calibration wheel position angle (deg)&amp;#x27;, &amp;#x27;Waveplate idx position from 1 to 16, 0 if none&amp;#x27;, &amp;#x27;Analyzer: real (T) or simulated (F)&amp;#x27;, &amp;#x27;Axis length&amp;#x27;, &amp;#x27;Analyzer in real (T) or simulated (F) mode&amp;#x27;, &amp;#x27;Guiding mirror: real (T) or simulated (F)&amp;#x27;, &amp;#x27;Right ascension: HH:MM:SS&amp;#x27;, &amp;#x27;Calibration wheel: real (T) or simulated (F)&amp;#x27;, &amp;#x27;TCS: real (T) or simulated (F)&amp;#x27;, &amp;#x27;Right ascension: HH:MM:SS.ss&amp;#x27;, &amp;#x27;Waveplate rotator: real (T) or simulated (F)&amp;#x27;, &amp;#x27;Calibration wheel in real (T) or simulated (F)&amp;#x27;, &amp;#x27;Acquisition error - see comments&amp;#x27;, &amp;#x27;Selector of the waveplate in real (T) or simula&amp;#x27;, &amp;#x27;ACS: real (T) or simulated (F)&amp;#x27;, &amp;#x27;Number of columns&amp;#x27;, &amp;#x27;Date FITS file was generated&amp;#x27;, &amp;#x27;Number of axes&amp;#x27;, &amp;#x27;Declination: DD:MM:SS.ss&amp;#x27;, &amp;#x27;Synchronization across channels at start of acq&amp;#x27;, &amp;#x27;Analyzer position angle (deg)&amp;#x27;, &amp;#x27;Waveplate selector: real (T) or simulated (F)&amp;#x27;, &amp;#x27;Rotator of the waveplate in real (T) or simulat&amp;#x27;, &amp;#x27;Sequence index in cycle&amp;#x27;, &amp;#x27;Zero point in scaling equation&amp;#x27;, &amp;#x27;File may contain extensions&amp;#x27;, &amp;#x27;Name(s) of&amp;#x27;, &amp;#x27;TCS UT date (isot)&amp;#x27;, &amp;#x27;FITS file originator&amp;#x27;, &amp;#x27;RA of guider field&amp;#x27;, &amp;#x27;Linear factor in scaling equation&amp;#x27;, &amp;#x27;Observer(s)&amp;#x27;, &amp;#x27;Synchronism of the start of the acquisition in&amp;#x27;, &amp;#x27;conforms to FITS standard&amp;#x27;, &amp;#x27;Waveplate position angle (deg)&amp;#x27;, &amp;#x27;TCS local date (isot)&amp;#x27;}\n2025-11-19 11:48:07 [ERROR] Test: test_kw_comments, filename: 20240428_s4c2_001381_dc2fast.fits, diff: {&amp;#x27;&amp;#x27;, &amp;#x27;Fits standard&amp;#x27;, &amp;#x27;TCS in real (T) or simulated (F) mode&amp;#x27;, &amp;#x27;number of array dimensions&amp;#x27;, &amp;#x27;Waveplate index position from 1 to 16, 0 if non&amp;#x27;, &amp;#x27;Sequence index in the cycle&amp;#x27;, &amp;#x27;ACS in real (T) or simulated (F) mode&amp;#x27;, &amp;#x27;Waveplate selector position (mm)&amp;#x27;, &amp;#x27;Time of last modification&amp;#x27;, &amp;#x27;Guiding focuser in real (T) or simulated (F) mo&amp;#x27;, &amp;#x27;Declination: +- DD:MM:SS&amp;#x27;, &amp;#x27;array data type&amp;#x27;, &amp;#x27;Number of rows&amp;#x27;, &amp;#x27;Bits per pixel&amp;#x27;, &amp;#x27;Guiding focuser: real (T) or simulated (F)&amp;#x27;, &amp;#x27;DEC of guider field&amp;#x27;, &amp;#x27;REAL = TAPE*BSCALE + BZERO&amp;#x27;, &amp;#x27;CCD present mode: ROI, binning, temp&amp;#x27;, &amp;#x27;Guiding mirror in real (T) or simulated (F) mod&amp;#x27;, &amp;#x27;Calibration wheel position angle (deg)&amp;#x27;, &amp;#x27;Waveplate idx position from 1 to 16, 0 if none&amp;#x27;, &amp;#x27;Analyzer: real (T) or simulated (F)&amp;#x27;, &amp;#x27;Axis length&amp;#x27;, &amp;#x27;Analyzer in real (T) or simulated (F) mode&amp;#x27;, &amp;#x27;Guiding mirror: real (T) or simulated (F)&amp;#x27;, &amp;#x27;Right ascension: HH:MM:SS&amp;#x27;, &amp;#x27;Calibration wheel: real (T) or simulated (F)&amp;#x27;, &amp;#x27;TCS: real (T) or simulated (F)&amp;#x27;, &amp;#x27;Right ascension: HH:MM:SS.ss&amp;#x27;, &amp;#x27;Waveplate rotator: real (T) or simulated (F)&amp;#x27;, &amp;#x27;Calibration wheel in real (T) or simulated (F)&amp;#x27;, &amp;#x27;Acquisition error - see comments&amp;#x27;, &amp;#x27;Selector of the waveplate in real (T) or simula&amp;#x27;, &amp;#x27;ACS: real (T) or simulated (F)&amp;#x27;, &amp;#x27;Number of columns&amp;#x27;, &amp;#x27;Date FITS file was generated&amp;#x27;, &amp;#x27;Number of axes&amp;#x27;, &amp;#x27;Declination: DD:MM:SS.ss&amp;#x27;, &amp;#x27;Synchronization across channels at start of acq&amp;#x27;, &amp;#x27;Analyzer position angle (deg)&amp;#x27;, &amp;#x27;Waveplate selector: real (T) or simulated (F)&amp;#x27;, &amp;#x27;Rotator of the waveplate in real (T) or simulat&amp;#x27;, &amp;#x27;Sequence index in cycle&amp;#x27;, &amp;#x27;Zero point in scaling equation&amp;#x27;, &amp;#x27;File may contain extensions&amp;#x27;, &amp;#x27;Name(s) of&amp;#x27;, &amp;#x27;TCS UT date (isot)&amp;#x27;, &amp;#x27;FITS file originator&amp;#x27;, &amp;#x27;RA of guider field&amp;#x27;, &amp;#x27;Linear factor in scaling equation&amp;#x27;, &amp;#x27;Observer(s)&amp;#x27;, &amp;#x27;Synchronism of the start of the acquisition in&amp;#x27;, &amp;#x27;conforms to FITS standard&amp;#x27;, &amp;#x27;Waveplate position angle (deg)&amp;#x27;, &amp;#x27;TCS local date (isot)&amp;#x27;}\n2025-11-19 11:48:07 [ERROR] Test: test_kw_comments, filename: 20240428_s4c2_001382_dc2fast.fits, diff: {&amp;#x27;&amp;#x27;, &amp;#x27;Fits standard&amp;#x27;, &amp;#x27;TCS in real (T) or simulated (F) mode&amp;#x27;, &amp;#x27;number of array dimensions&amp;#x27;, &amp;#x27;Waveplate index position from 1 to 16, 0 if non&amp;#x27;, &amp;#x27;Sequence index in the cycle&amp;#x27;, &amp;#x27;ACS in real (T) or simulated (F) mode&amp;#x27;, &amp;#x27;Waveplate selector position (mm)&amp;#x27;, &amp;#x27;Time of last modification&amp;#x27;, &amp;#x27;Guiding focuser in real (T) or simulated (F) mo&amp;#x27;, &amp;#x27;Declination: +- DD:MM:SS&amp;#x27;, &amp;#x27;array data type&amp;#x27;, &amp;#x27;Number of rows&amp;#x27;, &amp;#x27;Bits per pixel&amp;#x27;, &amp;#x27;Guiding focuser: real (T) or simulated (F)&amp;#x27;, &amp;#x27;DEC of guider field&amp;#x27;, &amp;#x27;REAL = TAPE*BSCALE + BZERO&amp;#x27;, &amp;#x27;CCD present mode: ROI, binning, temp&amp;#x27;, &amp;#x27;Guiding mirror in real (T) or simulated (F) mod&amp;#x27;, &amp;#x27;Calibration wheel position angle (deg)&amp;#x27;, &amp;#x27;Waveplate idx position from 1 to 16, 0 if none&amp;#x27;, &amp;#x27;Analyzer: real (T) or simulated (F)&amp;#x27;, &amp;#x27;Axis length&amp;#x27;, &amp;#x27;Analyzer in real (T) or simulated (F) mode&amp;#x27;, &amp;#x27;Guiding mirror: real (T) or simulated (F)&amp;#x27;, &amp;#x27;Right ascension: HH:MM:SS&amp;#x27;, &amp;#x27;Calibration wheel: real (T) or simulated (F)&amp;#x27;, &amp;#x27;TCS: real (T) or simulated (F)&amp;#x27;, &amp;#x27;Right ascension: HH:MM:SS.ss&amp;#x27;, &amp;#x27;Waveplate rotator: real (T) or simulated (F)&amp;#x27;, &amp;#x27;Calibration wheel in real (T) or simulated (F)&amp;#x27;, &amp;#x27;Acquisition error - see comments&amp;#x27;, &amp;#x27;Selector of the waveplate in real (T) or simula&amp;#x27;, &amp;#x27;ACS: real (T) or simulated (F)&amp;#x27;, &amp;#x27;Number of columns&amp;#x27;, &amp;#x27;Date FITS file was generated&amp;#x27;, &amp;#x27;Number of axes&amp;#x27;, &amp;#x27;Declination: DD:MM:SS.ss&amp;#x27;, &amp;#x27;Synchronization across channels at start of acq&amp;#x27;, &amp;#x27;Analyzer position angle (deg)&amp;#x27;, &amp;#x27;Waveplate selector: real (T) or simulated (F)&amp;#x27;, &amp;#x27;Rotator of the waveplate in real (T) or simulat&amp;#x27;, &amp;#x27;Sequence index in cycle&amp;#x27;, &amp;#x27;Zero point in scaling equation&amp;#x27;, &amp;#x27;File may contain extensions&amp;#x27;, &amp;#x27;Name(s) of&amp;#x27;, &amp;#x27;TCS UT date (isot)&amp;#x27;, &amp;#x27;FITS file originator&amp;#x27;, &amp;#x27;RA of guider field&amp;#x27;, &amp;#x27;Linear factor in scaling equation&amp;#x27;, &amp;#x27;Observer(s)&amp;#x27;, &amp;#x27;Synchronism of the start of the acquisition in&amp;#x27;, &amp;#x27;conforms to FITS standard&amp;#x27;, &amp;#x27;Waveplate position angle (deg)&amp;#x27;, &amp;#x27;TCS local date (isot)&amp;#x27;}\n2025-11-19 11:48:07 [ERROR] Test: test_kw_comments, filename: 20240428_s4c2_001383_dc2fast.fits, diff: {&amp;#x27;&amp;#x27;, &amp;#x27;Fits standard&amp;#x27;, &amp;#x27;TCS in real (T) or simulated (F) mode&amp;#x27;, &amp;#x27;number of array dimensions&amp;#x27;, &amp;#x27;Waveplate index position from 1 to 16, 0 if non&amp;#x27;, &amp;#x27;Sequence index in the cycle&amp;#x27;, &amp;#x27;ACS in real (T) or simulated (F) mode&amp;#x27;, &amp;#x27;Waveplate selector position (mm)&amp;#x27;, &amp;#x27;Time of last modification&amp;#x27;, &amp;#x27;Guiding focuser in real (T) or simulated (F) mo&amp;#x27;, &amp;#x27;Declination: +- DD:MM:SS&amp;#x27;, &amp;#x27;array data type&amp;#x27;, &amp;#x27;Number of rows&amp;#x27;, &amp;#x27;Bits per pixel&amp;#x27;, &amp;#x27;Guiding focuser: real (T) or simulated (F)&amp;#x27;, &amp;#x27;DEC of guider field&amp;#x27;, &amp;#x27;REAL = TAPE*BSCALE + BZERO&amp;#x27;, &amp;#x27;CCD present mode: ROI, binning, temp&amp;#x27;, &amp;#x27;Guiding mirror in real (T) or simulated (F) mod&amp;#x27;, &amp;#x27;Calibration wheel position angle (deg)&amp;#x27;, &amp;#x27;Waveplate idx position from 1 to 16, 0 if none&amp;#x27;, &amp;#x27;Analyzer: real (T) or simulated (F)&amp;#x27;, &amp;#x27;Axis length&amp;#x27;, &amp;#x27;Analyzer in real (T) or simulated (F) mode&amp;#x27;, &amp;#x27;Guiding mirror: real (T) or simulated (F)&amp;#x27;, &amp;#x27;Right ascension: HH:MM:SS&amp;#x27;, &amp;#x27;Calibration wheel: real (T) or simulated (F)&amp;#x27;, &amp;#x27;TCS: real (T) or simulated (F)&amp;#x27;, &amp;#x27;Right ascension: HH:MM:SS.ss&amp;#x27;, &amp;#x27;Waveplate rotator: real (T) or simulated (F)&amp;#x27;, &amp;#x27;Calibration wheel in real (T) or simulated (F)&amp;#x27;, &amp;#x27;Acquisition error - see comments&amp;#x27;, &amp;#x27;Selector of the waveplate in real (T) or simula&amp;#x27;, &amp;#x27;ACS: real (T) or simulated (F)&amp;#x27;, &amp;#x27;Number of columns&amp;#x27;, &amp;#x27;Date FITS file was generated&amp;#x27;, &amp;#x27;Number of axes&amp;#x27;, &amp;#x27;Declination: DD:MM:SS.ss&amp;#x27;, &amp;#x27;Synchronization across channels at start of acq&amp;#x27;, &amp;#x27;Analyzer position angle (deg)&amp;#x27;, &amp;#x27;Waveplate selector: real (T) or simulated (F)&amp;#x27;, &amp;#x27;Rotator of the waveplate in real (T) or simulat&amp;#x27;, &amp;#x27;Sequence index in cycle&amp;#x27;, &amp;#x27;Zero point in scaling equation&amp;#x27;, &amp;#x27;File may contain extensions&amp;#x27;, &amp;#x27;Name(s) of&amp;#x27;, &amp;#x27;TCS UT date (isot)&amp;#x27;, &amp;#x27;FITS file originator&amp;#x27;, &amp;#x27;RA of guider field&amp;#x27;, &amp;#x27;Linear factor in scaling equation&amp;#x27;, &amp;#x27;Observer(s)&amp;#x27;, &amp;#x27;Synchronism of the start of the acquisition in&amp;#x27;, &amp;#x27;conforms to FITS standard&amp;#x27;, &amp;#x27;Waveplate position angle (deg)&amp;#x27;, &amp;#x27;TCS local date (isot)&amp;#x27;}\n2025-11-19 11:48:07 [ERROR] Test: test_kw_comments, filename: 20240428_s4c2_001387_dc2slow.fits, diff: {&amp;#x27;&amp;#x27;, &amp;#x27;Fits standard&amp;#x27;, &amp;#x27;TCS in real (T) or simulated (F) mode&amp;#x27;, &amp;#x27;number of array dimensions&amp;#x27;, &amp;#x27;Waveplate index position from 1 to 16, 0 if non&amp;#x27;, &amp;#x27;Sequence index in the cycle&amp;#x27;, &amp;#x27;ACS in real (T) or simulated (F) mode&amp;#x27;, &amp;#x27;Waveplate selector position (mm)&amp;#x27;, &amp;#x27;Time of last modification&amp;#x27;, &amp;#x27;Guiding focuser in real (T) or simulated (F) mo&amp;#x27;, &amp;#x27;Declination: +- DD:MM:SS&amp;#x27;, &amp;#x27;array data type&amp;#x27;, &amp;#x27;Number of rows&amp;#x27;, &amp;#x27;Bits per pixel&amp;#x27;, &amp;#x27;Guiding focuser: real (T) or simulated (F)&amp;#x27;, &amp;#x27;DEC of guider field&amp;#x27;, &amp;#x27;REAL = TAPE*BSCALE + BZERO&amp;#x27;, &amp;#x27;CCD present mode: ROI, binning, temp&amp;#x27;, &amp;#x27;Guiding mirror in real (T) or simulated (F) mod&amp;#x27;, &amp;#x27;Calibration wheel position angle (deg)&amp;#x27;, &amp;#x27;Waveplate idx position from 1 to 16, 0 if none&amp;#x27;, &amp;#x27;Analyzer: real (T) or simulated (F)&amp;#x27;, &amp;#x27;Axis length&amp;#x27;, &amp;#x27;Analyzer in real (T) or simulated (F) mode&amp;#x27;, &amp;#x27;Guiding mirror: real (T) or simulated (F)&amp;#x27;, &amp;#x27;Right ascension: HH:MM:SS&amp;#x27;, &amp;#x27;Calibration wheel: real (T) or simulated (F)&amp;#x27;, &amp;#x27;TCS: real (T) or simulated (F)&amp;#x27;, &amp;#x27;Right ascension: HH:MM:SS.ss&amp;#x27;, &amp;#x27;Waveplate rotator: real (T) or simulated (F)&amp;#x27;, &amp;#x27;Calibration wheel in real (T) or simulated (F)&amp;#x27;, &amp;#x27;Acquisition error - see comments&amp;#x27;, &amp;#x27;Selector of the waveplate in real (T) or simula&amp;#x27;, &amp;#x27;ACS: real (T) or simulated (F)&amp;#x27;, &amp;#x27;Number of columns&amp;#x27;, &amp;#x27;Date FITS file was generated&amp;#x27;, &amp;#x27;Number of axes&amp;#x27;, &amp;#x27;Declination: DD:MM:SS.ss&amp;#x27;, &amp;#x27;Synchronization across channels at start of acq&amp;#x27;, &amp;#x27;Analyzer position angle (deg)&amp;#x27;, &amp;#x27;Waveplate selector: real (T) or simulated (F)&amp;#x27;, &amp;#x27;Rotator of the waveplate in real (T) or simulat&amp;#x27;, &amp;#x27;Sequence index in cycle&amp;#x27;, &amp;#x27;Zero point in scaling equation&amp;#x27;, &amp;#x27;File may contain extensions&amp;#x27;, &amp;#x27;Name(s) of&amp;#x27;, &amp;#x27;TCS UT date (isot)&amp;#x27;, &amp;#x27;FITS file originator&amp;#x27;, &amp;#x27;RA of guider field&amp;#x27;, &amp;#x27;Linear factor in scaling equation&amp;#x27;, &amp;#x27;Observer(s)&amp;#x27;, &amp;#x27;Synchronism of the start of the acquisition in&amp;#x27;, &amp;#x27;conforms to FITS standard&amp;#x27;, &amp;#x27;Waveplate position angle (deg)&amp;#x27;, &amp;#x27;TCS local date (isot)&amp;#x27;}\n2025-11-19 11:48:07 [ERROR] Test: test_kw_comments, filename: 20240428_s4c2_001388_dc2slow.fits, diff: {&amp;#x27;&amp;#x27;, &amp;#x27;Fits standard&amp;#x27;, &amp;#x27;TCS in real (T) or simulated (F) mode&amp;#x27;, &amp;#x27;number of array dimensions&amp;#x27;, &amp;#x27;Waveplate index position from 1 to 16, 0 if non&amp;#x27;, &amp;#x27;Sequence index in the cycle&amp;#x27;, &amp;#x27;ACS in real (T) or simulated (F) mode&amp;#x27;, &amp;#x27;Waveplate selector position (mm)&amp;#x27;, &amp;#x27;Time of last modification&amp;#x27;, &amp;#x27;Guiding focuser in real (T) or simulated (F) mo&amp;#x27;, &amp;#x27;Declination: +- DD:MM:SS&amp;#x27;, &amp;#x27;array data type&amp;#x27;, &amp;#x27;Number of rows&amp;#x27;, &amp;#x27;Bits per pixel&amp;#x27;, &amp;#x27;Guiding focuser: real (T) or simulated (F)&amp;#x27;, &amp;#x27;DEC of guider field&amp;#x27;, &amp;#x27;REAL = TAPE*BSCALE + BZERO&amp;#x27;, &amp;#x27;CCD present mode: ROI, binning, temp&amp;#x27;, &amp;#x27;Guiding mirror in real (T) or simulated (F) mod&amp;#x27;, &amp;#x27;Calibration wheel position angle (deg)&amp;#x27;, &amp;#x27;Waveplate idx position from 1 to 16, 0 if none&amp;#x27;, &amp;#x27;Analyzer: real (T) or simulated (F)&amp;#x27;, &amp;#x27;Axis length&amp;#x27;, &amp;#x27;Analyzer in real (T) or simulated (F) mode&amp;#x27;, &amp;#x27;Guiding mirror: real (T) or simulated (F)&amp;#x27;, &amp;#x27;Right ascension: HH:MM:SS&amp;#x27;, &amp;#x27;Calibration wheel: real (T) or simulated (F)&amp;#x27;, &amp;#x27;TCS: real (T) or simulated (F)&amp;#x27;, &amp;#x27;Right ascension: HH:MM:SS.ss&amp;#x27;, &amp;#x27;Waveplate rotator: real (T) or simulated (F)&amp;#x27;, &amp;#x27;Calibration wheel in real (T) or simulated (F)&amp;#x27;, &amp;#x27;Acquisition error - see comments&amp;#x27;, &amp;#x27;Selector of the waveplate in real (T) or simula&amp;#x27;, &amp;#x27;ACS: real (T) or simulated (F)&amp;#x27;, &amp;#x27;Number of columns&amp;#x27;, &amp;#x27;Date FITS file was generated&amp;#x27;, &amp;#x27;Number of axes&amp;#x27;, &amp;#x27;Declination: DD:MM:SS.ss&amp;#x27;, &amp;#x27;Synchronization across channels at start of acq&amp;#x27;, &amp;#x27;Analyzer position angle (deg)&amp;#x27;, &amp;#x27;Waveplate selector: real (T) or simulated (F)&amp;#x27;, &amp;#x27;Rotator of the waveplate in real (T) or simulat&amp;#x27;, &amp;#x27;Sequence index in cycle&amp;#x27;, &amp;#x27;Zero point in scaling equation&amp;#x27;, &amp;#x27;File may contain extensions&amp;#x27;, &amp;#x27;Name(s) of&amp;#x27;, &amp;#x27;TCS UT date (isot)&amp;#x27;, &amp;#x27;FITS file originator&amp;#x27;, &amp;#x27;RA of guider field&amp;#x27;, &amp;#x27;Linear factor in scaling equation&amp;#x27;, &amp;#x27;Observer(s)&amp;#x27;, &amp;#x27;Synchronism of the start of the acquisition in&amp;#x27;, &amp;#x27;conforms to FITS standard&amp;#x27;, &amp;#x27;Waveplate position angle (deg)&amp;#x27;, &amp;#x27;TCS local date (isot)&amp;#x27;}\n2025-11-19 11:48:07 [ERROR] Test: test_kw_comments, filename: 20240428_s4c2_001389_dc2slow.fits, diff: {&amp;#x27;&amp;#x27;, &amp;#x27;Fits standard&amp;#x27;, &amp;#x27;TCS in real (T) or simulated (F) mode&amp;#x27;, &amp;#x27;number of array dimensions&amp;#x27;, &amp;#x27;Waveplate index position from 1 to 16, 0 if non&amp;#x27;, &amp;#x27;Sequence index in the cycle&amp;#x27;, &amp;#x27;ACS in real (T) or simulated (F) mode&amp;#x27;, &amp;#x27;Waveplate selector position (mm)&amp;#x27;, &amp;#x27;Time of last modification&amp;#x27;, &amp;#x27;Guiding focuser in real (T) or simulated (F) mo&amp;#x27;, &amp;#x27;Declination: +- DD:MM:SS&amp;#x27;, &amp;#x27;array data type&amp;#x27;, &amp;#x27;Number of rows&amp;#x27;, &amp;#x27;Bits per pixel&amp;#x27;, &amp;#x27;Guiding focuser: real (T) or simulated (F)&amp;#x27;, &amp;#x27;DEC of guider field&amp;#x27;, &amp;#x27;REAL = TAPE*BSCALE + BZERO&amp;#x27;, &amp;#x27;CCD present mode: ROI, binning, temp&amp;#x27;, &amp;#x27;Guiding mirror in real (T) or simulated (F) mod&amp;#x27;, &amp;#x27;Calibration wheel position angle (deg)&amp;#x27;, &amp;#x27;Waveplate idx position from 1 to 16, 0 if none&amp;#x27;, &amp;#x27;Analyzer: real (T) or simulated (F)&amp;#x27;, &amp;#x27;Axis length&amp;#x27;, &amp;#x27;Analyzer in real (T) or simulated (F) mode&amp;#x27;, &amp;#x27;Guiding mirror: real (T) or simulated (F)&amp;#x27;, &amp;#x27;Right ascension: HH:MM:SS&amp;#x27;, &amp;#x27;Calibration wheel: real (T) or simulated (F)&amp;#x27;, &amp;#x27;TCS: real (T) or simulated (F)&amp;#x27;, &amp;#x27;Right ascension: HH:MM:SS.ss&amp;#x27;, &amp;#x27;Waveplate rotator: real (T) or simulated (F)&amp;#x27;, &amp;#x27;Calibration wheel in real (T) or simulated (F)&amp;#x27;, &amp;#x27;Acquisition error - see comments&amp;#x27;, &amp;#x27;Selector of the waveplate in real (T) or simula&amp;#x27;, &amp;#x27;ACS: real (T) or simulated (F)&amp;#x27;, &amp;#x27;Number of columns&amp;#x27;, &amp;#x27;Date FITS file was generated&amp;#x27;, &amp;#x27;Number of axes&amp;#x27;, &amp;#x27;Declination: DD:MM:SS.ss&amp;#x27;, &amp;#x27;Synchronization across channels at start of acq&amp;#x27;, &amp;#x27;Analyzer position angle (deg)&amp;#x27;, &amp;#x27;Waveplate selector: real (T) or simulated (F)&amp;#x27;, &amp;#x27;Rotator of the waveplate in real (T) or simulat&amp;#x27;, &amp;#x27;Sequence index in cycle&amp;#x27;, &amp;#x27;Zero point in scaling equation&amp;#x27;, &amp;#x27;File may contain extensions&amp;#x27;, &amp;#x27;Name(s) of&amp;#x27;, &amp;#x27;TCS UT date (isot)&amp;#x27;, &amp;#x27;FITS file originator&amp;#x27;, &amp;#x27;RA of guider field&amp;#x27;, &amp;#x27;Linear factor in scaling equation&amp;#x27;, &amp;#x27;Observer(s)&amp;#x27;, &amp;#x27;Synchronism of the start of the acquisition in&amp;#x27;, &amp;#x27;conforms to FITS standard&amp;#x27;, &amp;#x27;Waveplate position angle (deg)&amp;#x27;, &amp;#x27;TCS local date (isot)&amp;#x27;}\n2025-11-19 11:48:07 [ERROR] Test: test_kw_comments, filename: 20240428_s4c2_001390_dc2slow.fits, diff: {&amp;#x27;&amp;#x27;, &amp;#x27;Fits standard&amp;#x27;, &amp;#x27;TCS in real (T) or simulated (F) mode&amp;#x27;, &amp;#x27;number of array dimensions&amp;#x27;, &amp;#x27;Waveplate index position from 1 to 16, 0 if non&amp;#x27;, &amp;#x27;Sequence index in the cycle&amp;#x27;, &amp;#x27;ACS in real (T) or simulated (F) mode&amp;#x27;, &amp;#x27;Waveplate selector position (mm)&amp;#x27;, &amp;#x27;Time of last modification&amp;#x27;, &amp;#x27;Guiding focuser in real (T) or simulated (F) mo&amp;#x27;, &amp;#x27;Declination: +- DD:MM:SS&amp;#x27;, &amp;#x27;array data type&amp;#x27;, &amp;#x27;Number of rows&amp;#x27;, &amp;#x27;Bits per pixel&amp;#x27;, &amp;#x27;Guiding focuser: real (T) or simulated (F)&amp;#x27;, &amp;#x27;DEC of guider field&amp;#x27;, &amp;#x27;REAL = TAPE*BSCALE + BZERO&amp;#x27;, &amp;#x27;CCD present mode: ROI, binning, temp&amp;#x27;, &amp;#x27;Guiding mirror in real (T) or simulated (F) mod&amp;#x27;, &amp;#x27;Calibration wheel position angle (deg)&amp;#x27;, &amp;#x27;Waveplate idx position from 1 to 16, 0 if none&amp;#x27;, &amp;#x27;Analyzer: real (T) or simulated (F)&amp;#x27;, &amp;#x27;Axis length&amp;#x27;, &amp;#x27;Analyzer in real (T) or simulated (F) mode&amp;#x27;, &amp;#x27;Guiding mirror: real (T) or simulated (F)&amp;#x27;, &amp;#x27;Right ascension: HH:MM:SS&amp;#x27;, &amp;#x27;Calibration wheel: real (T) or simulated (F)&amp;#x27;, &amp;#x27;TCS: real (T) or simulated (F)&amp;#x27;, &amp;#x27;Right ascension: HH:MM:SS.ss&amp;#x27;, &amp;#x27;Waveplate rotator: real (T) or simulated (F)&amp;#x27;, &amp;#x27;Calibration wheel in real (T) or simulated (F)&amp;#x27;, &amp;#x27;Acquisition error - see comments&amp;#x27;, &amp;#x27;Selector of the waveplate in real (T) or simula&amp;#x27;, &amp;#x27;ACS: real (T) or simulated (F)&amp;#x27;, &amp;#x27;Number of columns&amp;#x27;, &amp;#x27;Date FITS file was generated&amp;#x27;, &amp;#x27;Number of axes&amp;#x27;, &amp;#x27;Declination: DD:MM:SS.ss&amp;#x27;, &amp;#x27;Synchronization across channels at start of acq&amp;#x27;, &amp;#x27;Analyzer position angle (deg)&amp;#x27;, &amp;#x27;Waveplate selector: real (T) or simulated (F)&amp;#x27;, &amp;#x27;Rotator of the waveplate in real (T) or simulat&amp;#x27;, &amp;#x27;Sequence index in cycle&amp;#x27;, &amp;#x27;Zero point in scaling equation&amp;#x27;, &amp;#x27;File may contain extensions&amp;#x27;, &amp;#x27;Name(s) of&amp;#x27;, &amp;#x27;TCS UT date (isot)&amp;#x27;, &amp;#x27;FITS file originator&amp;#x27;, &amp;#x27;RA of guider field&amp;#x27;, &amp;#x27;Linear factor in scaling equation&amp;#x27;, &amp;#x27;Observer(s)&amp;#x27;, &amp;#x27;Synchronism of the start of the acquisition in&amp;#x27;, &amp;#x27;conforms to FITS standard&amp;#x27;, &amp;#x27;Waveplate position angle (deg)&amp;#x27;, &amp;#x27;TCS local date (isot)&amp;#x27;}\n2025-11-19 11:48:07 [ERROR] Test: test_kw_comments, filename: 20240428_s4c2_001391_dc2slow.fits, diff: {&amp;#x27;&amp;#x27;, &amp;#x27;Fits standard&amp;#x27;, &amp;#x27;TCS in real (T) or simulated (F) mode&amp;#x27;, &amp;#x27;number of array dimensions&amp;#x27;, &amp;#x27;Waveplate index position from 1 to 16, 0 if non&amp;#x27;, &amp;#x27;Sequence index in the cycle&amp;#x27;, &amp;#x27;ACS in real (T) or simulated (F) mode&amp;#x27;, &amp;#x27;Waveplate selector position (mm)&amp;#x27;, &amp;#x27;Time of last modification&amp;#x27;, &amp;#x27;Guiding focuser in real (T) or simulated (F) mo&amp;#x27;, &amp;#x27;Declination: +- DD:MM:SS&amp;#x27;, &amp;#x27;array data type&amp;#x27;, &amp;#x27;Number of rows&amp;#x27;, &amp;#x27;Bits per pixel&amp;#x27;, &amp;#x27;Guiding focuser: real (T) or simulated (F)&amp;#x27;, &amp;#x27;DEC of guider field&amp;#x27;, &amp;#x27;REAL = TAPE*BSCALE + BZERO&amp;#x27;, &amp;#x27;CCD present mode: ROI, binning, temp&amp;#x27;, &amp;#x27;Guiding mirror in real (T) or simulated (F) mod&amp;#x27;, &amp;#x27;Calibration wheel position angle (deg)&amp;#x27;, &amp;#x27;Waveplate idx position from 1 to 16, 0 if none&amp;#x27;, &amp;#x27;Analyzer: real (T) or simulated (F)&amp;#x27;, &amp;#x27;Axis length&amp;#x27;, &amp;#x27;Analyzer in real (T) or simulated (F) mode&amp;#x27;, &amp;#x27;Guiding mirror: real (T) or simulated (F)&amp;#x27;, &amp;#x27;Right ascension: HH:MM:SS&amp;#x27;, &amp;#x27;Calibration wheel: real (T) or simulated (F)&amp;#x27;, &amp;#x27;TCS: real (T) or simulated (F)&amp;#x27;, &amp;#x27;Right ascension: HH:MM:SS.ss&amp;#x27;, &amp;#x27;Waveplate rotator: real (T) or simulated (F)&amp;#x27;, &amp;#x27;Calibration wheel in real (T) or simulated (F)&amp;#x27;, &amp;#x27;Acquisition error - see comments&amp;#x27;, &amp;#x27;Selector of the waveplate in real (T) or simula&amp;#x27;, &amp;#x27;ACS: real (T) or simulated (F)&amp;#x27;, &amp;#x27;Number of columns&amp;#x27;, &amp;#x27;Date FITS file was generated&amp;#x27;, &amp;#x27;Number of axes&amp;#x27;, &amp;#x27;Declination: DD:MM:SS.ss&amp;#x27;, &amp;#x27;Synchronization across channels at start of acq&amp;#x27;, &amp;#x27;Analyzer position angle (deg)&amp;#x27;, &amp;#x27;Waveplate selector: real (T) or simulated (F)&amp;#x27;, &amp;#x27;Rotator of the waveplate in real (T) or simulat&amp;#x27;, &amp;#x27;Sequence index in cycle&amp;#x27;, &amp;#x27;Zero point in scaling equation&amp;#x27;, &amp;#x27;File may contain extensions&amp;#x27;, &amp;#x27;Name(s) of&amp;#x27;, &amp;#x27;TCS UT date (isot)&amp;#x27;, &amp;#x27;FITS file originator&amp;#x27;, &amp;#x27;RA of guider field&amp;#x27;, &amp;#x27;Linear factor in scaling equation&amp;#x27;, &amp;#x27;Observer(s)&amp;#x27;, &amp;#x27;Synchronism of the start of the acquisition in&amp;#x27;, &amp;#x27;conforms to FITS standard&amp;#x27;, &amp;#x27;Waveplate position angle (deg)&amp;#x27;, &amp;#x27;TCS local date (isot)&amp;#x27;}\n2025-11-19 11:48:07 [ERROR] Test: test_kw_comments, filename: 20240428_s4c2_001411_dc4fast.fits, diff: {&amp;#x27;&amp;#x27;, &amp;#x27;Fits standard&amp;#x27;, &amp;#x27;TCS in real (T) or simulated (F) mode&amp;#x27;, &amp;#x27;number of array dimensions&amp;#x27;, &amp;#x27;Waveplate index position from 1 to 16, 0 if non&amp;#x27;, &amp;#x27;Sequence index in the cycle&amp;#x27;, &amp;#x27;ACS in real (T) or simulated (F) mode&amp;#x27;, &amp;#x27;Waveplate selector position (mm)&amp;#x27;, &amp;#x27;Time of last modification&amp;#x27;, &amp;#x27;Guiding focuser in real (T) or simulated (F) mo&amp;#x27;, &amp;#x27;Declination: +- DD:MM:SS&amp;#x27;, &amp;#x27;array data type&amp;#x27;, &amp;#x27;Number of rows&amp;#x27;, &amp;#x27;Bits per pixel&amp;#x27;, &amp;#x27;Guiding focuser: real (T) or simulated (F)&amp;#x27;, &amp;#x27;DEC of guider field&amp;#x27;, &amp;#x27;REAL = TAPE*BSCALE + BZERO&amp;#x27;, &amp;#x27;CCD present mode: ROI, binning, temp&amp;#x27;, &amp;#x27;Guiding mirror in real (T) or simulated (F) mod&amp;#x27;, &amp;#x27;Calibration wheel position angle (deg)&amp;#x27;, &amp;#x27;Waveplate idx position from 1 to 16, 0 if none&amp;#x27;, &amp;#x27;Analyzer: real (T) or simulated (F)&amp;#x27;, &amp;#x27;Axis length&amp;#x27;, &amp;#x27;Analyzer in real (T) or simulated (F) mode&amp;#x27;, &amp;#x27;Guiding mirror: real (T) or simulated (F)&amp;#x27;, &amp;#x27;Right ascension: HH:MM:SS&amp;#x27;, &amp;#x27;Calibration wheel: real (T) or simulated (F)&amp;#x27;, &amp;#x27;TCS: real (T) or simulated (F)&amp;#x27;, &amp;#x27;Right ascension: HH:MM:SS.ss&amp;#x27;, &amp;#x27;Waveplate rotator: real (T) or simulated (F)&amp;#x27;, &amp;#x27;Calibration wheel in real (T) or simulated (F)&amp;#x27;, &amp;#x27;Acquisition error - see comments&amp;#x27;, &amp;#x27;Selector of the waveplate in real (T) or simula&amp;#x27;, &amp;#x27;ACS: real (T) or simulated (F)&amp;#x27;, &amp;#x27;Number of columns&amp;#x27;, &amp;#x27;Date FITS file was generated&amp;#x27;, &amp;#x27;Number of axes&amp;#x27;, &amp;#x27;Declination: DD:MM:SS.ss&amp;#x27;, &amp;#x27;Synchronization across channels at start of acq&amp;#x27;, &amp;#x27;Analyzer position angle (deg)&amp;#x27;, &amp;#x27;Waveplate selector: real (T) or simulated (F)&amp;#x27;, &amp;#x27;Rotator of the waveplate in real (T) or simulat&amp;#x27;, &amp;#x27;Sequence index in cycle&amp;#x27;, &amp;#x27;Zero point in scaling equation&amp;#x27;, &amp;#x27;File may contain extensions&amp;#x27;, &amp;#x27;Name(s) of&amp;#x27;, &amp;#x27;TCS UT date (isot)&amp;#x27;, &amp;#x27;FITS file originator&amp;#x27;, &amp;#x27;RA of guider field&amp;#x27;, &amp;#x27;Linear factor in scaling equation&amp;#x27;, &amp;#x27;Observer(s)&amp;#x27;, &amp;#x27;Synchronism of the start of the acquisition in&amp;#x27;, &amp;#x27;conforms to FITS standard&amp;#x27;, &amp;#x27;Waveplate position angle (deg)&amp;#x27;, &amp;#x27;TCS local date (isot)&amp;#x27;}\n2025-11-19 11:48:07 [ERROR] Test: test_kw_comments, filename: 20240428_s4c2_001412_dc4fast.fits, diff: {&amp;#x27;&amp;#x27;, &amp;#x27;Fits standard&amp;#x27;, &amp;#x27;TCS in real (T) or simulated (F) mode&amp;#x27;, &amp;#x27;number of array dimensions&amp;#x27;, &amp;#x27;Waveplate index position from 1 to 16, 0 if non&amp;#x27;, &amp;#x27;Sequence index in the cycle&amp;#x27;, &amp;#x27;ACS in real (T) or simulated (F) mode&amp;#x27;, &amp;#x27;Waveplate selector position (mm)&amp;#x27;, &amp;#x27;Time of last modification&amp;#x27;, &amp;#x27;Guiding focuser in real (T) or simulated (F) mo&amp;#x27;, &amp;#x27;Declination: +- DD:MM:SS&amp;#x27;, &amp;#x27;array data type&amp;#x27;, &amp;#x27;Number of rows&amp;#x27;, &amp;#x27;Bits per pixel&amp;#x27;, &amp;#x27;Guiding focuser: real (T) or simulated (F)&amp;#x27;, &amp;#x27;DEC of guider field&amp;#x27;, &amp;#x27;REAL = TAPE*BSCALE + BZERO&amp;#x27;, &amp;#x27;CCD present mode: ROI, binning, temp&amp;#x27;, &amp;#x27;Guiding mirror in real (T) or simulated (F) mod&amp;#x27;, &amp;#x27;Calibration wheel position angle (deg)&amp;#x27;, &amp;#x27;Waveplate idx position from 1 to 16, 0 if none&amp;#x27;, &amp;#x27;Analyzer: real (T) or simulated (F)&amp;#x27;, &amp;#x27;Axis length&amp;#x27;, &amp;#x27;Analyzer in real (T) or simulated (F) mode&amp;#x27;, &amp;#x27;Guiding mirror: real (T) or simulated (F)&amp;#x27;, &amp;#x27;Right ascension: HH:MM:SS&amp;#x27;, &amp;#x27;Calibration wheel: real (T) or simulated (F)&amp;#x27;, &amp;#x27;TCS: real (T) or simulated (F)&amp;#x27;, &amp;#x27;Right ascension: HH:MM:SS.ss&amp;#x27;, &amp;#x27;Waveplate rotator: real (T) or simulated (F)&amp;#x27;, &amp;#x27;Calibration wheel in real (T) or simulated (F)&amp;#x27;, &amp;#x27;Acquisition error - see comments&amp;#x27;, &amp;#x27;Selector of the waveplate in real (T) or simula&amp;#x27;, &amp;#x27;ACS: real (T) or simulated (F)&amp;#x27;, &amp;#x27;Number of columns&amp;#x27;, &amp;#x27;Date FITS file was generated&amp;#x27;, &amp;#x27;Number of axes&amp;#x27;, &amp;#x27;Declination: DD:MM:SS.ss&amp;#x27;, &amp;#x27;Synchronization across channels at start of acq&amp;#x27;, &amp;#x27;Analyzer position angle (deg)&amp;#x27;, &amp;#x27;Waveplate selector: real (T) or simulated (F)&amp;#x27;, &amp;#x27;Rotator of the waveplate in real (T) or simulat&amp;#x27;, &amp;#x27;Sequence index in cycle&amp;#x27;, &amp;#x27;Zero point in scaling equation&amp;#x27;, &amp;#x27;File may contain extensions&amp;#x27;, &amp;#x27;Name(s) of&amp;#x27;, &amp;#x27;TCS UT date (isot)&amp;#x27;, &amp;#x27;FITS file originator&amp;#x27;, &amp;#x27;RA of guider field&amp;#x27;, &amp;#x27;Linear factor in scaling equation&amp;#x27;, &amp;#x27;Observer(s)&amp;#x27;, &amp;#x27;Synchronism of the start of the acquisition in&amp;#x27;, &amp;#x27;conforms to FITS standard&amp;#x27;, &amp;#x27;Waveplate position angle (deg)&amp;#x27;, &amp;#x27;TCS local date (isot)&amp;#x27;}\n2025-11-19 11:48:07 [ERROR] Test: test_kw_comments, filename: 20240428_s4c2_001413_dc4fast.fits, diff: {&amp;#x27;&amp;#x27;, &amp;#x27;Fits standard&amp;#x27;, &amp;#x27;TCS in real (T) or simulated (F) mode&amp;#x27;, &amp;#x27;number of array dimensions&amp;#x27;, &amp;#x27;Waveplate index position from 1 to 16, 0 if non&amp;#x27;, &amp;#x27;Sequence index in the cycle&amp;#x27;, &amp;#x27;ACS in real (T) or simulated (F) mode&amp;#x27;, &amp;#x27;Waveplate selector position (mm)&amp;#x27;, &amp;#x27;Time of last modification&amp;#x27;, &amp;#x27;Guiding focuser in real (T) or simulated (F) mo&amp;#x27;, &amp;#x27;Declination: +- DD:MM:SS&amp;#x27;, &amp;#x27;array data type&amp;#x27;, &amp;#x27;Number of rows&amp;#x27;, &amp;#x27;Bits per pixel&amp;#x27;, &amp;#x27;Guiding focuser: real (T) or simulated (F)&amp;#x27;, &amp;#x27;DEC of guider field&amp;#x27;, &amp;#x27;REAL = TAPE*BSCALE + BZERO&amp;#x27;, &amp;#x27;CCD present mode: ROI, binning, temp&amp;#x27;, &amp;#x27;Guiding mirror in real (T) or simulated (F) mod&amp;#x27;, &amp;#x27;Calibration wheel position angle (deg)&amp;#x27;, &amp;#x27;Waveplate idx position from 1 to 16, 0 if none&amp;#x27;, &amp;#x27;Analyzer: real (T) or simulated (F)&amp;#x27;, &amp;#x27;Axis length&amp;#x27;, &amp;#x27;Analyzer in real (T) or simulated (F) mode&amp;#x27;, &amp;#x27;Guiding mirror: real (T) or simulated (F)&amp;#x27;, &amp;#x27;Right ascension: HH:MM:SS&amp;#x27;, &amp;#x27;Calibration wheel: real (T) or simulated (F)&amp;#x27;, &amp;#x27;TCS: real (T) or simulated (F)&amp;#x27;, &amp;#x27;Right ascension: HH:MM:SS.ss&amp;#x27;, &amp;#x27;Waveplate rotator: real (T) or simulated (F)&amp;#x27;, &amp;#x27;Calibration wheel in real (T) or simulated (F)&amp;#x27;, &amp;#x27;Acquisition error - see comments&amp;#x27;, &amp;#x27;Selector of the waveplate in real (T) or simula&amp;#x27;, &amp;#x27;ACS: real (T) or simulated (F)&amp;#x27;, &amp;#x27;Number of columns&amp;#x27;, &amp;#x27;Date FITS file was generated&amp;#x27;, &amp;#x27;Number of axes&amp;#x27;, &amp;#x27;Declination: DD:MM:SS.ss&amp;#x27;, &amp;#x27;Synchronization across channels at start of acq&amp;#x27;, &amp;#x27;Analyzer position angle (deg)&amp;#x27;, &amp;#x27;Waveplate selector: real (T) or simulated (F)&amp;#x27;, &amp;#x27;Rotator of the waveplate in real (T) or simulat&amp;#x27;, &amp;#x27;Sequence index in cycle&amp;#x27;, &amp;#x27;Zero point in scaling equation&amp;#x27;, &amp;#x27;File may contain extensions&amp;#x27;, &amp;#x27;Name(s) of&amp;#x27;, &amp;#x27;TCS UT date (isot)&amp;#x27;, &amp;#x27;FITS file originator&amp;#x27;, &amp;#x27;RA of guider field&amp;#x27;, &amp;#x27;Linear factor in scaling equation&amp;#x27;, &amp;#x27;Observer(s)&amp;#x27;, &amp;#x27;Synchronism of the start of the acquisition in&amp;#x27;, &amp;#x27;conforms to FITS standard&amp;#x27;, &amp;#x27;Waveplate position angle (deg)&amp;#x27;, &amp;#x27;TCS local date (isot)&amp;#x27;}\n2025-11-19 11:48:07 [ERROR] Test: test_kw_comments, filename: 20240428_s4c2_001414_dc4fast.fits, diff: {&amp;#x27;&amp;#x27;, &amp;#x27;Fits standard&amp;#x27;, &amp;#x27;TCS in real (T) or simulated (F) mode&amp;#x27;, &amp;#x27;number of array dimensions&amp;#x27;, &amp;#x27;Waveplate index position from 1 to 16, 0 if non&amp;#x27;, &amp;#x27;Sequence index in the cycle&amp;#x27;, &amp;#x27;ACS in real (T) or simulated (F) mode&amp;#x27;, &amp;#x27;Waveplate selector position (mm)&amp;#x27;, &amp;#x27;Time of last modification&amp;#x27;, &amp;#x27;Guiding focuser in real (T) or simulated (F) mo&amp;#x27;, &amp;#x27;Declination: +- DD:MM:SS&amp;#x27;, &amp;#x27;array data type&amp;#x27;, &amp;#x27;Number of rows&amp;#x27;, &amp;#x27;Bits per pixel&amp;#x27;, &amp;#x27;Guiding focuser: real (T) or simulated (F)&amp;#x27;, &amp;#x27;DEC of guider field&amp;#x27;, &amp;#x27;REAL = TAPE*BSCALE + BZERO&amp;#x27;, &amp;#x27;CCD present mode: ROI, binning, temp&amp;#x27;, &amp;#x27;Guiding mirror in real (T) or simulated (F) mod&amp;#x27;, &amp;#x27;Calibration wheel position angle (deg)&amp;#x27;, &amp;#x27;Waveplate idx position from 1 to 16, 0 if none&amp;#x27;, &amp;#x27;Analyzer: real (T) or simulated (F)&amp;#x27;, &amp;#x27;Axis length&amp;#x27;, &amp;#x27;Analyzer in real (T) or simulated (F) mode&amp;#x27;, &amp;#x27;Guiding mirror: real (T) or simulated (F)&amp;#x27;, &amp;#x27;Right ascension: HH:MM:SS&amp;#x27;, &amp;#x27;Calibration wheel: real (T) or simulated (F)&amp;#x27;, &amp;#x27;TCS: real (T) or simulated (F)&amp;#x27;, &amp;#x27;Right ascension: HH:MM:SS.ss&amp;#x27;, &amp;#x27;Waveplate rotator: real (T) or simulated (F)&amp;#x27;, &amp;#x27;Calibration wheel in real (T) or simulated (F)&amp;#x27;, &amp;#x27;Acquisition error - see comments&amp;#x27;, &amp;#x27;Selector of the waveplate in real (T) or simula&amp;#x27;, &amp;#x27;ACS: real (T) or simulated (F)&amp;#x27;, &amp;#x27;Number of columns&amp;#x27;, &amp;#x27;Date FITS file was generated&amp;#x27;, &amp;#x27;Number of axes&amp;#x27;, &amp;#x27;Declination: DD:MM:SS.ss&amp;#x27;, &amp;#x27;Synchronization across channels at start of acq&amp;#x27;, &amp;#x27;Analyzer position angle (deg)&amp;#x27;, &amp;#x27;Waveplate selector: real (T) or simulated (F)&amp;#x27;, &amp;#x27;Rotator of the waveplate in real (T) or simulat&amp;#x27;, &amp;#x27;Sequence index in cycle&amp;#x27;, &amp;#x27;Zero point in scaling equation&amp;#x27;, &amp;#x27;File may contain extensions&amp;#x27;, &amp;#x27;Name(s) of&amp;#x27;, &amp;#x27;TCS UT date (isot)&amp;#x27;, &amp;#x27;FITS file originator&amp;#x27;, &amp;#x27;RA of guider field&amp;#x27;, &amp;#x27;Linear factor in scaling equation&amp;#x27;, &amp;#x27;Observer(s)&amp;#x27;, &amp;#x27;Synchronism of the start of the acquisition in&amp;#x27;, &amp;#x27;conforms to FITS standard&amp;#x27;, &amp;#x27;Waveplate position angle (deg)&amp;#x27;, &amp;#x27;TCS local date (isot)&amp;#x27;}\n2025-11-19 11:48:07 [ERROR] Test: test_kw_comments, filename: 20240428_s4c2_001415_dc4fast.fits, diff: {&amp;#x27;&amp;#x27;, &amp;#x27;Fits standard&amp;#x27;, &amp;#x27;TCS in real (T) or simulated (F) mode&amp;#x27;, &amp;#x27;number of array dimensions&amp;#x27;, &amp;#x27;Waveplate index position from 1 to 16, 0 if non&amp;#x27;, &amp;#x27;Sequence index in the cycle&amp;#x27;, &amp;#x27;ACS in real (T) or simulated (F) mode&amp;#x27;, &amp;#x27;Waveplate selector position (mm)&amp;#x27;, &amp;#x27;Time of last modification&amp;#x27;, &amp;#x27;Guiding focuser in real (T) or simulated (F) mo&amp;#x27;, &amp;#x27;Declination: +- DD:MM:SS&amp;#x27;, &amp;#x27;array data type&amp;#x27;, &amp;#x27;Number of rows&amp;#x27;, &amp;#x27;Bits per pixel&amp;#x27;, &amp;#x27;Guiding focuser: real (T) or simulated (F)&amp;#x27;, &amp;#x27;DEC of guider field&amp;#x27;, &amp;#x27;REAL = TAPE*BSCALE + BZERO&amp;#x27;, &amp;#x27;CCD present mode: ROI, binning, temp&amp;#x27;, &amp;#x27;Guiding mirror in real (T) or simulated (F) mod&amp;#x27;, &amp;#x27;Calibration wheel position angle (deg)&amp;#x27;, &amp;#x27;Waveplate idx position from 1 to 16, 0 if none&amp;#x27;, &amp;#x27;Analyzer: real (T) or simulated (F)&amp;#x27;, &amp;#x27;Axis length&amp;#x27;, &amp;#x27;Analyzer in real (T) or simulated (F) mode&amp;#x27;, &amp;#x27;Guiding mirror: real (T) or simulated (F)&amp;#x27;, &amp;#x27;Right ascension: HH:MM:SS&amp;#x27;, &amp;#x27;Calibration wheel: real (T) or simulated (F)&amp;#x27;, &amp;#x27;TCS: real (T) or simulated (F)&amp;#x27;, &amp;#x27;Right ascension: HH:MM:SS.ss&amp;#x27;, &amp;#x27;Waveplate rotator: real (T) or simulated (F)&amp;#x27;, &amp;#x27;Calibration wheel in real (T) or simulated (F)&amp;#x27;, &amp;#x27;Acquisition error - see comments&amp;#x27;, &amp;#x27;Selector of the waveplate in real (T) or simula&amp;#x27;, &amp;#x27;ACS: real (T) or simulated (F)&amp;#x27;, &amp;#x27;Number of columns&amp;#x27;, &amp;#x27;Date FITS file was generated&amp;#x27;, &amp;#x27;Number of axes&amp;#x27;, &amp;#x27;Declination: DD:MM:SS.ss&amp;#x27;, &amp;#x27;Synchronization across channels at start of acq&amp;#x27;, &amp;#x27;Analyzer position angle (deg)&amp;#x27;, &amp;#x27;Waveplate selector: real (T) or simulated (F)&amp;#x27;, &amp;#x27;Rotator of the waveplate in real (T) or simulat&amp;#x27;, &amp;#x27;Sequence index in cycle&amp;#x27;, &amp;#x27;Zero point in scaling equation&amp;#x27;, &amp;#x27;File may contain extensions&amp;#x27;, &amp;#x27;Name(s) of&amp;#x27;, &amp;#x27;TCS UT date (isot)&amp;#x27;, &amp;#x27;FITS file originator&amp;#x27;, &amp;#x27;RA of guider field&amp;#x27;, &amp;#x27;Linear factor in scaling equation&amp;#x27;, &amp;#x27;Observer(s)&amp;#x27;, &amp;#x27;Synchronism of the start of the acquisition in&amp;#x27;, &amp;#x27;conforms to FITS standard&amp;#x27;, &amp;#x27;Waveplate position angle (deg)&amp;#x27;, &amp;#x27;TCS local date (isot)&amp;#x27;}\n\n&#34;}], &#34;tests/test_keywords.py::Test_Keywords::test_kw_sizes&#34;: [{&#34;extras&#34;: [], &#34;result&#34;: &#34;Passed&#34;, &#34;testId&#34;: &#34;tests/test_keywords.py::Test_Keywords::test_kw_sizes&#34;, &#34;duration&#34;: &#34;3 ms&#34;, &#34;resultsTableRow&#34;: [&#34;&lt;td class=\&#34;col-result\&#34;&gt;Passed&lt;/td&gt;&#34;, &#34;&lt;td class=\&#34;col-testId\&#34;&gt;tests/test_keywords.py::Test_Keywords::test_kw_sizes&lt;/td&gt;&#34;, &#34;&lt;td class=\&#34;col-duration\&#34;&gt;3 ms&lt;/td&gt;&#34;, &#34;&lt;td class=\&#34;col-links\&#34;&gt;&lt;/td&gt;&#34;], &#34;log&#34;: &#34;------------------------------ Captured log call -------------------------------\n2025-11-19 11:48:07 [ERROR] Test: test_kw_sizes, filename: 20240428_s4c2_001379_dc2fast.fits, the expected size for the keyword PROJID is 15. However, 17 characters were found.\n2025-11-19 11:48:07 [ERROR] Test: test_kw_sizes, filename: 20240428_s4c2_001379_dc2fast.fits, the expected size for the keyword OBSERVER is 54. However, 55 characters were found.\n2025-11-19 11:48:07 [ERROR] Test: test_kw_sizes, filename: 20240428_s4c2_001380_dc2fast.fits, the expected size for the keyword PROJID is 15. However, 17 characters were found.\n2025-11-19 11:48:07 [ERROR] Test: test_kw_sizes, filename: 20240428_s4c2_001380_dc2fast.fits, the expected size for the keyword OBSERVER is 54. However, 55 characters were found.\n2025-11-19 11:48:07 [ERROR] Test: test_kw_sizes, filename: 20240428_s4c2_001381_dc2fast.fits, the expected size for the keyword PROJID is 15. However, 17 characters were found.\n2025-11-19 11:48:07 [ERROR] Test: test_kw_sizes, filename: 20240428_s4c2_001381_dc2fast.fits, the expected size for the keyword OBSERVER is 54. However, 55 characters were found.\n2025-11-19 11:48:07 [ERROR] Test: test_kw_sizes, filename: 20240428_s4c2_001382_dc2fast.fits, the expected size for the keyword PROJID is 15. However, 17 characters were found.\n2025-11-19 11:48:07 [ERROR] Test: test_kw_sizes, filename: 20240428_s4c2_001382_dc2fast.fits, the expected size for the keyword OBSERVER is 54. However, 55 characters were found.\n2025-11-19 11:48:07 [ERROR] Test: test_kw_sizes, filename: 20240428_s4c2_001383_dc2fast.fits, the expected size for the keyword PROJID is 15. However, 17 characters were found.\n2025-11-19 11:48:07 [ERROR] Test: test_kw_sizes, filename: 20240428_s4c2_001383_dc2fast.fits, the expected size for the keyword OBSERVER is 54. However, 55 characters were found.\n2025-11-19 11:48:07 [ERROR] Test: test_kw_sizes, filename: 20240428_s4c2_001387_dc2slow.fits, the expected size for the keyword PROJID is 15. However, 17 characters were found.\n2025-11-19 11:48:07 [ERROR] Test: test_kw_sizes, filename: 20240428_s4c2_001387_dc2slow.fits, the expected size for the keyword OBSERVER is 54. However, 55 characters were found.\n2025-11-19 11:48:07 [ERROR] Test: test_kw_sizes, filename: 20240428_s4c2_001388_dc2slow.fits, the expected size for the keyword PROJID is 15. However, 17 characters were found.\n2025-11-19 11:48:07 [ERROR] Test: test_kw_sizes, filename: 20240428_s4c2_001388_dc2slow.fits, the expected size for the keyword OBSERVER is 54. However, 55 characters were found.\n2025-11-19 11:48:07 [ERROR] Test: test_kw_sizes, filename: 20240428_s4c2_001389_dc2slow.fits, the expected size for the keyword PROJID is 15. However, 17 characters were found.\n2025-11-19 11:48:07 [ERROR] Test: test_kw_sizes, filename: 20240428_s4c2_001389_dc2slow.fits, the expected size for the keyword OBSERVER is 54. However, 55 characters were found.\n2025-11-19 11:48:07 [ERROR] Test: test_kw_sizes, filename: 20240428_s4c2_001390_dc2slow.fits, the expected size for the keyword PROJID is 15. However, 17 characters were found.\n2025-11-19 11:48:07 [ERROR] Test: test_kw_sizes, filename: 20240428_s4c2_001390_dc2slow.fits, the expected size for the keyword OBSERVER is 54. However, 55 characters were found.\n2025-11-19 11:48:07 [ERROR] Test: test_kw_sizes, filename: 20240428_s4c2_001391_dc2slow.fits, the expected size for the keyword PROJID is 15. However, 17 characters were found.\n2025-11-19 11:48:07 [ERROR] Test: test_kw_sizes, filename: 20240428_s4c2_001391_dc2slow.fits, the expected size for the keyword OBSERVER is 54. However, 55 characters were found.\n2025-11-19 11:48:07 [ERROR] Test: test_kw_sizes, filename: 20240428_s4c2_001411_dc4fast.fits, the expected size for the keyword PROJID is 15. However, 17 characters were found.\n2025-11-19 11:48:07 [ERROR] Test: test_kw_sizes, filename: 20240428_s4c2_001411_dc4fast.fits, the expected size for the keyword OBSERVER is 54. However, 55 characters were found.\n2025-11-19 11:48:07 [ERROR] Test: test_kw_sizes, filename: 20240428_s4c2_001412_dc4fast.fits, the expected size for the keyword PROJID is 15. However, 17 characters were found.\n2025-11-19 11:48:07 [ERROR] Test: test_kw_sizes, filename: 20240428_s4c2_001412_dc4fast.fits, the expected size for the keyword OBSERVER is 54. However, 55 characters were found.\n2025-11-19 11:48:07 [ERROR] Test: test_kw_sizes, filename: 20240428_s4c2_001413_dc4fast.fits, the expected size for the keyword PROJID is 15. However, 17 characters were found.\n2025-11-19 11:48:07 [ERROR] Test: test_kw_sizes, filename: 20240428_s4c2_001413_dc4fast.fits, the expected size for the keyword OBSERVER is 54. However, 55 characters were found.\n2025-11-19 11:48:07 [ERROR] Test: test_kw_sizes, filename: 20240428_s4c2_001414_dc4fast.fits, the expected size for the keyword PROJID is 15. However, 17 characters were found.\n2025-11-19 11:48:07 [ERROR] Test: test_kw_sizes, filename: 20240428_s4c2_001414_dc4fast.fits, the expected size for the keyword OBSERVER is 54. However, 55 characters were found.\n2025-11-19 11:48:07 [ERROR] Test: test_kw_sizes, filename: 20240428_s4c2_001415_dc4fast.fits, the expected size for the keyword PROJID is 15. However, 17 characters were found.\n2025-11-19 11:48:07 [ERROR] Test: test_kw_sizes, filename: 20240428_s4c2_001415_dc4fast.fits, the expected size for the keyword OBSERVER is 54. However, 55 characters were found.\n\n&#34;}], &#34;tests/test_keywords.py::Test_Keywords::test_kws_in_interval&#34;: [{&#34;extras&#34;: [], &#34;result&#34;: &#34;Passed&#34;, &#34;testId&#34;: &#34;tests/test_keywords.py::Test_Keywords::test_kws_in_interval&#34;, &#34;duration&#34;: &#34;57 ms&#34;, &#34;resultsTableRow&#34;: [&#34;&lt;td class=\&#34;col-result\&#34;&gt;Passed&lt;/td&gt;&#34;, &#34;&lt;td class=\&#34;col-testId\&#34;&gt;tests/test_keywords.py::Test_Keywords::test_kws_in_interval&lt;/td&gt;&#34;, &#34;&lt;td class=\&#34;col-duration\&#34;&gt;57 ms&lt;/td&gt;&#34;, &#34;&lt;td class=\&#34;col-links\&#34;&gt;&lt;/td&gt;&#34;], &#34;log&#34;: &#34;------------------------------ Captured log call -------------------------------\n2025-11-19 11:48:07 [ERROR] Test: test_kws_in_interval, filename: 20240428_s4c2_000014_dflat.fits, KeyError(&amp;quot;Keyword &amp;#x27;WPSELPO&amp;#x27; not found.&amp;quot;)\n2025-11-19 11:48:07 [ERROR] Test: test_kws_in_interval, filename: 20240428_s4c2_000014_dflat.fits, KeyError(&amp;quot;Keyword &amp;#x27;WPANG&amp;#x27; not found.&amp;quot;)\n2025-11-19 11:48:07 [ERROR] Test: test_kws_in_interval, filename: 20240428_s4c2_000014_dflat.fits, KeyError(&amp;quot;Keyword &amp;#x27;CALWANG&amp;#x27; not found.&amp;quot;)\n2025-11-19 11:48:07 [ERROR] Test: test_kws_in_interval, filename: 20240428_s4c2_000014_dflat.fits, KeyError(&amp;quot;Keyword &amp;#x27;ANALANG&amp;#x27; not found.&amp;quot;)\n2025-11-19 11:48:07 [ERROR] Test: test_kws_in_interval, filename: 20240428_s4c2_000015_dflat.fits, KeyError(&amp;quot;Keyword &amp;#x27;WPSELPO&amp;#x27; not found.&amp;quot;)\n2025-11-19 11:48:07 [ERROR] Test: test_kws_in_interval, filename: 20240428_s4c2_000015_dflat.fits, KeyError(&amp;quot;Keyword &amp;#x27;WPANG&amp;#x27; not found.&amp;quot;)\n2025-11-19 11:48:07 [ERROR] Test: test_kws_in_interval, filename: 20240428_s4c2_000015_dflat.fits, KeyError(&amp;quot;Keyword &amp;#x27;CALWANG&amp;#x27; not found.&amp;quot;)\n2025-11-19 11:48:07 [ERROR] Test: test_kws_in_interval, filename: 20240428_s4c2_000015_dflat.fits, KeyError(&amp;quot;Keyword &amp;#x27;ANALANG&amp;#x27; not found.&amp;quot;)\n2025-11-19 11:48:07 [ERROR] Test: test_kws_in_interval, filename: 20240428_s4c2_000016_dflat.fits, KeyError(&amp;quot;Keyword &amp;#x27;WPSELPO&amp;#x27; not found.&amp;quot;)\n2025-11-19 11:48:07 [ERROR] Test: test_kws_in_interval, filename: 20240428_s4c2_000016_dflat.fits, KeyError(&amp;quot;Keyword &amp;#x27;WPANG&amp;#x27; not found.&amp;quot;)\n2025-11-19 11:48:07 [ERROR] Test: test_kws_in_interval, filename: 20240428_s4c2_000016_dflat.fits, KeyError(&amp;quot;Keyword &amp;#x27;CALWANG&amp;#x27; not found.&amp;quot;)\n2025-11-19 11:48:07 [ERROR] Test: test_kws_in_interval, filename: 20240428_s4c2_000016_dflat.fits, KeyError(&amp;quot;Keyword &amp;#x27;ANALANG&amp;#x27; not found.&amp;quot;)\n2025-11-19 11:48:07 [ERROR] Test: test_kws_in_interval, filename: 20240428_s4c2_000017_dflat.fits, KeyError(&amp;quot;Keyword &amp;#x27;WPSELPO&amp;#x27; not found.&amp;quot;)\n2025-11-19 11:48:07 [ERROR] Test: test_kws_in_interval, filename: 20240428_s4c2_000017_dflat.fits, KeyError(&amp;quot;Keyword &amp;#x27;WPANG&amp;#x27; not found.&amp;quot;)\n2025-11-19 11:48:07 [ERROR] Test: test_kws_in_interval, filename: 20240428_s4c2_000017_dflat.fits, KeyError(&amp;quot;Keyword &amp;#x27;CALWANG&amp;#x27; not found.&amp;quot;)\n2025-11-19 11:48:07 [ERROR] Test: test_kws_in_interval, filename: 20240428_s4c2_000017_dflat.fits, KeyError(&amp;quot;Keyword &amp;#x27;ANALANG&amp;#x27; not found.&amp;quot;)\n2025-11-19 11:48:07 [ERROR] Test: test_kws_in_interval, filename: 20240428_s4c2_000018_dflat.fits, KeyError(&amp;quot;Keyword &amp;#x27;WPSELPO&amp;#x27; not found.&amp;quot;)\n2025-11-19 11:48:07 [ERROR] Test: test_kws_in_interval, filename: 20240428_s4c2_000018_dflat.fits, KeyError(&amp;quot;Keyword &amp;#x27;WPANG&amp;#x27; not found.&amp;quot;)\n2025-11-19 11:48:07 [ERROR] Test: test_kws_in_interval, filename: 20240428_s4c2_000018_dflat.fits, KeyError(&amp;quot;Keyword &amp;#x27;CALWANG&amp;#x27; not found.&amp;quot;)\n2025-11-19 11:48:07 [ERROR] Test: test_kws_in_interval, filename: 20240428_s4c2_000018_dflat.fits, KeyError(&amp;quot;Keyword &amp;#x27;ANALANG&amp;#x27; not found.&amp;quot;)\n2025-11-19 11:48:07 [ERROR] Test: test_kws_in_interval, filename: 20240428_s4c2_000654_zero.fits, keyword EXPTIME is not in the interval [1e-05, 86400.0]: 9.99999974737875e-06\n2025-11-19 11:48:07 [ERROR] Test: test_kws_in_interval, filename: 20240428_s4c2_000654_zero.fits, KeyError(&amp;quot;Keyword &amp;#x27;WPSELPO&amp;#x27; not found.&amp;quot;)\n2025-11-19 11:48:07 [ERROR] Test: test_kws_in_interval, filename: 20240428_s4c2_000654_zero.fits, TypeError(&amp;quot;&amp;#x27;&amp;lt;=&amp;#x27; not supported between instances of &amp;#x27;float&amp;#x27; and &amp;#x27;str&amp;#x27;&amp;quot;)\n2025-11-19 11:48:07 [ERROR] Test: test_kws_in_interval, filename: 20240428_s4c2_000654_zero.fits, KeyError(&amp;quot;Keyword &amp;#x27;WPANG&amp;#x27; not found.&amp;quot;)\n2025-11-19 11:48:07 [ERROR] Test: test_kws_in_interval, filename: 20240428_s4c2_000654_zero.fits, KeyError(&amp;quot;Keyword &amp;#x27;CALWANG&amp;#x27; not found.&amp;quot;)\n2025-11-19 11:48:07 [ERROR] Test: test_kws_in_interval, filename: 20240428_s4c2_000654_zero.fits, KeyError(&amp;quot;Keyword &amp;#x27;ANALANG&amp;#x27; not found.&amp;quot;)\n2025-11-19 11:48:07 [ERROR] Test: test_kws_in_interval, filename: 20240428_s4c2_000655_zero.fits, keyword EXPTIME is not in the interval [1e-05, 86400.0]: 9.99999974737875e-06\n2025-11-19 11:48:07 [ERROR] Test: test_kws_in_interval, filename: 20240428_s4c2_000655_zero.fits, KeyError(&amp;quot;Keyword &amp;#x27;WPSELPO&amp;#x27; not found.&amp;quot;)\n2025-11-19 11:48:07 [ERROR] Test: test_kws_in_interval, filename: 20240428_s4c2_000655_zero.fits, TypeError(&amp;quot;&amp;#x27;&amp;lt;=&amp;#x27; not supported between instances of &amp;#x27;float&amp;#x27; and &amp;#x27;str&amp;#x27;&amp;quot;)\n2025-11-19 11:48:07 [ERROR] Test: test_kws_in_interval, filename: 20240428_s4c2_000655_zero.fits, KeyError(&amp;quot;Keyword &amp;#x27;WPANG&amp;#x27; not found.&amp;quot;)\n2025-11-19 11:48:07 [ERROR] Test: test_kws_in_interval, filename: 20240428_s4c2_000655_zero.fits, KeyError(&amp;quot;Keyword &amp;#x27;CALWANG&amp;#x27; not found.&amp;quot;)\n2025-11-19 11:48:07 [ERROR] Test: test_kws_in_interval, filename: 20240428_s4c2_000655_zero.fits, KeyError(&amp;quot;Keyword &amp;#x27;ANALANG&amp;#x27; not found.&amp;quot;)\n2025-11-19 11:48:07 [ERROR] Test: test_kws_in_interval, filename: 20240428_s4c2_000656_zero.fits, keyword EXPTIME is not in the interval [1e-05, 86400.0]: 9.99999974737875e-06\n2025-11-19 11:48:07 [ERROR] Test: test_kws_in_interval, filename: 20240428_s4c2_000656_zero.fits, KeyError(&amp;quot;Keyword &amp;#x27;WPSELPO&amp;#x27; not found.&amp;quot;)\n2025-11-19 11:48:07 [ERROR] Test: test_kws_in_interval, filename: 20240428_s4c2_000656_zero.fits, TypeError(&amp;quot;&amp;#x27;&amp;lt;=&amp;#x27; not supported between instances of &amp;#x27;float&amp;#x27; and &amp;#x27;str&amp;#x27;&amp;quot;)\n2025-11-19 11:48:07 [ERROR] Test: test_kws_in_interval, filename: 20240428_s4c2_000656_zero.fits, KeyError(&amp;quot;Keyword &amp;#x27;WPANG&amp;#x27; not found.&amp;quot;)\n2025-11-19 11:48:07 [ERROR] Test: test_kws_in_interval, filename: 20240428_s4c2_000656_zero.fits, KeyError(&amp;quot;Keyword &amp;#x27;CALWANG&amp;#x27; not found.&amp;quot;)\n2025-11-19 11:48:07 [ERROR] Test: test_kws_in_interval, filename: 20240428_s4c2_000656_zero.fits, KeyError(&amp;quot;Keyword &amp;#x27;ANALANG&amp;#x27; not found.&amp;quot;)\n2025-11-19 11:48:07 [ERROR] Test: test_kws_in_interval, filename: 20240428_s4c2_000657_zero.fits, keyword EXPTIME is not in the interval [1e-05, 86400.0]: 9.99999974737875e-06\n2025-11-19 11:48:07 [ERROR] Test: test_kws_in_interval, filename: 20240428_s4c2_000657_zero.fits, KeyError(&amp;quot;Keyword &amp;#x27;WPSELPO&amp;#x27; not found.&amp;quot;)\n2025-11-19 11:48:07 [ERROR] Test: test_kws_in_interval, filename: 20240428_s4c2_000657_zero.fits, TypeError(&amp;quot;&amp;#x27;&amp;lt;=&amp;#x27; not supported between instances of &amp;#x27;float&amp;#x27; and &amp;#x27;str&amp;#x27;&amp;quot;)\n2025-11-19 11:48:07 [ERROR] Test: test_kws_in_interval, filename: 20240428_s4c2_000657_zero.fits, KeyError(&amp;quot;Keyword &amp;#x27;WPANG&amp;#x27; not found.&amp;quot;)\n2025-11-19 11:48:07 [ERROR] Test: test_kws_in_interval, filename: 20240428_s4c2_000657_zero.fits, KeyError(&amp;quot;Keyword &amp;#x27;CALWANG&amp;#x27; not found.&amp;quot;)\n2025-11-19 11:48:07 [ERROR] Test: test_kws_in_interval, filename: 20240428_s4c2_000657_zero.fits, KeyError(&amp;quot;Keyword &amp;#x27;ANALANG&amp;#x27; not found.&amp;quot;)\n2025-11-19 11:48:07 [ERROR] Test: test_kws_in_interval, filename: 20240428_s4c2_000658_zero.fits, keyword EXPTIME is not in the interval [1e-05, 86400.0]: 9.99999974737875e-06\n2025-11-19 11:48:07 [ERROR] Test: test_kws_in_interval, filename: 20240428_s4c2_000658_zero.fits, KeyError(&amp;quot;Keyword &amp;#x27;WPSELPO&amp;#x27; not found.&amp;quot;)\n2025-11-19 11:48:07 [ERROR] Test: test_kws_in_interval, filename: 20240428_s4c2_000658_zero.fits, TypeError(&amp;quot;&amp;#x27;&amp;lt;=&amp;#x27; not supported between instances of &amp;#x27;float&amp;#x27; and &amp;#x27;str&amp;#x27;&amp;quot;)\n2025-11-19 11:48:07 [ERROR] Test: test_kws_in_interval, filename: 20240428_s4c2_000658_zero.fits, KeyError(&amp;quot;Keyword &amp;#x27;WPANG&amp;#x27; not found.&amp;quot;)\n2025-11-19 11:48:07 [ERROR] Test: test_kws_in_interval, filename: 20240428_s4c2_000658_zero.fits, KeyError(&amp;quot;Keyword &amp;#x27;CALWANG&amp;#x27; not found.&amp;quot;)\n2025-11-19 11:48:07 [ERROR] Test: test_kws_in_interval, filename: 20240428_s4c2_000658_zero.fits, KeyError(&amp;quot;Keyword &amp;#x27;ANALANG&amp;#x27; not found.&amp;quot;)\n2025-11-19 11:48:07 [ERROR] Test: test_kws_in_interval, filename: 20240428_s4c2_001379_dc2fast.fits, KeyError(&amp;quot;Keyword &amp;#x27;WPSELPO&amp;#x27; not found.&amp;quot;)\n2025-11-19 11:48:07 [ERROR] Test: test_kws_in_interval, filename: 20240428_s4c2_001379_dc2fast.fits, KeyError(&amp;quot;Keyword &amp;#x27;WPANG&amp;#x27; not found.&amp;quot;)\n2025-11-19 11:48:07 [ERROR] Test: test_kws_in_interval, filename: 20240428_s4c2_001379_dc2fast.fits, KeyError(&amp;quot;Keyword &amp;#x27;CALWANG&amp;#x27; not found.&amp;quot;)\n2025-11-19 11:48:07 [ERROR] Test: test_kws_in_interval, filename: 20240428_s4c2_001379_dc2fast.fits, KeyError(&amp;quot;Keyword &amp;#x27;ANALANG&amp;#x27; not found.&amp;quot;)\n2025-11-19 11:48:07 [ERROR] Test: test_kws_in_interval, filename: 20240428_s4c2_001380_dc2fast.fits, KeyError(&amp;quot;Keyword &amp;#x27;WPSELPO&amp;#x27; not found.&amp;quot;)\n2025-11-19 11:48:07 [ERROR] Test: test_kws_in_interval, filename: 20240428_s4c2_001380_dc2fast.fits, KeyError(&amp;quot;Keyword &amp;#x27;WPANG&amp;#x27; not found.&amp;quot;)\n2025-11-19 11:48:07 [ERROR] Test: test_kws_in_interval, filename: 20240428_s4c2_001380_dc2fast.fits, KeyError(&amp;quot;Keyword &amp;#x27;CALWANG&amp;#x27; not found.&amp;quot;)\n2025-11-19 11:48:07 [ERROR] Test: test_kws_in_interval, filename: 20240428_s4c2_001380_dc2fast.fits, KeyError(&amp;quot;Keyword &amp;#x27;ANALANG&amp;#x27; not found.&amp;quot;)\n2025-11-19 11:48:07 [ERROR] Test: test_kws_in_interval, filename: 20240428_s4c2_001381_dc2fast.fits, KeyError(&amp;quot;Keyword &amp;#x27;WPSELPO&amp;#x27; not found.&amp;quot;)\n2025-11-19 11:48:07 [ERROR] Test: test_kws_in_interval, filename: 20240428_s4c2_001381_dc2fast.fits, KeyError(&amp;quot;Keyword &amp;#x27;WPANG&amp;#x27; not found.&amp;quot;)\n2025-11-19 11:48:07 [ERROR] Test: test_kws_in_interval, filename: 20240428_s4c2_001381_dc2fast.fits, KeyError(&amp;quot;Keyword &amp;#x27;CALWANG&amp;#x27; not found.&amp;quot;)\n2025-11-19 11:48:07 [ERROR] Test: test_kws_in_interval, filename: 20240428_s4c2_001381_dc2fast.fits, KeyError(&amp;quot;Keyword &amp;#x27;ANALANG&amp;#x27; not found.&amp;quot;)\n2025-11-19 11:48:07 [ERROR] Test: test_kws_in_interval, filename: 20240428_s4c2_001382_dc2fast.fits, KeyError(&amp;quot;Keyword &amp;#x27;WPSELPO&amp;#x27; not found.&amp;quot;)\n2025-11-19 11:48:07 [ERROR] Test: test_kws_in_interval, filename: 20240428_s4c2_001382_dc2fast.fits, KeyError(&amp;quot;Keyword &amp;#x27;WPANG&amp;#x27; not found.&amp;quot;)\n2025-11-19 11:48:07 [ERROR] Test: test_kws_in_interval, filename: 20240428_s4c2_001382_dc2fast.fits, KeyError(&amp;quot;Keyword &amp;#x27;CALWANG&amp;#x27; not found.&amp;quot;)\n2025-11-19 11:48:07 [ERROR] Test: test_kws_in_interval, filename: 20240428_s4c2_001382_dc2fast.fits, KeyError(&amp;quot;Keyword &amp;#x27;ANALANG&amp;#x27; not found.&amp;quot;)\n2025-11-19 11:48:07 [ERROR] Test: test_kws_in_interval, filename: 20240428_s4c2_001383_dc2fast.fits, KeyError(&amp;quot;Keyword &amp;#x27;WPSELPO&amp;#x27; not found.&amp;quot;)\n2025-11-19 11:48:07 [ERROR] Test: test_kws_in_interval, filename: 20240428_s4c2_001383_dc2fast.fits, KeyError(&amp;quot;Keyword &amp;#x27;WPANG&amp;#x27; not found.&amp;quot;)\n2025-11-19 11:48:07 [ERROR] Test: test_kws_in_interval, filename: 20240428_s4c2_001383_dc2fast.fits, KeyError(&amp;quot;Keyword &amp;#x27;CALWANG&amp;#x27; not found.&amp;quot;)\n2025-11-19 11:48:07 [ERROR] Test: test_kws_in_interval, filename: 20240428_s4c2_001383_dc2fast.fits, KeyError(&amp;quot;Keyword &amp;#x27;ANALANG&amp;#x27; not found.&amp;quot;)\n2025-11-19 11:48:07 [ERROR] Test: test_kws_in_interval, filename: 20240428_s4c2_001387_dc2slow.fits, KeyError(&amp;quot;Keyword &amp;#x27;WPSELPO&amp;#x27; not found.&amp;quot;)\n2025-11-19 11:48:07 [ERROR] Test: test_kws_in_interval, filename: 20240428_s4c2_001387_dc2slow.fits, KeyError(&amp;quot;Keyword &amp;#x27;WPANG&amp;#x27; not found.&amp;quot;)\n2025-11-19 11:48:07 [ERROR] Test: test_kws_in_interval, filename: 20240428_s4c2_001387_dc2slow.fits, KeyError(&amp;quot;Keyword &amp;#x27;CALWANG&amp;#x27; not found.&amp;quot;)\n2025-11-19 11:48:07 [ERROR] Test: test_kws_in_interval, filename: 20240428_s4c2_001387_dc2slow.fits, KeyError(&amp;quot;Keyword &amp;#x27;ANALANG&amp;#x27; not found.&amp;quot;)\n2025-11-19 11:48:07 [ERROR] Test: test_kws_in_interval, filename: 20240428_s4c2_001388_dc2slow.fits, KeyError(&amp;quot;Keyword &amp;#x27;WPSELPO&amp;#x27; not found.&amp;quot;)\n2025-11-19 11:48:07 [ERROR] Test: test_kws_in_interval, filename: 20240428_s4c2_001388_dc2slow.fits, KeyError(&amp;quot;Keyword &amp;#x27;WPANG&amp;#x27; not found.&amp;quot;)\n2025-11-19 11:48:07 [ERROR] Test: test_kws_in_interval, filename: 20240428_s4c2_001388_dc2slow.fits, KeyError(&amp;quot;Keyword &amp;#x27;CALWANG&amp;#x27; not found.&amp;quot;)\n2025-11-19 11:48:07 [ERROR] Test: test_kws_in_interval, filename: 20240428_s4c2_001388_dc2slow.fits, KeyError(&amp;quot;Keyword &amp;#x27;ANALANG&amp;#x27; not found.&amp;quot;)\n2025-11-19 11:48:07 [ERROR] Test: test_kws_in_interval, filename: 20240428_s4c2_001389_dc2slow.fits, KeyError(&amp;quot;Keyword &amp;#x27;WPSELPO&amp;#x27; not found.&amp;quot;)\n2025-11-19 11:48:07 [ERROR] Test: test_kws_in_interval, filename: 20240428_s4c2_001389_dc2slow.fits, KeyError(&amp;quot;Keyword &amp;#x27;WPANG&amp;#x27; not found.&amp;quot;)\n2025-11-19 11:48:07 [ERROR] Test: test_kws_in_interval, filename: 20240428_s4c2_001389_dc2slow.fits, KeyError(&amp;quot;Keyword &amp;#x27;CALWANG&amp;#x27; not found.&amp;quot;)\n2025-11-19 11:48:07 [ERROR] Test: test_kws_in_interval, filename: 20240428_s4c2_001389_dc2slow.fits, KeyError(&amp;quot;Keyword &amp;#x27;ANALANG&amp;#x27; not found.&amp;quot;)\n2025-11-19 11:48:07 [ERROR] Test: test_kws_in_interval, filename: 20240428_s4c2_001390_dc2slow.fits, KeyError(&amp;quot;Keyword &amp;#x27;WPSELPO&amp;#x27; not found.&amp;quot;)\n2025-11-19 11:48:07 [ERROR] Test: test_kws_in_interval, filename: 20240428_s4c2_001390_dc2slow.fits, KeyError(&amp;quot;Keyword &amp;#x27;WPANG&amp;#x27; not found.&amp;quot;)\n2025-11-19 11:48:07 [ERROR] Test: test_kws_in_interval, filename: 20240428_s4c2_001390_dc2slow.fits, KeyError(&amp;quot;Keyword &amp;#x27;CALWANG&amp;#x27; not found.&amp;quot;)\n2025-11-19 11:48:07 [ERROR] Test: test_kws_in_interval, filename: 20240428_s4c2_001390_dc2slow.fits, KeyError(&amp;quot;Keyword &amp;#x27;ANALANG&amp;#x27; not found.&amp;quot;)\n2025-11-19 11:48:07 [ERROR] Test: test_kws_in_interval, filename: 20240428_s4c2_001391_dc2slow.fits, KeyError(&amp;quot;Keyword &amp;#x27;WPSELPO&amp;#x27; not found.&amp;quot;)\n2025-11-19 11:48:07 [ERROR] Test: test_kws_in_interval, filename: 20240428_s4c2_001391_dc2slow.fits, KeyError(&amp;quot;Keyword &amp;#x27;WPANG&amp;#x27; not found.&amp;quot;)\n2025-11-19 11:48:07 [ERROR] Test: test_kws_in_interval, filename: 20240428_s4c2_001391_dc2slow.fits, KeyError(&amp;quot;Keyword &amp;#x27;CALWANG&amp;#x27; not found.&amp;quot;)\n2025-11-19 11:48:07 [ERROR] Test: test_kws_in_interval, filename: 20240428_s4c2_001391_dc2slow.fits, KeyError(&amp;quot;Keyword &amp;#x27;ANALANG&amp;#x27; not found.&amp;quot;)\n2025-11-19 11:48:07 [ERROR] Test: test_kws_in_interval, filename: 20240428_s4c2_001411_dc4fast.fits, KeyError(&amp;quot;Keyword &amp;#x27;WPSELPO&amp;#x27; not found.&amp;quot;)\n2025-11-19 11:48:07 [ERROR] Test: test_kws_in_interval, filename: 20240428_s4c2_001411_dc4fast.fits, KeyError(&amp;quot;Keyword &amp;#x27;WPANG&amp;#x27; not found.&amp;quot;)\n2025-11-19 11:48:07 [ERROR] Test: test_kws_in_interval, filename: 20240428_s4c2_001411_dc4fast.fits, KeyError(&amp;quot;Keyword &amp;#x27;CALWANG&amp;#x27; not found.&amp;quot;)\n2025-11-19 11:48:07 [ERROR] Test: test_kws_in_interval, filename: 20240428_s4c2_001411_dc4fast.fits, KeyError(&amp;quot;Keyword &amp;#x27;ANALANG&amp;#x27; not found.&amp;quot;)\n2025-11-19 11:48:07 [ERROR] Test: test_kws_in_interval, filename: 20240428_s4c2_001412_dc4fast.fits, KeyError(&amp;quot;Keyword &amp;#x27;WPSELPO&amp;#x27; not found.&amp;quot;)\n2025-11-19 11:48:07 [ERROR] Test: test_kws_in_interval, filename: 20240428_s4c2_001412_dc4fast.fits, KeyError(&amp;quot;Keyword &amp;#x27;WPANG&amp;#x27; not found.&amp;quot;)\n2025-11-19 11:48:07 [ERROR] Test: test_kws_in_interval, filename: 20240428_s4c2_001412_dc4fast.fits, KeyError(&amp;quot;Keyword &amp;#x27;CALWANG&amp;#x27; not found.&amp;quot;)\n2025-11-19 11:48:07 [ERROR] Test: test_kws_in_interval, filename: 20240428_s4c2_001412_dc4fast.fits, KeyError(&amp;quot;Keyword &amp;#x27;ANALANG&amp;#x27; not found.&amp;quot;)\n2025-11-19 11:48:07 [ERROR] Test: test_kws_in_interval, filename: 20240428_s4c2_001413_dc4fast.fits, KeyError(&amp;quot;Keyword &amp;#x27;WPSELPO&amp;#x27; not found.&amp;quot;)\n2025-11-19 11:48:07 [ERROR] Test: test_kws_in_interval, filename: 20240428_s4c2_001413_dc4fast.fits, TypeError(&amp;quot;&amp;#x27;&amp;lt;=&amp;#x27; not supported between instances of &amp;#x27;float&amp;#x27; and &amp;#x27;str&amp;#x27;&amp;quot;)\n2025-11-19 11:48:07 [ERROR] Test: test_kws_in_interval, filename: 20240428_s4c2_001413_dc4fast.fits, KeyError(&amp;quot;Keyword &amp;#x27;WPANG&amp;#x27; not found.&amp;quot;)\n2025-11-19 11:48:07 [ERROR] Test: test_kws_in_interval, filename: 20240428_s4c2_001413_dc4fast.fits, KeyError(&amp;quot;Keyword &amp;#x27;CALWANG&amp;#x27; not found.&amp;quot;)\n2025-11-19 11:48:07 [ERROR] Test: test_kws_in_interval, filename: 20240428_s4c2_001413_dc4fast.fits, KeyError(&amp;quot;Keyword &amp;#x27;ANALANG&amp;#x27; not found.&amp;quot;)\n2025-11-19 11:48:07 [ERROR] Test: test_kws_in_interval, filename: 20240428_s4c2_001414_dc4fast.fits, KeyError(&amp;quot;Keyword &amp;#x27;WPSELPO&amp;#x27; not found.&amp;quot;)\n2025-11-19 11:48:07 [ERROR] Test: test_kws_in_interval, filename: 20240428_s4c2_001414_dc4fast.fits, KeyError(&amp;quot;Keyword &amp;#x27;WPANG&amp;#x27; not found.&amp;quot;)\n2025-11-19 11:48:07 [ERROR] Test: test_kws_in_interval, filename: 20240428_s4c2_001414_dc4fast.fits, KeyError(&amp;quot;Keyword &amp;#x27;CALWANG&amp;#x27; not found.&amp;quot;)\n2025-11-19 11:48:07 [ERROR] Test: test_kws_in_interval, filename: 20240428_s4c2_001414_dc4fast.fits, KeyError(&amp;quot;Keyword &amp;#x27;ANALANG&amp;#x27; not found.&amp;quot;)\n2025-11-19 11:48:07 [ERROR] Test: test_kws_in_interval, filename: 20240428_s4c2_001415_dc4fast.fits, KeyError(&amp;quot;Keyword &amp;#x27;WPSELPO&amp;#x27; not found.&amp;quot;)\n2025-11-19 11:48:07 [ERROR] Test: test_kws_in_interval, filename: 20240428_s4c2_001415_dc4fast.fits, KeyError(&amp;quot;Keyword &amp;#x27;WPANG&amp;#x27; not found.&amp;quot;)\n2025-11-19 11:48:07 [ERROR] Test: test_kws_in_interval, filename: 20240428_s4c2_001415_dc4fast.fits, KeyError(&amp;quot;Keyword &amp;#x27;CALWANG&amp;#x27; not found.&amp;quot;)\n2025-11-19 11:48:07 [ERROR] Test: test_kws_in_interval, filename: 20240428_s4c2_001415_dc4fast.fits, KeyError(&amp;quot;Keyword &amp;#x27;ANALANG&amp;#x27; not found.&amp;quot;)\n\n&#34;}], &#34;tests/test_keywords.py::Test_Keywords::test_kws_regex&#34;: [{&#34;extras&#34;: [], &#34;result&#34;: &#34;Passed&#34;, &#34;testId&#34;: &#34;tests/test_keywords.py::Test_Keywords::test_kws_regex&#34;, &#34;duration&#34;: &#34;9 ms&#34;, &#34;resultsTableRow&#34;: [&#34;&lt;td class=\&#34;col-result\&#34;&gt;Passed&lt;/td&gt;&#34;, &#34;&lt;td class=\&#34;col-testId\&#34;&gt;tests/test_keywords.py::Test_Keywords::test_kws_regex&lt;/td&gt;&#34;, &#34;&lt;td class=\&#34;col-duration\&#34;&gt;9 ms&lt;/td&gt;&#34;, &#34;&lt;td class=\&#34;col-links\&#34;&gt;&lt;/td&gt;&#34;], &#34;log&#34;: &#34;------------------------------ Captured log call -------------------------------\n2025-11-19 11:48:07 [ERROR] Test: test_kws_regex, filename: 20240428_s4c2_000014_dflat.fits, an unexpected value was found for the keyword DATE-OBS: 2024-04-28T19:24:40.256\n2025-11-19 11:48:07 [ERROR] Test: test_kws_regex, filename: 20240428_s4c2_000014_dflat.fits, an unexpected value was found for the keyword UTTIME: 19:24:40.256\n2025-11-19 11:48:07 [ERROR] Test: test_kws_regex, filename: 20240428_s4c2_000014_dflat.fits, an unexpected value was found for the keyword RA: \n2025-11-19 11:48:07 [ERROR] Test: test_kws_regex, filename: 20240428_s4c2_000014_dflat.fits, an unexpected value was found for the keyword DEC: \n2025-11-19 11:48:07 [ERROR] Test: test_kws_regex, filename: 20240428_s4c2_000015_dflat.fits, an unexpected value was found for the keyword DATE-OBS: 2024-04-28T19:24:41.576\n2025-11-19 11:48:07 [ERROR] Test: test_kws_regex, filename: 20240428_s4c2_000015_dflat.fits, an unexpected value was found for the keyword UTTIME: 19:24:41.576\n2025-11-19 11:48:07 [ERROR] Test: test_kws_regex, filename: 20240428_s4c2_000015_dflat.fits, an unexpected value was found for the keyword RA: \n2025-11-19 11:48:07 [ERROR] Test: test_kws_regex, filename: 20240428_s4c2_000015_dflat.fits, an unexpected value was found for the keyword DEC: \n2025-11-19 11:48:07 [ERROR] Test: test_kws_regex, filename: 20240428_s4c2_000016_dflat.fits, an unexpected value was found for the keyword DATE-OBS: 2024-04-28T19:24:42.896\n2025-11-19 11:48:07 [ERROR] Test: test_kws_regex, filename: 20240428_s4c2_000016_dflat.fits, an unexpected value was found for the keyword UTTIME: 19:24:42.896\n2025-11-19 11:48:07 [ERROR] Test: test_kws_regex, filename: 20240428_s4c2_000016_dflat.fits, an unexpected value was found for the keyword RA: \n2025-11-19 11:48:07 [ERROR] Test: test_kws_regex, filename: 20240428_s4c2_000016_dflat.fits, an unexpected value was found for the keyword DEC: \n2025-11-19 11:48:07 [ERROR] Test: test_kws_regex, filename: 20240428_s4c2_000017_dflat.fits, an unexpected value was found for the keyword DATE-OBS: 2024-04-28T19:24:44.216\n2025-11-19 11:48:07 [ERROR] Test: test_kws_regex, filename: 20240428_s4c2_000017_dflat.fits, an unexpected value was found for the keyword UTTIME: 19:24:44.216\n2025-11-19 11:48:07 [ERROR] Test: test_kws_regex, filename: 20240428_s4c2_000017_dflat.fits, an unexpected value was found for the keyword RA: \n2025-11-19 11:48:07 [ERROR] Test: test_kws_regex, filename: 20240428_s4c2_000017_dflat.fits, an unexpected value was found for the keyword DEC: \n2025-11-19 11:48:07 [ERROR] Test: test_kws_regex, filename: 20240428_s4c2_000018_dflat.fits, an unexpected value was found for the keyword DATE-OBS: 2024-04-28T19:24:45.536\n2025-11-19 11:48:07 [ERROR] Test: test_kws_regex, filename: 20240428_s4c2_000018_dflat.fits, an unexpected value was found for the keyword UTTIME: 19:24:45.536\n2025-11-19 11:48:07 [ERROR] Test: test_kws_regex, filename: 20240428_s4c2_000018_dflat.fits, an unexpected value was found for the keyword RA: \n2025-11-19 11:48:07 [ERROR] Test: test_kws_regex, filename: 20240428_s4c2_000018_dflat.fits, an unexpected value was found for the keyword DEC: \n2025-11-19 11:48:07 [ERROR] Test: test_kws_regex, filename: 20240428_s4c2_000654_zero.fits, an unexpected value was found for the keyword DATE-OBS: 2024-04-28T19:47:55.086\n2025-11-19 11:48:07 [ERROR] Test: test_kws_regex, filename: 20240428_s4c2_000654_zero.fits, an unexpected value was found for the keyword UTTIME: 19:47:55.086\n2025-11-19 11:48:07 [ERROR] Test: test_kws_regex, filename: 20240428_s4c2_000654_zero.fits, an unexpected value was found for the keyword RA: \n2025-11-19 11:48:07 [ERROR] Test: test_kws_regex, filename: 20240428_s4c2_000654_zero.fits, an unexpected value was found for the keyword DEC: \n2025-11-19 11:48:07 [ERROR] Test: test_kws_regex, filename: 20240428_s4c2_000655_zero.fits, an unexpected value was found for the keyword DATE-OBS: 2024-04-28T19:47:56.206\n2025-11-19 11:48:07 [ERROR] Test: test_kws_regex, filename: 20240428_s4c2_000655_zero.fits, an unexpected value was found for the keyword UTTIME: 19:47:56.206\n2025-11-19 11:48:07 [ERROR] Test: test_kws_regex, filename: 20240428_s4c2_000655_zero.fits, an unexpected value was found for the keyword RA: \n2025-11-19 11:48:07 [ERROR] Test: test_kws_regex, filename: 20240428_s4c2_000655_zero.fits, an unexpected value was found for the keyword DEC: \n2025-11-19 11:48:07 [ERROR] Test: test_kws_regex, filename: 20240428_s4c2_000656_zero.fits, an unexpected value was found for the keyword DATE-OBS: 2024-04-28T19:47:57.326\n2025-11-19 11:48:07 [ERROR] Test: test_kws_regex, filename: 20240428_s4c2_000656_zero.fits, an unexpected value was found for the keyword UTTIME: 19:47:57.326\n2025-11-19 11:48:07 [ERROR] Test: test_kws_regex, filename: 20240428_s4c2_000656_zero.fits, an unexpected value was found for the keyword RA: \n2025-11-19 11:48:07 [ERROR] Test: test_kws_regex, filename: 20240428_s4c2_000656_zero.fits, an unexpected value was found for the keyword DEC: \n2025-11-19 11:48:07 [ERROR] Test: test_kws_regex, filename: 20240428_s4c2_000657_zero.fits, an unexpected value was found for the keyword DATE-OBS: 2024-04-28T19:47:58.446\n2025-11-19 11:48:07 [ERROR] Test: test_kws_regex, filename: 20240428_s4c2_000657_zero.fits, an unexpected value was found for the keyword UTTIME: 19:47:58.446\n2025-11-19 11:48:07 [ERROR] Test: test_kws_regex, filename: 20240428_s4c2_000657_zero.fits, an unexpected value was found for the keyword RA: \n2025-11-19 11:48:07 [ERROR] Test: test_kws_regex, filename: 20240428_s4c2_000657_zero.fits, an unexpected value was found for the keyword DEC: \n2025-11-19 11:48:07 [ERROR] Test: test_kws_regex, filename: 20240428_s4c2_000658_zero.fits, an unexpected value was found for the keyword DATE-OBS: 2024-04-28T19:47:59.566\n2025-11-19 11:48:07 [ERROR] Test: test_kws_regex, filename: 20240428_s4c2_000658_zero.fits, an unexpected value was found for the keyword UTTIME: 19:47:59.566\n2025-11-19 11:48:07 [ERROR] Test: test_kws_regex, filename: 20240428_s4c2_000658_zero.fits, an unexpected value was found for the keyword RA: \n2025-11-19 11:48:07 [ERROR] Test: test_kws_regex, filename: 20240428_s4c2_000658_zero.fits, an unexpected value was found for the keyword DEC: \n2025-11-19 11:48:07 [ERROR] Test: test_kws_regex, filename: 20240428_s4c2_001379_dc2fast.fits, an unexpected value was found for the keyword DATE-OBS: 2024-04-29T05:20:50.569\n2025-11-19 11:48:07 [ERROR] Test: test_kws_regex, filename: 20240428_s4c2_001379_dc2fast.fits, an unexpected value was found for the keyword UTTIME: 05:20:50.569\n2025-11-19 11:48:07 [ERROR] Test: test_kws_regex, filename: 20240428_s4c2_001379_dc2fast.fits, an unexpected value was found for the keyword RA: 14:09:20\n2025-11-19 11:48:07 [ERROR] Test: test_kws_regex, filename: 20240428_s4c2_001379_dc2fast.fits, an unexpected value was found for the keyword DEC: -57:37:00\n2025-11-19 11:48:07 [ERROR] Test: test_kws_regex, filename: 20240428_s4c2_001380_dc2fast.fits, an unexpected value was found for the keyword DATE-OBS: 2024-04-29T05:21:7.763\n2025-11-19 11:48:07 [ERROR] Test: test_kws_regex, filename: 20240428_s4c2_001380_dc2fast.fits, an unexpected value was found for the keyword UTTIME: 05:21:7.763\n2025-11-19 11:48:07 [ERROR] Test: test_kws_regex, filename: 20240428_s4c2_001380_dc2fast.fits, an unexpected value was found for the keyword RA: 14:09:20\n2025-11-19 11:48:07 [ERROR] Test: test_kws_regex, filename: 20240428_s4c2_001380_dc2fast.fits, an unexpected value was found for the keyword DEC: -57:37:00\n2025-11-19 11:48:07 [ERROR] Test: test_kws_regex, filename: 20240428_s4c2_001381_dc2fast.fits, an unexpected value was found for the keyword DATE-OBS: 2024-04-29T05:21:25.404\n2025-11-19 11:48:07 [ERROR] Test: test_kws_regex, filename: 20240428_s4c2_001381_dc2fast.fits, an unexpected value was found for the keyword UTTIME: 05:21:25.404\n2025-11-19 11:48:07 [ERROR] Test: test_kws_regex, filename: 20240428_s4c2_001381_dc2fast.fits, an unexpected value was found for the keyword RA: 14:09:20\n2025-11-19 11:48:07 [ERROR] Test: test_kws_regex, filename: 20240428_s4c2_001381_dc2fast.fits, an unexpected value was found for the keyword DEC: -57:37:00\n2025-11-19 11:48:07 [ERROR] Test: test_kws_regex, filename: 20240428_s4c2_001382_dc2fast.fits, an unexpected value was found for the keyword DATE-OBS: 2024-04-29T05:21:42.978\n2025-11-19 11:48:07 [ERROR] Test: test_kws_regex, filename: 20240428_s4c2_001382_dc2fast.fits, an unexpected value was found for the keyword UTTIME: 05:21:42.978\n2025-11-19 11:48:07 [ERROR] Test: test_kws_regex, filename: 20240428_s4c2_001382_dc2fast.fits, an unexpected value was found for the keyword RA: 14:09:20\n2025-11-19 11:48:07 [ERROR] Test: test_kws_regex, filename: 20240428_s4c2_001382_dc2fast.fits, an unexpected value was found for the keyword DEC: -57:37:00\n2025-11-19 11:48:07 [ERROR] Test: test_kws_regex, filename: 20240428_s4c2_001383_dc2fast.fits, an unexpected value was found for the keyword DATE-OBS: 2024-04-29T05:22:0.769\n2025-11-19 11:48:07 [ERROR] Test: test_kws_regex, filename: 20240428_s4c2_001383_dc2fast.fits, an unexpected value was found for the keyword UTTIME: 05:22:0.769\n2025-11-19 11:48:07 [ERROR] Test: test_kws_regex, filename: 20240428_s4c2_001383_dc2fast.fits, an unexpected value was found for the keyword RA: 14:09:20\n2025-11-19 11:48:07 [ERROR] Test: test_kws_regex, filename: 20240428_s4c2_001383_dc2fast.fits, an unexpected value was found for the keyword DEC: -57:37:00\n2025-11-19 11:48:07 [ERROR] Test: test_kws_regex, filename: 20240428_s4c2_001387_dc2slow.fits, an unexpected value was found for the keyword DATE-OBS: 2024-04-29T05:23:55.814\n2025-11-19 11:48:07 [ERROR] Test: test_kws_regex, filename: 20240428_s4c2_001387_dc2slow.fits, an unexpected value was found for the keyword UTTIME: 05:23:55.814\n2025-11-19 11:48:07 [ERROR] Test: test_kws_regex, filename: 20240428_s4c2_001387_dc2slow.fits, an unexpected value was found for the keyword RA: 14:09:20\n2025-11-19 11:48:07 [ERROR] Test: test_kws_regex, filename: 20240428_s4c2_001387_dc2slow.fits, an unexpected value was found for the keyword DEC: -57:37:00\n2025-11-19 11:48:07 [ERROR] Test: test_kws_regex, filename: 20240428_s4c2_001388_dc2slow.fits, an unexpected value was found for the keyword DATE-OBS: 2024-04-29T05:26:28.262\n2025-11-19 11:48:07 [ERROR] Test: test_kws_regex, filename: 20240428_s4c2_001388_dc2slow.fits, an unexpected value was found for the keyword UTTIME: 05:26:28.262\n2025-11-19 11:48:07 [ERROR] Test: test_kws_regex, filename: 20240428_s4c2_001388_dc2slow.fits, an unexpected value was found for the keyword RA: 14:09:20\n2025-11-19 11:48:07 [ERROR] Test: test_kws_regex, filename: 20240428_s4c2_001388_dc2slow.fits, an unexpected value was found for the keyword DEC: -57:37:00\n2025-11-19 11:48:07 [ERROR] Test: test_kws_regex, filename: 20240428_s4c2_001389_dc2slow.fits, an unexpected value was found for the keyword DATE-OBS: 2024-04-29T05:29:0.687\n2025-11-19 11:48:07 [ERROR] Test: test_kws_regex, filename: 20240428_s4c2_001389_dc2slow.fits, an unexpected value was found for the keyword UTTIME: 05:29:0.687\n2025-11-19 11:48:07 [ERROR] Test: test_kws_regex, filename: 20240428_s4c2_001389_dc2slow.fits, an unexpected value was found for the keyword RA: 14:09:20\n2025-11-19 11:48:07 [ERROR] Test: test_kws_regex, filename: 20240428_s4c2_001389_dc2slow.fits, an unexpected value was found for the keyword DEC: -57:37:00\n2025-11-19 11:48:07 [ERROR] Test: test_kws_regex, filename: 20240428_s4c2_001390_dc2slow.fits, an unexpected value was found for the keyword DATE-OBS: 2024-04-29T05:31:33.371\n2025-11-19 11:48:07 [ERROR] Test: test_kws_regex, filename: 20240428_s4c2_001390_dc2slow.fits, an unexpected value was found for the keyword UTTIME: 05:31:33.371\n2025-11-19 11:48:07 [ERROR] Test: test_kws_regex, filename: 20240428_s4c2_001390_dc2slow.fits, an unexpected value was found for the keyword RA: 14:09:20\n2025-11-19 11:48:07 [ERROR] Test: test_kws_regex, filename: 20240428_s4c2_001390_dc2slow.fits, an unexpected value was found for the keyword DEC: -57:37:00\n2025-11-19 11:48:07 [ERROR] Test: test_kws_regex, filename: 20240428_s4c2_001391_dc2slow.fits, an unexpected value was found for the keyword DATE-OBS: 2024-04-29T05:34:5.643\n2025-11-19 11:48:07 [ERROR] Test: test_kws_regex, filename: 20240428_s4c2_001391_dc2slow.fits, an unexpected value was found for the keyword UTTIME: 05:34:5.643\n2025-11-19 11:48:07 [ERROR] Test: test_kws_regex, filename: 20240428_s4c2_001391_dc2slow.fits, an unexpected value was found for the keyword RA: 14:09:20\n2025-11-19 11:48:07 [ERROR] Test: test_kws_regex, filename: 20240428_s4c2_001391_dc2slow.fits, an unexpected value was found for the keyword DEC: -57:37:00\n2025-11-19 11:48:07 [ERROR] Test: test_kws_regex, filename: 20240428_s4c2_001411_dc4fast.fits, an unexpected value was found for the keyword DATE-OBS: 2024-04-29T06:28:35.841\n2025-11-19 11:48:07 [ERROR] Test: test_kws_regex, filename: 20240428_s4c2_001411_dc4fast.fits, an unexpected value was found for the keyword UTTIME: 06:28:35.841\n2025-11-19 11:48:07 [ERROR] Test: test_kws_regex, filename: 20240428_s4c2_001411_dc4fast.fits, an unexpected value was found for the keyword RA: 14:09:20\n2025-11-19 11:48:07 [ERROR] Test: test_kws_regex, filename: 20240428_s4c2_001411_dc4fast.fits, an unexpected value was found for the keyword DEC: -57:42:21\n2025-11-19 11:48:07 [ERROR] Test: test_kws_regex, filename: 20240428_s4c2_001412_dc4fast.fits, an unexpected value was found for the keyword DATE-OBS: 2024-04-29T06:28:50.419\n2025-11-19 11:48:07 [ERROR] Test: test_kws_regex, filename: 20240428_s4c2_001412_dc4fast.fits, an unexpected value was found for the keyword UTTIME: 06:28:50.419\n2025-11-19 11:48:07 [ERROR] Test: test_kws_regex, filename: 20240428_s4c2_001412_dc4fast.fits, an unexpected value was found for the keyword RA: 14:09:20\n2025-11-19 11:48:07 [ERROR] Test: test_kws_regex, filename: 20240428_s4c2_001412_dc4fast.fits, an unexpected value was found for the keyword DEC: -57:42:21\n2025-11-19 11:48:07 [ERROR] Test: test_kws_regex, filename: 20240428_s4c2_001413_dc4fast.fits, an unexpected value was found for the keyword DATE-OBS: 2024-04-29T06:29:5.120\n2025-11-19 11:48:07 [ERROR] Test: test_kws_regex, filename: 20240428_s4c2_001413_dc4fast.fits, an unexpected value was found for the keyword UTTIME: 06:29:5.120\n2025-11-19 11:48:07 [ERROR] Test: test_kws_regex, filename: 20240428_s4c2_001413_dc4fast.fits, an unexpected value was found for the keyword RA: 14:09:20\n2025-11-19 11:48:07 [ERROR] Test: test_kws_regex, filename: 20240428_s4c2_001413_dc4fast.fits, an unexpected value was found for the keyword DEC: -57:42:21\n2025-11-19 11:48:07 [ERROR] Test: test_kws_regex, filename: 20240428_s4c2_001414_dc4fast.fits, an unexpected value was found for the keyword DATE-OBS: 2024-04-29T06:29:19.839\n2025-11-19 11:48:07 [ERROR] Test: test_kws_regex, filename: 20240428_s4c2_001414_dc4fast.fits, an unexpected value was found for the keyword UTTIME: 06:29:19.839\n2025-11-19 11:48:07 [ERROR] Test: test_kws_regex, filename: 20240428_s4c2_001414_dc4fast.fits, an unexpected value was found for the keyword RA: 14:09:20\n2025-11-19 11:48:07 [ERROR] Test: test_kws_regex, filename: 20240428_s4c2_001414_dc4fast.fits, an unexpected value was found for the keyword DEC: -57:42:21\n2025-11-19 11:48:07 [ERROR] Test: test_kws_regex, filename: 20240428_s4c2_001415_dc4fast.fits, an unexpected value was found for the keyword DATE-OBS: 2024-04-29T06:29:34.869\n2025-11-19 11:48:07 [ERROR] Test: test_kws_regex, filename: 20240428_s4c2_001415_dc4fast.fits, an unexpected value was found for the keyword UTTIME: 06:29:34.869\n2025-11-19 11:48:07 [ERROR] Test: test_kws_regex, filename: 20240428_s4c2_001415_dc4fast.fits, an unexpected value was found for the keyword RA: 14:09:20\n2025-11-19 11:48:07 [ERROR] Test: test_kws_regex, filename: 20240428_s4c2_001415_dc4fast.fits, an unexpected value was found for the keyword DEC: -57:42:21\n\n&#34;}], &#34;tests/test_keywords.py::Test_Keywords::test_kws_specific_vals&#34;: [{&#34;extras&#34;: [], &#34;result&#34;: &#34;Failed&#34;, &#34;testId&#34;: &#34;tests/test_keywords.py::Test_Keywords::test_kws_specific_vals&#34;, &#34;duration&#34;: &#34;2 ms&#34;, &#34;resultsTableRow&#34;: [&#34;&lt;td class=\&#34;col-result\&#34;&gt;Failed&lt;/td&gt;&#34;, &#34;&lt;td class=\&#34;col-testId\&#34;&gt;tests/test_keywords.py::Test_Keywords::test_kws_specific_vals&lt;/td&gt;&#34;, &#34;&lt;td class=\&#34;col-duration\&#34;&gt;2 ms&lt;/td&gt;&#34;, &#34;&lt;td class=\&#34;col-links\&#34;&gt;&lt;/td&gt;&#34;], &#34;log&#34;: &#34;self = &amp;lt;tests.test_keywords.Test_Keywords testMethod=test_kws_specific_vals&amp;gt;\n\n    def test_kws_specific_vals(self):\n        for hdr in self.hdrs_list:\n            for kw in self.kws_specific_values:\n                row = self.header_content[self.header_content[&amp;quot;Keyword&amp;quot;] == kw]\n                allowed_vals = row[&amp;quot;Allowed values&amp;quot;].values[0].split(&amp;quot;,&amp;quot;)\n                _type = row[&amp;quot;Type&amp;quot;].values[0]\n                if _type in [&amp;quot;integer&amp;quot;, &amp;quot;float&amp;quot;]:\n                    allowed_vals = [\n                        self.var_types[_type](new_val) for new_val in allowed_vals\n                    ]\n                file_name = hdr[&amp;quot;FILENAME&amp;quot;]\n                func_name = inspect.currentframe().f_code.co_name\n                value = hdr[kw]\n                self.val_in_list(value, allowed_vals, kw, file_name, func_name)\n&amp;gt;               assert hdr[kw] in allowed_vals\nE               AssertionError: assert &amp;#x27;Kinetic&amp;#x27; in [&amp;#x27;Single Scan&amp;#x27;, &amp;#x27;Kinetics&amp;#x27;]\n\ntests\\test_keywords.py:250: AssertionError\n\n------------------------------ Captured log call -------------------------------\n2025-11-19 11:48:07 [ERROR] Test: test_kws_specific_vals, filename: 20240428_s4c2_000014_dflat.fits, keyword ACQMODE is not in [&amp;#x27;Single Scan&amp;#x27;, &amp;#x27;Kinetics&amp;#x27;]: Kinetic\n\n&#34;}], &#34;tests/test_keywords.py::Test_Keywords::test_missing_keywords&#34;: [{&#34;extras&#34;: [], &#34;result&#34;: &#34;Passed&#34;, &#34;testId&#34;: &#34;tests/test_keywords.py::Test_Keywords::test_missing_keywords&#34;, &#34;duration&#34;: &#34;3 ms&#34;, &#34;resultsTableRow&#34;: [&#34;&lt;td class=\&#34;col-result\&#34;&gt;Passed&lt;/td&gt;&#34;, &#34;&lt;td class=\&#34;col-testId\&#34;&gt;tests/test_keywords.py::Test_Keywords::test_missing_keywords&lt;/td&gt;&#34;, &#34;&lt;td class=\&#34;col-duration\&#34;&gt;3 ms&lt;/td&gt;&#34;, &#34;&lt;td class=\&#34;col-links\&#34;&gt;&lt;/td&gt;&#34;], &#34;log&#34;: &#34;------------------------------ Captured log call -------------------------------\n2025-11-19 11:48:07 [ERROR] Test: test_missing_keywords, filename: 20240428_s4c2_000014_dflat.fits, diff: {&amp;#x27;WPSELPO&amp;#x27;, &amp;#x27;CALWANG&amp;#x27;, &amp;#x27;GUIDEDEC&amp;#x27;, &amp;#x27;WPANG&amp;#x27;, &amp;#x27;PSETMODE&amp;#x27;, &amp;#x27;ACQERROR&amp;#x27;, &amp;#x27;ANALANG&amp;#x27;, &amp;#x27;GUIDERA&amp;#x27;}\n2025-11-19 11:48:07 [ERROR] Test: test_missing_keywords, filename: 20240428_s4c2_000015_dflat.fits, diff: {&amp;#x27;WPSELPO&amp;#x27;, &amp;#x27;CALWANG&amp;#x27;, &amp;#x27;GUIDEDEC&amp;#x27;, &amp;#x27;WPANG&amp;#x27;, &amp;#x27;PSETMODE&amp;#x27;, &amp;#x27;ACQERROR&amp;#x27;, &amp;#x27;ANALANG&amp;#x27;, &amp;#x27;GUIDERA&amp;#x27;}\n2025-11-19 11:48:07 [ERROR] Test: test_missing_keywords, filename: 20240428_s4c2_000016_dflat.fits, diff: {&amp;#x27;WPSELPO&amp;#x27;, &amp;#x27;CALWANG&amp;#x27;, &amp;#x27;GUIDEDEC&amp;#x27;, &amp;#x27;WPANG&amp;#x27;, &amp;#x27;PSETMODE&amp;#x27;, &amp;#x27;ACQERROR&amp;#x27;, &amp;#x27;ANALANG&amp;#x27;, &amp;#x27;GUIDERA&amp;#x27;}\n2025-11-19 11:48:07 [ERROR] Test: test_missing_keywords, filename: 20240428_s4c2_000017_dflat.fits, diff: {&amp;#x27;WPSELPO&amp;#x27;, &amp;#x27;CALWANG&amp;#x27;, &amp;#x27;GUIDEDEC&amp;#x27;, &amp;#x27;WPANG&amp;#x27;, &amp;#x27;PSETMODE&amp;#x27;, &amp;#x27;ACQERROR&amp;#x27;, &amp;#x27;ANALANG&amp;#x27;, &amp;#x27;GUIDERA&amp;#x27;}\n2025-11-19 11:48:07 [ERROR] Test: test_missing_keywords, filename: 20240428_s4c2_000018_dflat.fits, diff: {&amp;#x27;WPSELPO&amp;#x27;, &amp;#x27;CALWANG&amp;#x27;, &amp;#x27;GUIDEDEC&amp;#x27;, &amp;#x27;WPANG&amp;#x27;, &amp;#x27;PSETMODE&amp;#x27;, &amp;#x27;ACQERROR&amp;#x27;, &amp;#x27;ANALANG&amp;#x27;, &amp;#x27;GUIDERA&amp;#x27;}\n2025-11-19 11:48:07 [ERROR] Test: test_missing_keywords, filename: 20240428_s4c2_000654_zero.fits, diff: {&amp;#x27;WPSELPO&amp;#x27;, &amp;#x27;CALWANG&amp;#x27;, &amp;#x27;GUIDEDEC&amp;#x27;, &amp;#x27;WPANG&amp;#x27;, &amp;#x27;PSETMODE&amp;#x27;, &amp;#x27;ACQERROR&amp;#x27;, &amp;#x27;ANALANG&amp;#x27;, &amp;#x27;GUIDERA&amp;#x27;}\n2025-11-19 11:48:07 [ERROR] Test: test_missing_keywords, filename: 20240428_s4c2_000655_zero.fits, diff: {&amp;#x27;WPSELPO&amp;#x27;, &amp;#x27;CALWANG&amp;#x27;, &amp;#x27;GUIDEDEC&amp;#x27;, &amp;#x27;WPANG&amp;#x27;, &amp;#x27;PSETMODE&amp;#x27;, &amp;#x27;ACQERROR&amp;#x27;, &amp;#x27;ANALANG&amp;#x27;, &amp;#x27;GUIDERA&amp;#x27;}\n2025-11-19 11:48:07 [ERROR] Test: test_missing_keywords, filename: 20240428_s4c2_000656_zero.fits, diff: {&amp;#x27;WPSELPO&amp;#x27;, &amp;#x27;CALWANG&amp;#x27;, &amp;#x27;GUIDEDEC&amp;#x27;, &amp;#x27;WPANG&amp;#x27;, &amp;#x27;PSETMODE&amp;#x27;, &amp;#x27;ACQERROR&amp;#x27;, &amp;#x27;ANALANG&amp;#x27;, &amp;#x27;GUIDERA&amp;#x27;}\n2025-11-19 11:48:07 [ERROR] Test: test_missing_keywords, filename: 20240428_s4c2_000657_zero.fits, diff: {&amp;#x27;WPSELPO&amp;#x27;, &amp;#x27;CALWANG&amp;#x27;, &amp;#x27;GUIDEDEC&amp;#x27;, &amp;#x27;WPANG&amp;#x27;, &amp;#x27;PSETMODE&amp;#x27;, &amp;#x27;ACQERROR&amp;#x27;, &amp;#x27;ANALANG&amp;#x27;, &amp;#x27;GUIDERA&amp;#x27;}\n2025-11-19 11:48:07 [ERROR] Test: test_missing_keywords, filename: 20240428_s4c2_000658_zero.fits, diff: {&amp;#x27;WPSELPO&amp;#x27;, &amp;#x27;CALWANG&amp;#x27;, &amp;#x27;GUIDEDEC&amp;#x27;, &amp;#x27;WPANG&amp;#x27;, &amp;#x27;PSETMODE&amp;#x27;, &amp;#x27;ACQERROR&amp;#x27;, &amp;#x27;ANALANG&amp;#x27;, &amp;#x27;GUIDERA&amp;#x27;}\n2025-11-19 11:48:07 [ERROR] Test: test_missing_keywords, filename: 20240428_s4c2_001379_dc2fast.fits, diff: {&amp;#x27;&amp;#x27;, &amp;#x27;WPSELPO&amp;#x27;, &amp;#x27;CALWANG&amp;#x27;, &amp;#x27;GUIDEDEC&amp;#x27;, &amp;#x27;WPANG&amp;#x27;, &amp;#x27;PSETMODE&amp;#x27;, &amp;#x27;ACQERROR&amp;#x27;, &amp;#x27;IRAF-TLM&amp;#x27;, &amp;#x27;ANALANG&amp;#x27;, &amp;#x27;DATE&amp;#x27;, &amp;#x27;EXTEND&amp;#x27;, &amp;#x27;GUIDERA&amp;#x27;, &amp;#x27;ORIGIN&amp;#x27;}\n2025-11-19 11:48:07 [ERROR] Test: test_missing_keywords, filename: 20240428_s4c2_001380_dc2fast.fits, diff: {&amp;#x27;&amp;#x27;, &amp;#x27;WPSELPO&amp;#x27;, &amp;#x27;CALWANG&amp;#x27;, &amp;#x27;GUIDEDEC&amp;#x27;, &amp;#x27;WPANG&amp;#x27;, &amp;#x27;PSETMODE&amp;#x27;, &amp;#x27;ACQERROR&amp;#x27;, &amp;#x27;IRAF-TLM&amp;#x27;, &amp;#x27;ANALANG&amp;#x27;, &amp;#x27;DATE&amp;#x27;, &amp;#x27;EXTEND&amp;#x27;, &amp;#x27;GUIDERA&amp;#x27;, &amp;#x27;ORIGIN&amp;#x27;}\n2025-11-19 11:48:07 [ERROR] Test: test_missing_keywords, filename: 20240428_s4c2_001381_dc2fast.fits, diff: {&amp;#x27;&amp;#x27;, &amp;#x27;WPSELPO&amp;#x27;, &amp;#x27;CALWANG&amp;#x27;, &amp;#x27;GUIDEDEC&amp;#x27;, &amp;#x27;WPANG&amp;#x27;, &amp;#x27;PSETMODE&amp;#x27;, &amp;#x27;ACQERROR&amp;#x27;, &amp;#x27;IRAF-TLM&amp;#x27;, &amp;#x27;ANALANG&amp;#x27;, &amp;#x27;DATE&amp;#x27;, &amp;#x27;EXTEND&amp;#x27;, &amp;#x27;GUIDERA&amp;#x27;, &amp;#x27;ORIGIN&amp;#x27;}\n2025-11-19 11:48:07 [ERROR] Test: test_missing_keywords, filename: 20240428_s4c2_001382_dc2fast.fits, diff: {&amp;#x27;&amp;#x27;, &amp;#x27;WPSELPO&amp;#x27;, &amp;#x27;CALWANG&amp;#x27;, &amp;#x27;GUIDEDEC&amp;#x27;, &amp;#x27;WPANG&amp;#x27;, &amp;#x27;PSETMODE&amp;#x27;, &amp;#x27;ACQERROR&amp;#x27;, &amp;#x27;IRAF-TLM&amp;#x27;, &amp;#x27;ANALANG&amp;#x27;, &amp;#x27;DATE&amp;#x27;, &amp;#x27;EXTEND&amp;#x27;, &amp;#x27;GUIDERA&amp;#x27;, &amp;#x27;ORIGIN&amp;#x27;}\n2025-11-19 11:48:07 [ERROR] Test: test_missing_keywords, filename: 20240428_s4c2_001383_dc2fast.fits, diff: {&amp;#x27;&amp;#x27;, &amp;#x27;WPSELPO&amp;#x27;, &amp;#x27;CALWANG&amp;#x27;, &amp;#x27;GUIDEDEC&amp;#x27;, &amp;#x27;WPANG&amp;#x27;, &amp;#x27;PSETMODE&amp;#x27;, &amp;#x27;ACQERROR&amp;#x27;, &amp;#x27;IRAF-TLM&amp;#x27;, &amp;#x27;ANALANG&amp;#x27;, &amp;#x27;DATE&amp;#x27;, &amp;#x27;EXTEND&amp;#x27;, &amp;#x27;GUIDERA&amp;#x27;, &amp;#x27;ORIGIN&amp;#x27;}\n2025-11-19 11:48:07 [ERROR] Test: test_missing_keywords, filename: 20240428_s4c2_001387_dc2slow.fits, diff: {&amp;#x27;&amp;#x27;, &amp;#x27;WPSELPO&amp;#x27;, &amp;#x27;CALWANG&amp;#x27;, &amp;#x27;GUIDEDEC&amp;#x27;, &amp;#x27;WPANG&amp;#x27;, &amp;#x27;PSETMODE&amp;#x27;, &amp;#x27;ACQERROR&amp;#x27;, &amp;#x27;IRAF-TLM&amp;#x27;, &amp;#x27;ANALANG&amp;#x27;, &amp;#x27;DATE&amp;#x27;, &amp;#x27;EXTEND&amp;#x27;, &amp;#x27;GUIDERA&amp;#x27;, &amp;#x27;ORIGIN&amp;#x27;}\n2025-11-19 11:48:07 [ERROR] Test: test_missing_keywords, filename: 20240428_s4c2_001388_dc2slow.fits, diff: {&amp;#x27;&amp;#x27;, &amp;#x27;WPSELPO&amp;#x27;, &amp;#x27;CALWANG&amp;#x27;, &amp;#x27;GUIDEDEC&amp;#x27;, &amp;#x27;WPANG&amp;#x27;, &amp;#x27;PSETMODE&amp;#x27;, &amp;#x27;ACQERROR&amp;#x27;, &amp;#x27;IRAF-TLM&amp;#x27;, &amp;#x27;ANALANG&amp;#x27;, &amp;#x27;DATE&amp;#x27;, &amp;#x27;EXTEND&amp;#x27;, &amp;#x27;GUIDERA&amp;#x27;, &amp;#x27;ORIGIN&amp;#x27;}\n2025-11-19 11:48:07 [ERROR] Test: test_missing_keywords, filename: 20240428_s4c2_001389_dc2slow.fits, diff: {&amp;#x27;&amp;#x27;, &amp;#x27;WPSELPO&amp;#x27;, &amp;#x27;CALWANG&amp;#x27;, &amp;#x27;GUIDEDEC&amp;#x27;, &amp;#x27;WPANG&amp;#x27;, &amp;#x27;PSETMODE&amp;#x27;, &amp;#x27;ACQERROR&amp;#x27;, &amp;#x27;IRAF-TLM&amp;#x27;, &amp;#x27;ANALANG&amp;#x27;, &amp;#x27;DATE&amp;#x27;, &amp;#x27;EXTEND&amp;#x27;, &amp;#x27;GUIDERA&amp;#x27;, &amp;#x27;ORIGIN&amp;#x27;}\n2025-11-19 11:48:07 [ERROR] Test: test_missing_keywords, filename: 20240428_s4c2_001390_dc2slow.fits, diff: {&amp;#x27;&amp;#x27;, &amp;#x27;WPSELPO&amp;#x27;, &amp;#x27;CALWANG&amp;#x27;, &amp;#x27;GUIDEDEC&amp;#x27;, &amp;#x27;WPANG&amp;#x27;, &amp;#x27;PSETMODE&amp;#x27;, &amp;#x27;ACQERROR&amp;#x27;, &amp;#x27;IRAF-TLM&amp;#x27;, &amp;#x27;ANALANG&amp;#x27;, &amp;#x27;DATE&amp;#x27;, &amp;#x27;EXTEND&amp;#x27;, &amp;#x27;GUIDERA&amp;#x27;, &amp;#x27;ORIGIN&amp;#x27;}\n2025-11-19 11:48:07 [ERROR] Test: test_missing_keywords, filename: 20240428_s4c2_001391_dc2slow.fits, diff: {&amp;#x27;&amp;#x27;, &amp;#x27;WPSELPO&amp;#x27;, &amp;#x27;CALWANG&amp;#x27;, &amp;#x27;GUIDEDEC&amp;#x27;, &amp;#x27;WPANG&amp;#x27;, &amp;#x27;PSETMODE&amp;#x27;, &amp;#x27;ACQERROR&amp;#x27;, &amp;#x27;IRAF-TLM&amp;#x27;, &amp;#x27;ANALANG&amp;#x27;, &amp;#x27;DATE&amp;#x27;, &amp;#x27;EXTEND&amp;#x27;, &amp;#x27;GUIDERA&amp;#x27;, &amp;#x27;ORIGIN&amp;#x27;}\n2025-11-19 11:48:07 [ERROR] Test: test_missing_keywords, filename: 20240428_s4c2_001411_dc4fast.fits, diff: {&amp;#x27;&amp;#x27;, &amp;#x27;WPSELPO&amp;#x27;, &amp;#x27;CALWANG&amp;#x27;, &amp;#x27;GUIDEDEC&amp;#x27;, &amp;#x27;WPANG&amp;#x27;, &amp;#x27;PSETMODE&amp;#x27;, &amp;#x27;ACQERROR&amp;#x27;, &amp;#x27;IRAF-TLM&amp;#x27;, &amp;#x27;ANALANG&amp;#x27;, &amp;#x27;DATE&amp;#x27;, &amp;#x27;EXTEND&amp;#x27;, &amp;#x27;GUIDERA&amp;#x27;, &amp;#x27;ORIGIN&amp;#x27;}\n2025-11-19 11:48:07 [ERROR] Test: test_missing_keywords, filename: 20240428_s4c2_001412_dc4fast.fits, diff: {&amp;#x27;&amp;#x27;, &amp;#x27;WPSELPO&amp;#x27;, &amp;#x27;CALWANG&amp;#x27;, &amp;#x27;GUIDEDEC&amp;#x27;, &amp;#x27;WPANG&amp;#x27;, &amp;#x27;PSETMODE&amp;#x27;, &amp;#x27;ACQERROR&amp;#x27;, &amp;#x27;IRAF-TLM&amp;#x27;, &amp;#x27;ANALANG&amp;#x27;, &amp;#x27;DATE&amp;#x27;, &amp;#x27;EXTEND&amp;#x27;, &amp;#x27;GUIDERA&amp;#x27;, &amp;#x27;ORIGIN&amp;#x27;}\n2025-11-19 11:48:07 [ERROR] Test: test_missing_keywords, filename: 20240428_s4c2_001413_dc4fast.fits, diff: {&amp;#x27;&amp;#x27;, &amp;#x27;WPSELPO&amp;#x27;, &amp;#x27;CALWANG&amp;#x27;, &amp;#x27;GUIDEDEC&amp;#x27;, &amp;#x27;WPANG&amp;#x27;, &amp;#x27;PSETMODE&amp;#x27;, &amp;#x27;ACQERROR&amp;#x27;, &amp;#x27;IRAF-TLM&amp;#x27;, &amp;#x27;ANALANG&amp;#x27;, &amp;#x27;DATE&amp;#x27;, &amp;#x27;EXTEND&amp;#x27;, &amp;#x27;GUIDERA&amp;#x27;, &amp;#x27;ORIGIN&amp;#x27;}\n2025-11-19 11:48:07 [ERROR] Test: test_missing_keywords, filename: 20240428_s4c2_001414_dc4fast.fits, diff: {&amp;#x27;&amp;#x27;, &amp;#x27;WPSELPO&amp;#x27;, &amp;#x27;CALWANG&amp;#x27;, &amp;#x27;GUIDEDEC&amp;#x27;, &amp;#x27;WPANG&amp;#x27;, &amp;#x27;PSETMODE&amp;#x27;, &amp;#x27;ACQERROR&amp;#x27;, &amp;#x27;IRAF-TLM&amp;#x27;, &amp;#x27;ANALANG&amp;#x27;, &amp;#x27;DATE&amp;#x27;, &amp;#x27;EXTEND&amp;#x27;, &amp;#x27;GUIDERA&amp;#x27;, &amp;#x27;ORIGIN&amp;#x27;}\n2025-11-19 11:48:07 [ERROR] Test: test_missing_keywords, filename: 20240428_s4c2_001415_dc4fast.fits, diff: {&amp;#x27;&amp;#x27;, &amp;#x27;WPSELPO&amp;#x27;, &amp;#x27;CALWANG&amp;#x27;, &amp;#x27;GUIDEDEC&amp;#x27;, &amp;#x27;WPANG&amp;#x27;, &amp;#x27;PSETMODE&amp;#x27;, &amp;#x27;ACQERROR&amp;#x27;, &amp;#x27;IRAF-TLM&amp;#x27;, &amp;#x27;ANALANG&amp;#x27;, &amp;#x27;DATE&amp;#x27;, &amp;#x27;EXTEND&amp;#x27;, &amp;#x27;GUIDERA&amp;#x27;, &amp;#x27;ORIGIN&amp;#x27;}\n\n&#34;}], &#34;tests/test_keywords.py::Test_Keywords::test_observatory_coords&#34;: [{&#34;extras&#34;: [], &#34;result&#34;: &#34;Passed&#34;, &#34;testId&#34;: &#34;tests/test_keywords.py::Test_Keywords::test_observatory_coords&#34;, &#34;duration&#34;: &#34;2 ms&#34;, &#34;resultsTableRow&#34;: [&#34;&lt;td class=\&#34;col-result\&#34;&gt;Passed&lt;/td&gt;&#34;, &#34;&lt;td class=\&#34;col-testId\&#34;&gt;tests/test_keywords.py::Test_Keywords::test_observatory_coords&lt;/td&gt;&#34;, &#34;&lt;td class=\&#34;col-duration\&#34;&gt;2 ms&lt;/td&gt;&#34;, &#34;&lt;td class=\&#34;col-links\&#34;&gt;&lt;/td&gt;&#34;], &#34;log&#34;: &#34;No log output captured.&#34;}], &#34;tests/test_keywords.py::Test_Keywords::test_read_noise&#34;: [{&#34;extras&#34;: [], &#34;result&#34;: &#34;Passed&#34;, &#34;testId&#34;: &#34;tests/test_keywords.py::Test_Keywords::test_read_noise&#34;, &#34;duration&#34;: &#34;10 ms&#34;, &#34;resultsTableRow&#34;: [&#34;&lt;td class=\&#34;col-result\&#34;&gt;Passed&lt;/td&gt;&#34;, &#34;&lt;td class=\&#34;col-testId\&#34;&gt;tests/test_keywords.py::Test_Keywords::test_read_noise&lt;/td&gt;&#34;, &#34;&lt;td class=\&#34;col-duration\&#34;&gt;10 ms&lt;/td&gt;&#34;, &#34;&lt;td class=\&#34;col-links\&#34;&gt;&lt;/td&gt;&#34;], &#34;log&#34;: &#34;No log output captured.&#34;}], &#34;tests/test_keywords.py::Test_Keywords::test_simulated_mode&#34;: [{&#34;extras&#34;: [], &#34;result&#34;: &#34;Passed&#34;, &#34;testId&#34;: &#34;tests/test_keywords.py::Test_Keywords::test_simulated_mode&#34;, &#34;duration&#34;: &#34;1 ms&#34;, &#34;resultsTableRow&#34;: [&#34;&lt;td class=\&#34;col-result\&#34;&gt;Passed&lt;/td&gt;&#34;, &#34;&lt;td class=\&#34;col-testId\&#34;&gt;tests/test_keywords.py::Test_Keywords::test_simulated_mode&lt;/td&gt;&#34;, &#34;&lt;td class=\&#34;col-duration\&#34;&gt;1 ms&lt;/td&gt;&#34;, &#34;&lt;td class=\&#34;col-links\&#34;&gt;&lt;/td&gt;&#34;], &#34;log&#34;: &#34;No log output captured.&#34;}]}, &#34;renderCollapsed&#34;: [&#34;passed&#34;], &#34;initialSort&#34;: &#34;result&#34;, &#34;title&#34;: &#34;report.html&#34;}"></div>
    <script>
      (function(){function r(e,n,t){function o(i,f){if(!n[i]){if(!e[i]){var c="function"==typeof require&&require;if(!f&&c)return c(i,!0);if(u)return u(i,!0);var a=new Error("Cannot find module '"+i+"'");throw a.code="MODULE_NOT_FOUND",a}var p=n[i]={exports:{}};e[i][0].call(p.exports,function(r){var n=e[i][1][r];return o(n||r)},p,p.exports,r,e,n,t)}return n[i].exports}for(var u="function"==typeof require&&require,i=0;i<t.length;i++)o(t[i]);return o}return r})()({1:[function(require,module,exports){
const { getCollapsedCategory, setCollapsedIds } = require('./storage.js')

class DataManager {
    setManager(data) {
        const collapsedCategories = [...getCollapsedCategory(data.renderCollapsed)]
        const collapsedIds = []
        const tests = Object.values(data.tests).flat().map((test, index) => {
            const collapsed = collapsedCategories.includes(test.result.toLowerCase())
            const id = `test_${index}`
            if (collapsed) {
                collapsedIds.push(id)
            }
            return {
                ...test,
                id,
                collapsed,
            }
        })
        const dataBlob = { ...data, tests }
        this.data = { ...dataBlob }
        this.renderData = { ...dataBlob }
        setCollapsedIds(collapsedIds)
    }

    get allData() {
        return { ...this.data }
    }

    resetRender() {
        this.renderData = { ...this.data }
    }

    setRender(data) {
        this.renderData.tests = [...data]
    }

    toggleCollapsedItem(id) {
        this.renderData.tests = this.renderData.tests.map((test) =>
            test.id === id ? { ...test, collapsed: !test.collapsed } : test,
        )
    }

    set allCollapsed(collapsed) {
        this.renderData = { ...this.renderData, tests: [...this.renderData.tests.map((test) => (
            { ...test, collapsed }
        ))] }
    }

    get testSubset() {
        return [...this.renderData.tests]
    }

    get environment() {
        return this.renderData.environment
    }

    get initialSort() {
        return this.data.initialSort
    }
}

module.exports = {
    manager: new DataManager(),
}

},{"./storage.js":8}],2:[function(require,module,exports){
const mediaViewer = require('./mediaviewer.js')
const templateEnvRow = document.getElementById('template_environment_row')
const templateResult = document.getElementById('template_results-table__tbody')

function htmlToElements(html) {
    const temp = document.createElement('template')
    temp.innerHTML = html
    return temp.content.childNodes
}

const find = (selector, elem) => {
    if (!elem) {
        elem = document
    }
    return elem.querySelector(selector)
}

const findAll = (selector, elem) => {
    if (!elem) {
        elem = document
    }
    return [...elem.querySelectorAll(selector)]
}

const dom = {
    getStaticRow: (key, value) => {
        const envRow = templateEnvRow.content.cloneNode(true)
        const isObj = typeof value === 'object' && value !== null
        const values = isObj ? Object.keys(value).map((k) => `${k}: ${value[k]}`) : null

        const valuesElement = htmlToElements(
            values ? `<ul>${values.map((val) => `<li>${val}</li>`).join('')}<ul>` : `<div>${value}</div>`)[0]
        const td = findAll('td', envRow)
        td[0].textContent = key
        td[1].appendChild(valuesElement)

        return envRow
    },
    getResultTBody: ({ testId, id, log, extras, resultsTableRow, tableHtml, result, collapsed }) => {
        const resultBody = templateResult.content.cloneNode(true)
        resultBody.querySelector('tbody').classList.add(result.toLowerCase())
        resultBody.querySelector('tbody').id = testId
        resultBody.querySelector('.collapsible').dataset.id = id

        resultsTableRow.forEach((html) => {
            const t = document.createElement('template')
            t.innerHTML = html
            resultBody.querySelector('.collapsible').appendChild(t.content)
        })

        if (log) {
            // Wrap lines starting with "E" with span.error to color those lines red
            const wrappedLog = log.replace(/^E.*$/gm, (match) => `<span class="error">${match}</span>`)
            resultBody.querySelector('.log').innerHTML = wrappedLog
        } else {
            resultBody.querySelector('.log').remove()
        }

        if (collapsed) {
            resultBody.querySelector('.collapsible > td')?.classList.add('collapsed')
            resultBody.querySelector('.extras-row').classList.add('hidden')
        } else {
            resultBody.querySelector('.collapsible > td')?.classList.remove('collapsed')
        }

        const media = []
        extras?.forEach(({ name, format_type, content }) => {
            if (['image', 'video'].includes(format_type)) {
                media.push({ path: content, name, format_type })
            }

            if (format_type === 'html') {
                resultBody.querySelector('.extraHTML').insertAdjacentHTML('beforeend', `<div>${content}</div>`)
            }
        })
        mediaViewer.setup(resultBody, media)

        // Add custom html from the pytest_html_results_table_html hook
        tableHtml?.forEach((item) => {
            resultBody.querySelector('td[class="extra"]').insertAdjacentHTML('beforeend', item)
        })

        return resultBody
    },
}

module.exports = {
    dom,
    htmlToElements,
    find,
    findAll,
}

},{"./mediaviewer.js":6}],3:[function(require,module,exports){
const { manager } = require('./datamanager.js')
const { doSort } = require('./sort.js')
const storageModule = require('./storage.js')

const getFilteredSubSet = (filter) =>
    manager.allData.tests.filter(({ result }) => filter.includes(result.toLowerCase()))

const doInitFilter = () => {
    const currentFilter = storageModule.getVisible()
    const filteredSubset = getFilteredSubSet(currentFilter)
    manager.setRender(filteredSubset)
}

const doFilter = (type, show) => {
    if (show) {
        storageModule.showCategory(type)
    } else {
        storageModule.hideCategory(type)
    }

    const currentFilter = storageModule.getVisible()
    const filteredSubset = getFilteredSubSet(currentFilter)
    manager.setRender(filteredSubset)

    const sortColumn = storageModule.getSort()
    doSort(sortColumn, true)
}

module.exports = {
    doFilter,
    doInitFilter,
}

},{"./datamanager.js":1,"./sort.js":7,"./storage.js":8}],4:[function(require,module,exports){
const { redraw, bindEvents, renderStatic } = require('./main.js')
const { doInitFilter } = require('./filter.js')
const { doInitSort } = require('./sort.js')
const { manager } = require('./datamanager.js')
const data = JSON.parse(document.getElementById('data-container').dataset.jsonblob)

function init() {
    manager.setManager(data)
    doInitFilter()
    doInitSort()
    renderStatic()
    redraw()
    bindEvents()
}

init()

},{"./datamanager.js":1,"./filter.js":3,"./main.js":5,"./sort.js":7}],5:[function(require,module,exports){
const { dom, find, findAll } = require('./dom.js')
const { manager } = require('./datamanager.js')
const { doSort } = require('./sort.js')
const { doFilter } = require('./filter.js')
const {
    getVisible,
    getCollapsedIds,
    setCollapsedIds,
    getSort,
    getSortDirection,
    possibleFilters,
} = require('./storage.js')

const removeChildren = (node) => {
    while (node.firstChild) {
        node.removeChild(node.firstChild)
    }
}

const renderStatic = () => {
    const renderEnvironmentTable = () => {
        const environment = manager.environment
        const rows = Object.keys(environment).map((key) => dom.getStaticRow(key, environment[key]))
        const table = document.getElementById('environment')
        removeChildren(table)
        rows.forEach((row) => table.appendChild(row))
    }
    renderEnvironmentTable()
}

const addItemToggleListener = (elem) => {
    elem.addEventListener('click', ({ target }) => {
        const id = target.parentElement.dataset.id
        manager.toggleCollapsedItem(id)

        const collapsedIds = getCollapsedIds()
        if (collapsedIds.includes(id)) {
            const updated = collapsedIds.filter((item) => item !== id)
            setCollapsedIds(updated)
        } else {
            collapsedIds.push(id)
            setCollapsedIds(collapsedIds)
        }
        redraw()
    })
}

const renderContent = (tests) => {
    const sortAttr = getSort(manager.initialSort)
    const sortAsc = JSON.parse(getSortDirection())
    const rows = tests.map(dom.getResultTBody)
    const table = document.getElementById('results-table')
    const tableHeader = document.getElementById('results-table-head')

    const newTable = document.createElement('table')
    newTable.id = 'results-table'

    // remove all sorting classes and set the relevant
    findAll('.sortable', tableHeader).forEach((elem) => elem.classList.remove('asc', 'desc'))
    tableHeader.querySelector(`.sortable[data-column-type="${sortAttr}"]`)?.classList.add(sortAsc ? 'desc' : 'asc')
    newTable.appendChild(tableHeader)

    if (!rows.length) {
        const emptyTable = document.getElementById('template_results-table__body--empty').content.cloneNode(true)
        newTable.appendChild(emptyTable)
    } else {
        rows.forEach((row) => {
            if (!!row) {
                findAll('.collapsible td:not(.col-links', row).forEach(addItemToggleListener)
                find('.logexpander', row).addEventListener('click',
                    (evt) => evt.target.parentNode.classList.toggle('expanded'),
                )
                newTable.appendChild(row)
            }
        })
    }

    table.replaceWith(newTable)
}

const renderDerived = () => {
    const currentFilter = getVisible()
    possibleFilters.forEach((result) => {
        const input = document.querySelector(`input[data-test-result="${result}"]`)
        input.checked = currentFilter.includes(result)
    })
}

const bindEvents = () => {
    const filterColumn = (evt) => {
        const { target: element } = evt
        const { testResult } = element.dataset

        doFilter(testResult, element.checked)
        const collapsedIds = getCollapsedIds()
        const updated = manager.renderData.tests.map((test) => {
            return {
                ...test,
                collapsed: collapsedIds.includes(test.id),
            }
        })
        manager.setRender(updated)
        redraw()
    }

    const header = document.getElementById('environment-header')
    header.addEventListener('click', () => {
        const table = document.getElementById('environment')
        table.classList.toggle('hidden')
        header.classList.toggle('collapsed')
    })

    findAll('input[name="filter_checkbox"]').forEach((elem) => {
        elem.addEventListener('click', filterColumn)
    })

    findAll('.sortable').forEach((elem) => {
        elem.addEventListener('click', (evt) => {
            const { target: element } = evt
            const { columnType } = element.dataset
            doSort(columnType)
            redraw()
        })
    })

    document.getElementById('show_all_details').addEventListener('click', () => {
        manager.allCollapsed = false
        setCollapsedIds([])
        redraw()
    })
    document.getElementById('hide_all_details').addEventListener('click', () => {
        manager.allCollapsed = true
        const allIds = manager.renderData.tests.map((test) => test.id)
        setCollapsedIds(allIds)
        redraw()
    })
}

const redraw = () => {
    const { testSubset } = manager

    renderContent(testSubset)
    renderDerived()
}

module.exports = {
    redraw,
    bindEvents,
    renderStatic,
}

},{"./datamanager.js":1,"./dom.js":2,"./filter.js":3,"./sort.js":7,"./storage.js":8}],6:[function(require,module,exports){
class MediaViewer {
    constructor(assets) {
        this.assets = assets
        this.index = 0
    }

    nextActive() {
        this.index = this.index === this.assets.length - 1 ? 0 : this.index + 1
        return [this.activeFile, this.index]
    }

    prevActive() {
        this.index = this.index === 0 ? this.assets.length - 1 : this.index -1
        return [this.activeFile, this.index]
    }

    get currentIndex() {
        return this.index
    }

    get activeFile() {
        return this.assets[this.index]
    }
}


const setup = (resultBody, assets) => {
    if (!assets.length) {
        resultBody.querySelector('.media').classList.add('hidden')
        return
    }

    const mediaViewer = new MediaViewer(assets)
    const container = resultBody.querySelector('.media-container')
    const leftArrow = resultBody.querySelector('.media-container__nav--left')
    const rightArrow = resultBody.querySelector('.media-container__nav--right')
    const mediaName = resultBody.querySelector('.media__name')
    const counter = resultBody.querySelector('.media__counter')
    const imageEl = resultBody.querySelector('img')
    const sourceEl = resultBody.querySelector('source')
    const videoEl = resultBody.querySelector('video')

    const setImg = (media, index) => {
        if (media?.format_type === 'image') {
            imageEl.src = media.path

            imageEl.classList.remove('hidden')
            videoEl.classList.add('hidden')
        } else if (media?.format_type === 'video') {
            sourceEl.src = media.path

            videoEl.classList.remove('hidden')
            imageEl.classList.add('hidden')
        }

        mediaName.innerText = media?.name
        counter.innerText = `${index + 1} / ${assets.length}`
    }
    setImg(mediaViewer.activeFile, mediaViewer.currentIndex)

    const moveLeft = () => {
        const [media, index] = mediaViewer.prevActive()
        setImg(media, index)
    }
    const doRight = () => {
        const [media, index] = mediaViewer.nextActive()
        setImg(media, index)
    }
    const openImg = () => {
        window.open(mediaViewer.activeFile.path, '_blank')
    }
    if (assets.length === 1) {
        container.classList.add('media-container--fullscreen')
    } else {
        leftArrow.addEventListener('click', moveLeft)
        rightArrow.addEventListener('click', doRight)
    }
    imageEl.addEventListener('click', openImg)
}

module.exports = {
    setup,
}

},{}],7:[function(require,module,exports){
const { manager } = require('./datamanager.js')
const storageModule = require('./storage.js')

const genericSort = (list, key, ascending, customOrder) => {
    let sorted
    if (customOrder) {
        sorted = list.sort((a, b) => {
            const aValue = a.result.toLowerCase()
            const bValue = b.result.toLowerCase()

            const aIndex = customOrder.findIndex((item) => item.toLowerCase() === aValue)
            const bIndex = customOrder.findIndex((item) => item.toLowerCase() === bValue)

            // Compare the indices to determine the sort order
            return aIndex - bIndex
        })
    } else {
        sorted = list.sort((a, b) => a[key] === b[key] ? 0 : a[key] > b[key] ? 1 : -1)
    }

    if (ascending) {
        sorted.reverse()
    }
    return sorted
}

const durationSort = (list, ascending) => {
    const parseDuration = (duration) => {
        if (duration.includes(':')) {
            // If it's in the format "HH:mm:ss"
            const [hours, minutes, seconds] = duration.split(':').map(Number)
            return (hours * 3600 + minutes * 60 + seconds) * 1000
        } else {
            // If it's in the format "nnn ms"
            return parseInt(duration)
        }
    }
    const sorted = list.sort((a, b) => parseDuration(a['duration']) - parseDuration(b['duration']))
    if (ascending) {
        sorted.reverse()
    }
    return sorted
}

const doInitSort = () => {
    const type = storageModule.getSort(manager.initialSort)
    const ascending = storageModule.getSortDirection()
    const list = manager.testSubset
    const initialOrder = ['Error', 'Failed', 'Rerun', 'XFailed', 'XPassed', 'Skipped', 'Passed']

    storageModule.setSort(type)
    storageModule.setSortDirection(ascending)

    if (type?.toLowerCase() === 'original') {
        manager.setRender(list)
    } else {
        let sortedList
        switch (type) {
        case 'duration':
            sortedList = durationSort(list, ascending)
            break
        case 'result':
            sortedList = genericSort(list, type, ascending, initialOrder)
            break
        default:
            sortedList = genericSort(list, type, ascending)
            break
        }
        manager.setRender(sortedList)
    }
}

const doSort = (type, skipDirection) => {
    const newSortType = storageModule.getSort(manager.initialSort) !== type
    const currentAsc = storageModule.getSortDirection()
    let ascending
    if (skipDirection) {
        ascending = currentAsc
    } else {
        ascending = newSortType ? false : !currentAsc
    }
    storageModule.setSort(type)
    storageModule.setSortDirection(ascending)

    const list = manager.testSubset
    const sortedList = type === 'duration' ? durationSort(list, ascending) : genericSort(list, type, ascending)
    manager.setRender(sortedList)
}

module.exports = {
    doInitSort,
    doSort,
}

},{"./datamanager.js":1,"./storage.js":8}],8:[function(require,module,exports){
const possibleFilters = [
    'passed',
    'skipped',
    'failed',
    'error',
    'xfailed',
    'xpassed',
    'rerun',
]

const getVisible = () => {
    const url = new URL(window.location.href)
    const settings = new URLSearchParams(url.search).get('visible')
    const lower = (item) => {
        const lowerItem = item.toLowerCase()
        if (possibleFilters.includes(lowerItem)) {
            return lowerItem
        }
        return null
    }
    return settings === null ?
        possibleFilters :
        [...new Set(settings?.split(',').map(lower).filter((item) => item))]
}

const hideCategory = (categoryToHide) => {
    const url = new URL(window.location.href)
    const visibleParams = new URLSearchParams(url.search).get('visible')
    const currentVisible = visibleParams ? visibleParams.split(',') : [...possibleFilters]
    const settings = [...new Set(currentVisible)].filter((f) => f !== categoryToHide).join(',')

    url.searchParams.set('visible', settings)
    window.history.pushState({}, null, unescape(url.href))
}

const showCategory = (categoryToShow) => {
    if (typeof window === 'undefined') {
        return
    }
    const url = new URL(window.location.href)
    const currentVisible = new URLSearchParams(url.search).get('visible')?.split(',').filter(Boolean) ||
        [...possibleFilters]
    const settings = [...new Set([categoryToShow, ...currentVisible])]
    const noFilter = possibleFilters.length === settings.length || !settings.length

    noFilter ? url.searchParams.delete('visible') : url.searchParams.set('visible', settings.join(','))
    window.history.pushState({}, null, unescape(url.href))
}

const getSort = (initialSort) => {
    const url = new URL(window.location.href)
    let sort = new URLSearchParams(url.search).get('sort')
    if (!sort) {
        sort = initialSort || 'result'
    }
    return sort
}

const setSort = (type) => {
    const url = new URL(window.location.href)
    url.searchParams.set('sort', type)
    window.history.pushState({}, null, unescape(url.href))
}

const getCollapsedCategory = (renderCollapsed) => {
    let categories
    if (typeof window !== 'undefined') {
        const url = new URL(window.location.href)
        const collapsedItems = new URLSearchParams(url.search).get('collapsed')
        switch (true) {
        case !renderCollapsed && collapsedItems === null:
            categories = ['passed']
            break
        case collapsedItems?.length === 0 || /^["']{2}$/.test(collapsedItems):
            categories = []
            break
        case /^all$/.test(collapsedItems) || collapsedItems === null && /^all$/.test(renderCollapsed):
            categories = [...possibleFilters]
            break
        default:
            categories = collapsedItems?.split(',').map((item) => item.toLowerCase()) || renderCollapsed
            break
        }
    } else {
        categories = []
    }
    return categories
}

const getSortDirection = () => JSON.parse(sessionStorage.getItem('sortAsc')) || false
const setSortDirection = (ascending) => sessionStorage.setItem('sortAsc', ascending)

const getCollapsedIds = () => JSON.parse(sessionStorage.getItem('collapsedIds')) || []
const setCollapsedIds = (list) => sessionStorage.setItem('collapsedIds', JSON.stringify(list))

module.exports = {
    getVisible,
    hideCategory,
    showCategory,
    getCollapsedIds,
    setCollapsedIds,
    getSort,
    setSort,
    getSortDirection,
    setSortDirection,
    getCollapsedCategory,
    possibleFilters,
}

},{}]},{},[4]);
    </script>
  </footer>
</html>